#
# A fatal error has been detected by the Java Runtime Environment:
#
#  EXCEPTION_ACCESS_VIOLATION (0xc0000005) at pc=0x00007ffbfba13352, pid=14308, tid=1084
#
# JRE version: Java(TM) SE Runtime Environment (21.0.2+13) (build 21.0.2+13-LTS-58)
# Java VM: Java HotSpot(TM) 64-Bit Server VM (21.0.2+13-LTS-58, mixed mode, sharing, tiered, compressed oops, compressed class ptrs, g1 gc, windows-amd64)
# Problematic frame:
# V  [jvm.dll+0x6f3352]
#
# No core dump will be written. Minidumps are not enabled by default on client versions of Windows
#
# If you would like to submit a bug report, please visit:
#   https://bugreport.java.com/bugreport/crash.jsp
#

---------------  S U M M A R Y ------------

Command Line: --enable-native-access=ALL-UNNAMED -Dclassworlds.conf=C:\Program Files\Apache\apache-maven-3.9.11\bin\m2.conf -Dmaven.home=C:\Program Files\Apache\apache-maven-3.9.11 -Dlibrary.jansi.path=C:\Program Files\Apache\apache-maven-3.9.11\lib\jansi-native -Dmaven.multiModuleProjectDirectory=C:\Users\hp\Desktop\DeepEduGraph\backend\tracking-service org.codehaus.plexus.classworlds.launcher.Launcher spring-boot:run

Host: Intel(R) Core(TM) i7-5600U CPU @ 2.60GHz, 4 cores, 7G,  Windows 10 , 64 bit Build 19041 (10.0.19041.5915)
Time: Thu Jan  1 16:43:12 2026 Maroc (heure d64 bit Build 19041 (10.0.19041.5915) elapsed time: 5.156484 seconds (0d 0h 0m 5s)

---------------  T H R E A D  ---------------

Current thread (0x00000214fa76f620):  JavaThread "C2 CompilerThread1" daemon [_thread_in_native, id=1084, stack(0x00000087ffe00000,0x00000087fff00000) (1024K)]


Current CompileTask:
C2:   5156 4369       4       java.lang.invoke.MethodType::makeImpl (109 bytes)

Stack: [0x00000087ffe00000,0x00000087fff00000],  sp=0x00000087ffefc530,  free space=1009k
Native frames: (J=compiled Java code, j=interpreted, Vv=VM code, C=native code)
V  [jvm.dll+0x6f3352]
V  [jvm.dll+0x6f0735]
V  [jvm.dll+0x24aebe]
V  [jvm.dll+0x2490a3]
V  [jvm.dll+0x1c9634]
V  [jvm.dll+0x258859]
V  [jvm.dll+0x256e3a]
V  [jvm.dll+0x3ef6c6]
V  [jvm.dll+0x7ff568]
V  [jvm.dll+0x6c953d]
C  [ucrtbase.dll+0x21bb2]
C  [KERNEL32.DLL+0x17374]
C  [ntdll.dll+0x4cc91]


siginfo: EXCEPTION_ACCESS_VIOLATION (0xc0000005), reading address 0x00000214eb985598


Registers:
RAX=0x00000214eb985570, RBX=0x00000214fb95d058, RCX=0x0000000000000002, RDX=0x0000000000000112
RSP=0x00000087ffefc530, RBP=0x00000087ffefdcd0, RSI=0x00000087ffefdcd0, RDI=0x00000087ffefc6d0
R8 =0x0000000000009ed0, R9 =0x00000214fab3f940, R10=0x0000000000002c26, R11=0x00000214f58df5a0
R12=0x00000214fa4f6840, R13=0x00000214fb95cfd0, R14=0x0000000000000000, R15=0x0000000000000000
RIP=0x00007ffbfba13352, EFLAGS=0x0000000000010283


Register to memory mapping:

RAX=0x00000214eb985570 is an unknown value
RBX=0x00000214fb95d058 points into unknown readable memory: 0x00000087ffefe8c0 | c0 e8 ef ff 87 00 00 00
RCX=0x0000000000000002 is an unknown value
RDX=0x0000000000000112 is an unknown value
RSP=0x00000087ffefc530 is pointing into the stack for thread: 0x00000214fa76f620
RBP=0x00000087ffefdcd0 is pointing into the stack for thread: 0x00000214fa76f620
RSI=0x00000087ffefdcd0 is pointing into the stack for thread: 0x00000214fa76f620
RDI=0x00000087ffefc6d0 is pointing into the stack for thread: 0x00000214fa76f620
R8 =0x0000000000009ed0 is an unknown value
R9 =0x00000214fab3f940 points into unknown readable memory: 0x00000214fbe8e8e8 | e8 e8 e8 fb 14 02 00 00
R10=0x0000000000002c26 is an unknown value
R11=0x00000214f58df5a0 points into unknown readable memory: 0x00007ffbfbc3cda8 | a8 cd c3 fb fb 7f 00 00
R12=0x00000214fa4f6840 points into unknown readable memory: 0x00000214fa76f620 | 20 f6 76 fa 14 02 00 00
R13=0x00000214fb95cfd0 points into unknown readable memory: 0x00000087ffefe8c0 | c0 e8 ef ff 87 00 00 00
R14=0x0 is null
R15=0x0 is null

Top of Stack: (sp=0x00000087ffefc530)
0x00000087ffefc530:   00000214fb95cfd0 00007ffbfba10735
0x00000087ffefc540:   00000087ffefc6a0 0000000000000000
0x00000087ffefc550:   00000214fb95cfd0 0000000000000000
0x00000087ffefc560:   0000000000000200 00000214fb8ade90
0x00000087ffefc570:   0000000000000200 00000214f58a65b0
0x00000087ffefc580:   00000087ffefe910 0000000000000000
0x00000087ffefc590:   00000214fa4f6890 00000214fa4f6840
0x00000087ffefc5a0:   00000214fb95cfd0 0000000000000000
0x00000087ffefc5b0:   00000087ffefc6c0 00007ffbfb56aebe
0x00000087ffefc5c0:   00000087ffefe790 00000087ffefdcd0
0x00000087ffefc5d0:   00000214fb95cfd0 00000087ffefe790
0x00000087ffefc5e0:   00000214804c6000 000002148040de38
0x00000087ffefc5f0:   00000214fa760000 0000000000000000
0x00000087ffefc600:   0000bf00709b14f3 00007ffbfb8f3e00
0x00000087ffefc610:   0000000000000000 00007ffbfbc1b010
0x00000087ffefc620:   0000000000000000 0000000000000000
0x00000087ffefc630:   0000000000000000 00007ffbfbc1b010
0x00000087ffefc640:   00000214fa76f600 00000087ffefc760
0x00000087ffefc650:   00000214f58a65b0 00000214fa4fa210
0x00000087ffefc660:   00000214fa50a220 00000214fa50a220
0x00000087ffefc670:   0000000000040310 00000214f58a65b0
0x00000087ffefc680:   00000214fb8a95c0 00000214fb8add28
0x00000087ffefc690:   00000214fb8b15a8 0000000000020338
0x00000087ffefc6a0:   0000021400000003 00000087ffefe790
0x00000087ffefc6b0:   00000214f58a65b0 0000021400002000
0x00000087ffefc6c0:   00000214fa50c270 00007ffb000018fe
0x00000087ffefc6d0:   0000000000000200 00000214fa68c0b0
0x00000087ffefc6e0:   0000021400000200 00000214f58a65b0
0x00000087ffefc6f0:   0000008700000000 00000214fa76f620
0x00000087ffefc700:   00000087ffeff550 00007ffbfb51d837
0x00000087ffefc710:   00000214fa39e758 00007ffbfbb31cfa
0x00000087ffefc720:   00000214fa3baa00 00000214fa39e758 

Instructions: (pc=0x00007ffbfba13352)
0x00007ffbfba13252:   08 72 0a 48 8d 41 08 49 89 41 18 eb 12 45 33 c0
0x00007ffbfba13262:   49 8b c9 41 8d 50 08 e8 02 11 9d ff 48 8b c8 48
0x00007ffbfba13272:   89 4e 10 4c 89 29 44 8b 7e 08 8d 53 01 85 d2 74
0x00007ffbfba13282:   04 85 d3 74 0c 0f bd ca ba 01 00 00 00 ff c1 d3
0x00007ffbfba13292:   e2 48 8b 0e 4a 8d 3c fd 00 00 00 00 44 8b ca 4c
0x00007ffbfba132a2:   8b c7 89 56 08 48 8b 56 10 49 c1 e1 03 44 89 6c
0x00007ffbfba132b2:   24 20 e8 d7 0c 9d ff 44 8b 46 08 33 d2 45 2b c7
0x00007ffbfba132c2:   48 89 46 10 49 c1 e0 03 48 8d 0c 07 e8 9f 49 20
0x00007ffbfba132d2:   00 48 8b 46 10 4d 89 24 06 48 8b 55 28 ff c3 3b
0x00007ffbfba132e2:   5a 08 0f 82 16 ff ff ff 4c 8b 7c 24 30 4c 8b 74
0x00007ffbfba132f2:   24 38 4c 8b 64 24 70 48 8b 7c 24 68 48 8b 74 24
0x00007ffbfba13302:   60 48 83 c4 40 41 5d 5d 5b c3 cc cc cc cc 48 89
0x00007ffbfba13312:   5c 24 08 48 89 74 24 10 57 48 8b 59 20 48 8b fa
0x00007ffbfba13322:   48 8b f1 8b 43 08 4c 8b 5b 20 85 c0 74 4d 45 33
0x00007ffbfba13332:   c0 44 8b d0 66 66 0f 1f 84 00 00 00 00 00 4c 8b
0x00007ffbfba13342:   4b 18 4b 8b 04 01 48 85 c0 74 26 49 3b c3 74 21
0x00007ffbfba13352:   8b 48 28 8b c1 c1 e8 05 3b 07 73 11 8b d0 83 e1
0x00007ffbfba13362:   1f 48 8b 47 08 8b 04 90 0f a3 c8 72 04 4f 89 1c
0x00007ffbfba13372:   01 49 83 c0 08 49 83 ea 01 75 c3 48 8d 4e 30 33
0x00007ffbfba13382:   d2 41 b8 30 09 00 00 48 8b 5c 24 10 48 8b 74 24
0x00007ffbfba13392:   18 5f e9 d9 48 20 00 cc cc cc cc cc cc cc 40 53
0x00007ffbfba133a2:   41 54 41 55 48 83 ec 40 4c 8b e9 48 8b da 48 8b
0x00007ffbfba133b2:   49 10 48 89 4c 24 70 45 8b 65 20 49 ff cc 4e 8d
0x00007ffbfba133c2:   24 e1 4c 89 64 24 60 4c 3b e1 0f 82 ea 01 00 00
0x00007ffbfba133d2:   44 8b 05 cf 92 57 00 65 48 8b 04 25 58 00 00 00
0x00007ffbfba133e2:   48 89 6c 24 68 48 89 74 24 38 48 89 7c 24 30 4c
0x00007ffbfba133f2:   89 74 24 28 4c 89 7c 24 20 4e 8d 3c c0 90 49 8b
0x00007ffbfba13402:   3c 24 45 33 f6 33 ed 44 8b 47 1c 45 85 c0 0f 84
0x00007ffbfba13412:   75 01 00 00 41 bc 70 00 00 00 0f 1f 40 00 4c 8b
0x00007ffbfba13422:   57 08 48 8d 34 ed 00 00 00 00 4e 8b 0c 16 4e 8d
0x00007ffbfba13432:   1c 16 4d 3b cd 0f 85 35 01 00 00 8b 47 18 3b e8
0x00007ffbfba13442:   73 78 4d 85 c9 74 2e 49 8b 49 10 48 85 c9 74 25 


Stack slot to memory mapping:

stack at sp + 0 slots: 0x00000214fb95cfd0 points into unknown readable memory: 0x00000087ffefe8c0 | c0 e8 ef ff 87 00 00 00
stack at sp + 1 slots: 0x00007ffbfba10735 jvm.dll
stack at sp + 2 slots: 0x00000087ffefc6a0 is pointing into the stack for thread: 0x00000214fa76f620
stack at sp + 3 slots: 0x0 is null
stack at sp + 4 slots: 0x00000214fb95cfd0 points into unknown readable memory: 0x00000087ffefe8c0 | c0 e8 ef ff 87 00 00 00
stack at sp + 5 slots: 0x0 is null
stack at sp + 6 slots: 0x0000000000000200 is an unknown value
stack at sp + 7 slots: 0x00000214fb8ade90 points into unknown readable memory: 0xdfa7a7e7e70b9feb | eb 9f 0b e7 e7 a7 a7 df


---------------  P R O C E S S  ---------------

Threads class SMR info:
_java_thread_list=0x00000214fab2c760, length=13, elements={
0x00000214d73529e0, 0x00000214f5585130, 0x00000214f5585e50, 0x00000214f558ca50,
0x00000214f558d810, 0x00000214f558e270, 0x00000214f558ecd0, 0x00000214f55a44f0,
0x00000214f5598bb0, 0x00000214f589f820, 0x00000214f58a3ca0, 0x00000214fa76f620,
0x00000214fad535f0
}

Java Threads: ( => current thread )
  0x00000214d73529e0 JavaThread "main"                              [_thread_in_Java, id=15180, stack(0x00000087fe900000,0x00000087fea00000) (1024K)]
  0x00000214f5585130 JavaThread "Reference Handler"          daemon [_thread_blocked, id=5376, stack(0x00000087ff100000,0x00000087ff200000) (1024K)]
  0x00000214f5585e50 JavaThread "Finalizer"                  daemon [_thread_blocked, id=13708, stack(0x00000087ff200000,0x00000087ff300000) (1024K)]
  0x00000214f558ca50 JavaThread "Signal Dispatcher"          daemon [_thread_blocked, id=6120, stack(0x00000087ff300000,0x00000087ff400000) (1024K)]
  0x00000214f558d810 JavaThread "Attach Listener"            daemon [_thread_blocked, id=8792, stack(0x00000087ff400000,0x00000087ff500000) (1024K)]
  0x00000214f558e270 JavaThread "Service Thread"             daemon [_thread_blocked, id=4724, stack(0x00000087ff500000,0x00000087ff600000) (1024K)]
  0x00000214f558ecd0 JavaThread "Monitor Deflation Thread"   daemon [_thread_blocked, id=14580, stack(0x00000087ff600000,0x00000087ff700000) (1024K)]
  0x00000214f55a44f0 JavaThread "C2 CompilerThread0"         daemon [_thread_in_native, id=10400, stack(0x00000087ff700000,0x00000087ff800000) (1024K)]
  0x00000214f5598bb0 JavaThread "C1 CompilerThread0"         daemon [_thread_in_vm, id=10236, stack(0x00000087ff800000,0x00000087ff900000) (1024K)]
  0x00000214f589f820 JavaThread "Notification Thread"        daemon [_thread_blocked, id=4620, stack(0x00000087ff900000,0x00000087ffa00000) (1024K)]
  0x00000214f58a3ca0 JavaThread "Common-Cleaner"             daemon [_thread_blocked, id=13328, stack(0x00000087ffa00000,0x00000087ffb00000) (1024K)]
=>0x00000214fa76f620 JavaThread "C2 CompilerThread1"         daemon [_thread_in_native, id=1084, stack(0x00000087ffe00000,0x00000087fff00000) (1024K)]
  0x00000214fad535f0 JavaThread "Thread-1"                   daemon [_thread_blocked, id=13840, stack(0x00000087fff00000,0x0000008800000000) (1024K)]
Total: 13

Other Threads:
  0x00000214f5567a90 VMThread "VM Thread"                           [id=2328, stack(0x00000087ff000000,0x00000087ff100000) (1024K)]
  0x00000214f554ef00 WatcherThread "VM Periodic Task Thread"        [id=15164, stack(0x00000087fef00000,0x00000087ff000000) (1024K)]
  0x00000214d95170a0 WorkerThread "GC Thread#0"                     [id=9744, stack(0x00000087fea00000,0x00000087feb00000) (1024K)]
  0x00000214fa3e6ed0 WorkerThread "GC Thread#1"                     [id=10164, stack(0x00000087ffb00000,0x00000087ffc00000) (1024K)]
  0x00000214fa3e7270 WorkerThread "GC Thread#2"                     [id=8804, stack(0x00000087ffc00000,0x00000087ffd00000) (1024K)]
  0x00000214fa444d60 WorkerThread "GC Thread#3"                     [id=4600, stack(0x00000087ffd00000,0x00000087ffe00000) (1024K)]
  0x00000214d9527d70 ConcurrentGCThread "G1 Main Marker"            [id=4376, stack(0x00000087feb00000,0x00000087fec00000) (1024K)]
  0x00000214d9528f10 WorkerThread "G1 Conc#0"                       [id=5224, stack(0x00000087fec00000,0x00000087fed00000) (1024K)]
  0x00000214f54110b0 ConcurrentGCThread "G1 Refine#0"               [id=13516, stack(0x00000087fed00000,0x00000087fee00000) (1024K)]
  0x00000214f5412b30 ConcurrentGCThread "G1 Service"                [id=10972, stack(0x00000087fee00000,0x00000087fef00000) (1024K)]
Total: 10

Threads with active compile tasks:
C2 CompilerThread0     5238 4410   !   4       org.apache.maven.model.Plugin::clone (204 bytes)
C2 CompilerThread1     5239 4369       4       java.lang.invoke.MethodType::makeImpl (109 bytes)
Total: 2

VM state: not at safepoint (normal execution)

VM Mutex/Monitor currently owned by a thread: None

Heap address: 0x0000000081e00000, size: 2018 MB, Compressed Oops mode: 32-bit

CDS archive(s) mapped at: [0x0000021480000000-0x0000021480c90000-0x0000021480c90000), size 13172736, SharedBaseAddress: 0x0000021480000000, ArchiveRelocationMode: 1.
Compressed class space mapped at: 0x0000021481000000-0x00000214c1000000, reserved size: 1073741824
Narrow klass base: 0x0000021480000000, Narrow klass shift: 0, Narrow klass range: 0x100000000

GC Precious Log:
 CardTable entry size: 512
 Card Set container configuration: InlinePtr #cards 5 size 8 Array Of Cards #cards 12 size 40 Howl #buckets 4 coarsen threshold 1843 Howl Bitmap #cards 512 size 80 coarsen threshold 460 Card regions per heap region 1 cards per card region 2048
 CPUs: 4 total, 4 available
 Memory: 8067M
 Large Page Support: Disabled
 NUMA Support: Disabled
 Compressed Oops: Enabled (32-bit)
 Heap Region Size: 1M
 Heap Min Capacity: 8M
 Heap Initial Capacity: 128M
 Heap Max Capacity: 2018M
 Pre-touch: Disabled
 Parallel Workers: 4
 Concurrent Workers: 1
 Concurrent Refinement Workers: 4
 Periodic GC: Disabled

Heap:
 garbage-first heap   total 131072K, used 65083K [0x0000000081e00000, 0x0000000100000000)
  region size 1024K, 62 young (63488K), 9 survivors (9216K)
 Metaspace       used 16463K, committed 16704K, reserved 1114112K
  class space    used 1889K, committed 1984K, reserved 1048576K

Heap Regions: E=young(eden), S=young(survivor), O=old, HS=humongous(starts), HC=humongous(continues), CS=collection set, F=free, TAMS=top-at-mark-start, PB=parsable bottom
|   0|0x0000000081e00000, 0x0000000081f00000, 0x0000000081f00000|100%| O|  |TAMS 0x0000000081e00000| PB 0x0000000081e00000| Untracked 
|   1|0x0000000081f00000, 0x0000000082000000, 0x0000000082000000|100%| O|  |TAMS 0x0000000081f00000| PB 0x0000000081f00000| Untracked 
|   2|0x0000000082000000, 0x0000000082100000, 0x0000000082100000|100%| O|  |TAMS 0x0000000082000000| PB 0x0000000082000000| Untracked 
|   3|0x0000000082100000, 0x0000000082159d08, 0x0000000082200000| 35%| O|  |TAMS 0x0000000082100000| PB 0x0000000082100000| Untracked 
|   4|0x0000000082200000, 0x0000000082200000, 0x0000000082300000|  0%| F|  |TAMS 0x0000000082200000| PB 0x0000000082200000| Untracked 
|   5|0x0000000082300000, 0x0000000082300000, 0x0000000082400000|  0%| F|  |TAMS 0x0000000082300000| PB 0x0000000082300000| Untracked 
|   6|0x0000000082400000, 0x0000000082400000, 0x0000000082500000|  0%| F|  |TAMS 0x0000000082400000| PB 0x0000000082400000| Untracked 
|   7|0x0000000082500000, 0x0000000082500000, 0x0000000082600000|  0%| F|  |TAMS 0x0000000082500000| PB 0x0000000082500000| Untracked 
|   8|0x0000000082600000, 0x0000000082600000, 0x0000000082700000|  0%| F|  |TAMS 0x0000000082600000| PB 0x0000000082600000| Untracked 
|   9|0x0000000082700000, 0x0000000082700000, 0x0000000082800000|  0%| F|  |TAMS 0x0000000082700000| PB 0x0000000082700000| Untracked 
|  10|0x0000000082800000, 0x0000000082800000, 0x0000000082900000|  0%| F|  |TAMS 0x0000000082800000| PB 0x0000000082800000| Untracked 
|  11|0x0000000082900000, 0x0000000082900000, 0x0000000082a00000|  0%| F|  |TAMS 0x0000000082900000| PB 0x0000000082900000| Untracked 
|  12|0x0000000082a00000, 0x0000000082a00000, 0x0000000082b00000|  0%| F|  |TAMS 0x0000000082a00000| PB 0x0000000082a00000| Untracked 
|  13|0x0000000082b00000, 0x0000000082b00000, 0x0000000082c00000|  0%| F|  |TAMS 0x0000000082b00000| PB 0x0000000082b00000| Untracked 
|  14|0x0000000082c00000, 0x0000000082c00000, 0x0000000082d00000|  0%| F|  |TAMS 0x0000000082c00000| PB 0x0000000082c00000| Untracked 
|  15|0x0000000082d00000, 0x0000000082d00000, 0x0000000082e00000|  0%| F|  |TAMS 0x0000000082d00000| PB 0x0000000082d00000| Untracked 
|  16|0x0000000082e00000, 0x0000000082e00000, 0x0000000082f00000|  0%| F|  |TAMS 0x0000000082e00000| PB 0x0000000082e00000| Untracked 
|  17|0x0000000082f00000, 0x0000000082f00000, 0x0000000083000000|  0%| F|  |TAMS 0x0000000082f00000| PB 0x0000000082f00000| Untracked 
|  18|0x0000000083000000, 0x0000000083000000, 0x0000000083100000|  0%| F|  |TAMS 0x0000000083000000| PB 0x0000000083000000| Untracked 
|  19|0x0000000083100000, 0x0000000083100000, 0x0000000083200000|  0%| F|  |TAMS 0x0000000083100000| PB 0x0000000083100000| Untracked 
|  20|0x0000000083200000, 0x0000000083200000, 0x0000000083300000|  0%| F|  |TAMS 0x0000000083200000| PB 0x0000000083200000| Untracked 
|  21|0x0000000083300000, 0x0000000083300000, 0x0000000083400000|  0%| F|  |TAMS 0x0000000083300000| PB 0x0000000083300000| Untracked 
|  22|0x0000000083400000, 0x0000000083400000, 0x0000000083500000|  0%| F|  |TAMS 0x0000000083400000| PB 0x0000000083400000| Untracked 
|  23|0x0000000083500000, 0x0000000083500000, 0x0000000083600000|  0%| F|  |TAMS 0x0000000083500000| PB 0x0000000083500000| Untracked 
|  24|0x0000000083600000, 0x0000000083600000, 0x0000000083700000|  0%| F|  |TAMS 0x0000000083600000| PB 0x0000000083600000| Untracked 
|  25|0x0000000083700000, 0x0000000083700000, 0x0000000083800000|  0%| F|  |TAMS 0x0000000083700000| PB 0x0000000083700000| Untracked 
|  26|0x0000000083800000, 0x0000000083800000, 0x0000000083900000|  0%| F|  |TAMS 0x0000000083800000| PB 0x0000000083800000| Untracked 
|  27|0x0000000083900000, 0x0000000083900000, 0x0000000083a00000|  0%| F|  |TAMS 0x0000000083900000| PB 0x0000000083900000| Untracked 
|  28|0x0000000083a00000, 0x0000000083a00000, 0x0000000083b00000|  0%| F|  |TAMS 0x0000000083a00000| PB 0x0000000083a00000| Untracked 
|  29|0x0000000083b00000, 0x0000000083b00000, 0x0000000083c00000|  0%| F|  |TAMS 0x0000000083b00000| PB 0x0000000083b00000| Untracked 
|  30|0x0000000083c00000, 0x0000000083c00000, 0x0000000083d00000|  0%| F|  |TAMS 0x0000000083c00000| PB 0x0000000083c00000| Untracked 
|  31|0x0000000083d00000, 0x0000000083d00000, 0x0000000083e00000|  0%| F|  |TAMS 0x0000000083d00000| PB 0x0000000083d00000| Untracked 
|  32|0x0000000083e00000, 0x0000000083e00000, 0x0000000083f00000|  0%| F|  |TAMS 0x0000000083e00000| PB 0x0000000083e00000| Untracked 
|  33|0x0000000083f00000, 0x0000000083f00000, 0x0000000084000000|  0%| F|  |TAMS 0x0000000083f00000| PB 0x0000000083f00000| Untracked 
|  34|0x0000000084000000, 0x0000000084000000, 0x0000000084100000|  0%| F|  |TAMS 0x0000000084000000| PB 0x0000000084000000| Untracked 
|  35|0x0000000084100000, 0x0000000084100000, 0x0000000084200000|  0%| F|  |TAMS 0x0000000084100000| PB 0x0000000084100000| Untracked 
|  36|0x0000000084200000, 0x0000000084200000, 0x0000000084300000|  0%| F|  |TAMS 0x0000000084200000| PB 0x0000000084200000| Untracked 
|  37|0x0000000084300000, 0x0000000084300000, 0x0000000084400000|  0%| F|  |TAMS 0x0000000084300000| PB 0x0000000084300000| Untracked 
|  38|0x0000000084400000, 0x0000000084400000, 0x0000000084500000|  0%| F|  |TAMS 0x0000000084400000| PB 0x0000000084400000| Untracked 
|  39|0x0000000084500000, 0x0000000084500000, 0x0000000084600000|  0%| F|  |TAMS 0x0000000084500000| PB 0x0000000084500000| Untracked 
|  40|0x0000000084600000, 0x0000000084600000, 0x0000000084700000|  0%| F|  |TAMS 0x0000000084600000| PB 0x0000000084600000| Untracked 
|  41|0x0000000084700000, 0x0000000084700000, 0x0000000084800000|  0%| F|  |TAMS 0x0000000084700000| PB 0x0000000084700000| Untracked 
|  42|0x0000000084800000, 0x0000000084800000, 0x0000000084900000|  0%| F|  |TAMS 0x0000000084800000| PB 0x0000000084800000| Untracked 
|  43|0x0000000084900000, 0x0000000084934f20, 0x0000000084a00000| 20%| S|CS|TAMS 0x0000000084900000| PB 0x0000000084900000| Complete 
|  44|0x0000000084a00000, 0x0000000084b00000, 0x0000000084b00000|100%| S|CS|TAMS 0x0000000084a00000| PB 0x0000000084a00000| Complete 
|  45|0x0000000084b00000, 0x0000000084c00000, 0x0000000084c00000|100%| S|CS|TAMS 0x0000000084b00000| PB 0x0000000084b00000| Complete 
|  46|0x0000000084c00000, 0x0000000084d00000, 0x0000000084d00000|100%| S|CS|TAMS 0x0000000084c00000| PB 0x0000000084c00000| Complete 
|  47|0x0000000084d00000, 0x0000000084e00000, 0x0000000084e00000|100%| S|CS|TAMS 0x0000000084d00000| PB 0x0000000084d00000| Complete 
|  48|0x0000000084e00000, 0x0000000084f00000, 0x0000000084f00000|100%| S|CS|TAMS 0x0000000084e00000| PB 0x0000000084e00000| Complete 
|  49|0x0000000084f00000, 0x0000000085000000, 0x0000000085000000|100%| S|CS|TAMS 0x0000000084f00000| PB 0x0000000084f00000| Complete 
|  50|0x0000000085000000, 0x0000000085100000, 0x0000000085100000|100%| S|CS|TAMS 0x0000000085000000| PB 0x0000000085000000| Complete 
|  51|0x0000000085100000, 0x0000000085200000, 0x0000000085200000|100%| S|CS|TAMS 0x0000000085100000| PB 0x0000000085100000| Complete 
|  52|0x0000000085200000, 0x0000000085200000, 0x0000000085300000|  0%| F|  |TAMS 0x0000000085200000| PB 0x0000000085200000| Untracked 
|  53|0x0000000085300000, 0x0000000085300000, 0x0000000085400000|  0%| F|  |TAMS 0x0000000085300000| PB 0x0000000085300000| Untracked 
|  54|0x0000000085400000, 0x0000000085400000, 0x0000000085500000|  0%| F|  |TAMS 0x0000000085400000| PB 0x0000000085400000| Untracked 
|  55|0x0000000085500000, 0x0000000085500000, 0x0000000085600000|  0%| F|  |TAMS 0x0000000085500000| PB 0x0000000085500000| Untracked 
|  56|0x0000000085600000, 0x0000000085600000, 0x0000000085700000|  0%| F|  |TAMS 0x0000000085600000| PB 0x0000000085600000| Untracked 
|  57|0x0000000085700000, 0x0000000085700000, 0x0000000085800000|  0%| F|  |TAMS 0x0000000085700000| PB 0x0000000085700000| Untracked 
|  58|0x0000000085800000, 0x0000000085800000, 0x0000000085900000|  0%| F|  |TAMS 0x0000000085800000| PB 0x0000000085800000| Untracked 
|  59|0x0000000085900000, 0x0000000085900000, 0x0000000085a00000|  0%| F|  |TAMS 0x0000000085900000| PB 0x0000000085900000| Untracked 
|  60|0x0000000085a00000, 0x0000000085a00000, 0x0000000085b00000|  0%| F|  |TAMS 0x0000000085a00000| PB 0x0000000085a00000| Untracked 
|  61|0x0000000085b00000, 0x0000000085b00000, 0x0000000085c00000|  0%| F|  |TAMS 0x0000000085b00000| PB 0x0000000085b00000| Untracked 
|  62|0x0000000085c00000, 0x0000000085c00000, 0x0000000085d00000|  0%| F|  |TAMS 0x0000000085c00000| PB 0x0000000085c00000| Untracked 
|  63|0x0000000085d00000, 0x0000000085d00000, 0x0000000085e00000|  0%| F|  |TAMS 0x0000000085d00000| PB 0x0000000085d00000| Untracked 
|  64|0x0000000085e00000, 0x0000000085e00000, 0x0000000085f00000|  0%| F|  |TAMS 0x0000000085e00000| PB 0x0000000085e00000| Untracked 
|  65|0x0000000085f00000, 0x0000000085f00000, 0x0000000086000000|  0%| F|  |TAMS 0x0000000085f00000| PB 0x0000000085f00000| Untracked 
|  66|0x0000000086000000, 0x0000000086000000, 0x0000000086100000|  0%| F|  |TAMS 0x0000000086000000| PB 0x0000000086000000| Untracked 
|  67|0x0000000086100000, 0x0000000086100000, 0x0000000086200000|  0%| F|  |TAMS 0x0000000086100000| PB 0x0000000086100000| Untracked 
|  68|0x0000000086200000, 0x0000000086200000, 0x0000000086300000|  0%| F|  |TAMS 0x0000000086200000| PB 0x0000000086200000| Untracked 
|  69|0x0000000086300000, 0x0000000086300000, 0x0000000086400000|  0%| F|  |TAMS 0x0000000086300000| PB 0x0000000086300000| Untracked 
|  70|0x0000000086400000, 0x0000000086400000, 0x0000000086500000|  0%| F|  |TAMS 0x0000000086400000| PB 0x0000000086400000| Untracked 
|  71|0x0000000086500000, 0x0000000086500000, 0x0000000086600000|  0%| F|  |TAMS 0x0000000086500000| PB 0x0000000086500000| Untracked 
|  72|0x0000000086600000, 0x0000000086600000, 0x0000000086700000|  0%| F|  |TAMS 0x0000000086600000| PB 0x0000000086600000| Untracked 
|  73|0x0000000086700000, 0x0000000086700000, 0x0000000086800000|  0%| F|  |TAMS 0x0000000086700000| PB 0x0000000086700000| Untracked 
|  74|0x0000000086800000, 0x0000000086800000, 0x0000000086900000|  0%| F|  |TAMS 0x0000000086800000| PB 0x0000000086800000| Untracked 
|  75|0x0000000086900000, 0x0000000086982010, 0x0000000086a00000| 50%| E|  |TAMS 0x0000000086900000| PB 0x0000000086900000| Complete 
|  76|0x0000000086a00000, 0x0000000086b00000, 0x0000000086b00000|100%| E|CS|TAMS 0x0000000086a00000| PB 0x0000000086a00000| Complete 
|  77|0x0000000086b00000, 0x0000000086c00000, 0x0000000086c00000|100%| E|CS|TAMS 0x0000000086b00000| PB 0x0000000086b00000| Complete 
|  78|0x0000000086c00000, 0x0000000086d00000, 0x0000000086d00000|100%| E|CS|TAMS 0x0000000086c00000| PB 0x0000000086c00000| Complete 
|  79|0x0000000086d00000, 0x0000000086e00000, 0x0000000086e00000|100%| E|CS|TAMS 0x0000000086d00000| PB 0x0000000086d00000| Complete 
|  80|0x0000000086e00000, 0x0000000086f00000, 0x0000000086f00000|100%| E|CS|TAMS 0x0000000086e00000| PB 0x0000000086e00000| Complete 
|  81|0x0000000086f00000, 0x0000000087000000, 0x0000000087000000|100%| E|CS|TAMS 0x0000000086f00000| PB 0x0000000086f00000| Complete 
|  82|0x0000000087000000, 0x0000000087100000, 0x0000000087100000|100%| E|CS|TAMS 0x0000000087000000| PB 0x0000000087000000| Complete 
|  83|0x0000000087100000, 0x0000000087200000, 0x0000000087200000|100%| E|CS|TAMS 0x0000000087100000| PB 0x0000000087100000| Complete 
|  84|0x0000000087200000, 0x0000000087300000, 0x0000000087300000|100%| E|CS|TAMS 0x0000000087200000| PB 0x0000000087200000| Complete 
|  85|0x0000000087300000, 0x0000000087400000, 0x0000000087400000|100%| E|CS|TAMS 0x0000000087300000| PB 0x0000000087300000| Complete 
|  86|0x0000000087400000, 0x0000000087500000, 0x0000000087500000|100%| E|CS|TAMS 0x0000000087400000| PB 0x0000000087400000| Complete 
|  87|0x0000000087500000, 0x0000000087600000, 0x0000000087600000|100%| E|CS|TAMS 0x0000000087500000| PB 0x0000000087500000| Complete 
|  88|0x0000000087600000, 0x0000000087700000, 0x0000000087700000|100%| E|CS|TAMS 0x0000000087600000| PB 0x0000000087600000| Complete 
|  89|0x0000000087700000, 0x0000000087800000, 0x0000000087800000|100%| E|CS|TAMS 0x0000000087700000| PB 0x0000000087700000| Complete 
|  90|0x0000000087800000, 0x0000000087900000, 0x0000000087900000|100%| E|CS|TAMS 0x0000000087800000| PB 0x0000000087800000| Complete 
|  91|0x0000000087900000, 0x0000000087a00000, 0x0000000087a00000|100%| E|CS|TAMS 0x0000000087900000| PB 0x0000000087900000| Complete 
|  92|0x0000000087a00000, 0x0000000087b00000, 0x0000000087b00000|100%| E|CS|TAMS 0x0000000087a00000| PB 0x0000000087a00000| Complete 
|  93|0x0000000087b00000, 0x0000000087c00000, 0x0000000087c00000|100%| E|CS|TAMS 0x0000000087b00000| PB 0x0000000087b00000| Complete 
|  94|0x0000000087c00000, 0x0000000087d00000, 0x0000000087d00000|100%| E|CS|TAMS 0x0000000087c00000| PB 0x0000000087c00000| Complete 
|  95|0x0000000087d00000, 0x0000000087e00000, 0x0000000087e00000|100%| E|CS|TAMS 0x0000000087d00000| PB 0x0000000087d00000| Complete 
|  96|0x0000000087e00000, 0x0000000087f00000, 0x0000000087f00000|100%| E|CS|TAMS 0x0000000087e00000| PB 0x0000000087e00000| Complete 
|  97|0x0000000087f00000, 0x0000000088000000, 0x0000000088000000|100%| E|CS|TAMS 0x0000000087f00000| PB 0x0000000087f00000| Complete 
|  98|0x0000000088000000, 0x0000000088100000, 0x0000000088100000|100%| E|CS|TAMS 0x0000000088000000| PB 0x0000000088000000| Complete 
|  99|0x0000000088100000, 0x0000000088200000, 0x0000000088200000|100%| E|CS|TAMS 0x0000000088100000| PB 0x0000000088100000| Complete 
| 100|0x0000000088200000, 0x0000000088300000, 0x0000000088300000|100%| E|CS|TAMS 0x0000000088200000| PB 0x0000000088200000| Complete 
| 101|0x0000000088300000, 0x0000000088400000, 0x0000000088400000|100%| E|CS|TAMS 0x0000000088300000| PB 0x0000000088300000| Complete 
| 102|0x0000000088400000, 0x0000000088500000, 0x0000000088500000|100%| E|CS|TAMS 0x0000000088400000| PB 0x0000000088400000| Complete 
| 103|0x0000000088500000, 0x0000000088600000, 0x0000000088600000|100%| E|CS|TAMS 0x0000000088500000| PB 0x0000000088500000| Complete 
| 104|0x0000000088600000, 0x0000000088700000, 0x0000000088700000|100%| E|CS|TAMS 0x0000000088600000| PB 0x0000000088600000| Complete 
| 105|0x0000000088700000, 0x0000000088800000, 0x0000000088800000|100%| E|CS|TAMS 0x0000000088700000| PB 0x0000000088700000| Complete 
| 106|0x0000000088800000, 0x0000000088900000, 0x0000000088900000|100%| E|CS|TAMS 0x0000000088800000| PB 0x0000000088800000| Complete 
| 107|0x0000000088900000, 0x0000000088a00000, 0x0000000088a00000|100%| E|CS|TAMS 0x0000000088900000| PB 0x0000000088900000| Complete 
| 108|0x0000000088a00000, 0x0000000088b00000, 0x0000000088b00000|100%| E|CS|TAMS 0x0000000088a00000| PB 0x0000000088a00000| Complete 
| 109|0x0000000088b00000, 0x0000000088c00000, 0x0000000088c00000|100%| E|CS|TAMS 0x0000000088b00000| PB 0x0000000088b00000| Complete 
| 110|0x0000000088c00000, 0x0000000088d00000, 0x0000000088d00000|100%| E|CS|TAMS 0x0000000088c00000| PB 0x0000000088c00000| Complete 
| 111|0x0000000088d00000, 0x0000000088e00000, 0x0000000088e00000|100%| E|CS|TAMS 0x0000000088d00000| PB 0x0000000088d00000| Complete 
| 112|0x0000000088e00000, 0x0000000088f00000, 0x0000000088f00000|100%| E|CS|TAMS 0x0000000088e00000| PB 0x0000000088e00000| Complete 
| 113|0x0000000088f00000, 0x0000000089000000, 0x0000000089000000|100%| E|CS|TAMS 0x0000000088f00000| PB 0x0000000088f00000| Complete 
| 114|0x0000000089000000, 0x0000000089100000, 0x0000000089100000|100%| E|CS|TAMS 0x0000000089000000| PB 0x0000000089000000| Complete 
| 115|0x0000000089100000, 0x0000000089200000, 0x0000000089200000|100%| E|CS|TAMS 0x0000000089100000| PB 0x0000000089100000| Complete 
| 116|0x0000000089200000, 0x0000000089300000, 0x0000000089300000|100%| E|CS|TAMS 0x0000000089200000| PB 0x0000000089200000| Complete 
| 117|0x0000000089300000, 0x0000000089400000, 0x0000000089400000|100%| E|CS|TAMS 0x0000000089300000| PB 0x0000000089300000| Complete 
| 118|0x0000000089400000, 0x0000000089500000, 0x0000000089500000|100%| E|CS|TAMS 0x0000000089400000| PB 0x0000000089400000| Complete 
| 119|0x0000000089500000, 0x0000000089600000, 0x0000000089600000|100%| E|CS|TAMS 0x0000000089500000| PB 0x0000000089500000| Complete 
| 120|0x0000000089600000, 0x0000000089700000, 0x0000000089700000|100%| E|CS|TAMS 0x0000000089600000| PB 0x0000000089600000| Complete 
| 121|0x0000000089700000, 0x0000000089800000, 0x0000000089800000|100%| E|CS|TAMS 0x0000000089700000| PB 0x0000000089700000| Complete 
| 122|0x0000000089800000, 0x0000000089900000, 0x0000000089900000|100%| E|CS|TAMS 0x0000000089800000| PB 0x0000000089800000| Complete 
| 123|0x0000000089900000, 0x0000000089a00000, 0x0000000089a00000|100%| E|CS|TAMS 0x0000000089900000| PB 0x0000000089900000| Complete 
| 124|0x0000000089a00000, 0x0000000089b00000, 0x0000000089b00000|100%| E|CS|TAMS 0x0000000089a00000| PB 0x0000000089a00000| Complete 
| 125|0x0000000089b00000, 0x0000000089c00000, 0x0000000089c00000|100%| E|CS|TAMS 0x0000000089b00000| PB 0x0000000089b00000| Complete 
| 126|0x0000000089c00000, 0x0000000089d00000, 0x0000000089d00000|100%| E|CS|TAMS 0x0000000089c00000| PB 0x0000000089c00000| Complete 
| 127|0x0000000089d00000, 0x0000000089e00000, 0x0000000089e00000|100%| E|CS|TAMS 0x0000000089d00000| PB 0x0000000089d00000| Complete 

Card table byte_map: [0x00000214f0d30000,0x00000214f1130000] _byte_map_base: 0x00000214f0921000

Marking Bits: (CMBitMap*) 0x00000214d95176a0
 Bits: [0x00000214f1130000, 0x00000214f30b8000)

Polling page: 0x00000214d8c90000

Metaspace:

Usage:
  Non-class:     14.23 MB used.
      Class:      1.85 MB used.
       Both:     16.08 MB used.

Virtual space:
  Non-class space:       64.00 MB reserved,      14.38 MB ( 22%) committed,  1 nodes.
      Class space:        1.00 GB reserved,       1.94 MB ( <1%) committed,  1 nodes.
             Both:        1.06 GB reserved,      16.31 MB (  1%) committed. 

Chunk freelists:
   Non-Class:  1.39 MB
       Class:  13.89 MB
        Both:  15.28 MB

MaxMetaspaceSize: unlimited
CompressedClassSpaceSize: 1.00 GB
Initial GC threshold: 21.00 MB
Current GC threshold: 21.00 MB
CDS: on
 - commit_granule_bytes: 65536.
 - commit_granule_words: 8192.
 - virtual_space_node_default_size: 8388608.
 - enlarge_chunks_in_place: 1.
 - use_allocation_guard: 0.


Internal statistics:

num_allocs_failed_limit: 0.
num_arena_births: 182.
num_arena_deaths: 0.
num_vsnodes_births: 2.
num_vsnodes_deaths: 0.
num_space_committed: 261.
num_space_uncommitted: 0.
num_chunks_returned_to_freelist: 0.
num_chunks_taken_from_freelist: 724.
num_chunk_merges: 0.
num_chunk_splits: 505.
num_chunks_enlarged: 417.
num_inconsistent_stats: 0.

CodeHeap 'non-profiled nmethods': size=120000Kb used=2074Kb max_used=2074Kb free=117925Kb
 bounds [0x00000214e9400000, 0x00000214e9670000, 0x00000214f0930000]
CodeHeap 'profiled nmethods': size=120000Kb used=9180Kb max_used=9180Kb free=110819Kb
 bounds [0x00000214e1930000, 0x00000214e2230000, 0x00000214e8e60000]
CodeHeap 'non-nmethods': size=5760Kb used=1398Kb max_used=1450Kb free=4362Kb
 bounds [0x00000214e8e60000, 0x00000214e90d0000, 0x00000214e9400000]
 total_blobs=4905 nmethods=4413 adapters=396
 compilation: enabled
              stopped_count=0, restarted_count=0
 full_count=0

Compilation events (20 events):
Event: 5.116 Thread 0x00000214f55a44f0 nmethod 4374 0x00000214e9600810 code [0x00000214e96009a0, 0x00000214e9600ad8]
Event: 5.116 Thread 0x00000214f55a44f0 4372       4       jdk.internal.org.objectweb.asm.ByteVector::put12 (64 bytes)
Event: 5.118 Thread 0x00000214f55a44f0 nmethod 4372 0x00000214e9600b90 code [0x00000214e9600d40, 0x00000214e9600f30]
Event: 5.123 Thread 0x00000214f5598bb0 4379       3       sun.nio.ch.FileLockImpl::isValid (13 bytes)
Event: 5.125 Thread 0x00000214f55a44f0 4383       4       java.util.ArrayList::addAll (76 bytes)
Event: 5.129 Thread 0x00000214f5598bb0 nmethod 4379 0x00000214e2218a90 code [0x00000214e2218c20, 0x00000214e2218d88]
Event: 5.129 Thread 0x00000214f5598bb0 4384       3       java.util.regex.Pattern::lambda$union$3 (26 bytes)
Event: 5.129 Thread 0x00000214f5598bb0 nmethod 4384 0x00000214e2218e10 code [0x00000214e2218fe0, 0x00000214e22192f8]
Event: 5.130 Thread 0x00000214f5598bb0 4385       3       java.util.regex.CharPredicates$$Lambda/0x800000026::is (5 bytes)
Event: 5.130 Thread 0x00000214f5598bb0 nmethod 4385 0x00000214e2219410 code [0x00000214e22195c0, 0x00000214e2219878]
Event: 5.130 Thread 0x00000214f5598bb0 4386       3       java.util.regex.ASCII::isDigit (18 bytes)
Event: 5.130 Thread 0x00000214f5598bb0 nmethod 4386 0x00000214e2219990 code [0x00000214e2219b20, 0x00000214e2219c78]
Event: 5.130 Thread 0x00000214f5598bb0 4380       3       sun.nio.ch.FileDispatcherImpl::release (8 bytes)
Event: 5.130 Thread 0x00000214f5598bb0 nmethod 4380 0x00000214e2219d10 code [0x00000214e2219ec0, 0x00000214e221a000]
Event: 5.130 Thread 0x00000214f5598bb0 4381       3       sun.nio.ch.FileLockImpl::invalidate (27 bytes)
Event: 5.130 Thread 0x00000214f5598bb0 nmethod 4381 0x00000214e221a090 code [0x00000214e221a220, 0x00000214e221a348]
Event: 5.131 Thread 0x00000214f5598bb0 4382   !   3       sun.nio.ch.FileLockTable::removeAll (148 bytes)
Event: 5.132 Thread 0x00000214f5598bb0 nmethod 4382 0x00000214e221a410 code [0x00000214e221a6e0, 0x00000214e221ba50]
Event: 5.132 Thread 0x00000214f5598bb0 4387       1       org.apache.maven.model.DistributionManagement::setSnapshotRepository (6 bytes)
Event: 5.133 Thread 0x00000214f5598bb0 nmethod 4387 0x00000214e9601090 code [0x00000214e9601220, 0x00000214e9601330]

GC Heap History (6 events):
Event: 0.649 GC heap before
{Heap before GC invocations=0 (full 0):
 garbage-first heap   total 131072K, used 13312K [0x0000000081e00000, 0x0000000100000000)
  region size 1024K, 13 young (13312K), 0 survivors (0K)
 Metaspace       used 3618K, committed 3840K, reserved 1114112K
  class space    used 370K, committed 512K, reserved 1048576K
}
Event: 0.654 GC heap after
{Heap after GC invocations=1 (full 0):
 garbage-first heap   total 131072K, used 3242K [0x0000000081e00000, 0x0000000100000000)
  region size 1024K, 2 young (2048K), 2 survivors (2048K)
 Metaspace       used 3618K, committed 3840K, reserved 1114112K
  class space    used 370K, committed 512K, reserved 1048576K
}
Event: 1.079 GC heap before
{Heap before GC invocations=1 (full 0):
 garbage-first heap   total 131072K, used 17578K [0x0000000081e00000, 0x0000000100000000)
  region size 1024K, 16 young (16384K), 2 survivors (2048K)
 Metaspace       used 5900K, committed 6080K, reserved 1114112K
  class space    used 697K, committed 768K, reserved 1048576K
}
Event: 1.086 GC heap after
{Heap after GC invocations=2 (full 0):
 garbage-first heap   total 131072K, used 4164K [0x0000000081e00000, 0x0000000100000000)
  region size 1024K, 1 young (1024K), 1 survivors (1024K)
 Metaspace       used 5900K, committed 6080K, reserved 1114112K
  class space    used 697K, committed 768K, reserved 1048576K
}
Event: 3.747 GC heap before
{Heap before GC invocations=2 (full 0):
 garbage-first heap   total 131072K, used 80964K [0x0000000081e00000, 0x0000000100000000)
  region size 1024K, 76 young (77824K), 1 survivors (1024K)
 Metaspace       used 15743K, committed 16064K, reserved 1114112K
  class space    used 1856K, committed 1984K, reserved 1048576K
}
Event: 3.764 GC heap after
{Heap after GC invocations=3 (full 0):
 garbage-first heap   total 131072K, used 11835K [0x0000000081e00000, 0x0000000100000000)
  region size 1024K, 9 young (9216K), 9 survivors (9216K)
 Metaspace       used 15743K, committed 16064K, reserved 1114112K
  class space    used 1856K, committed 1984K, reserved 1048576K
}

Dll operation events (8 events):
Event: 0.011 Loaded shared library C:\Program Files\Java\jdk-21\bin\java.dll
Event: 0.052 Loaded shared library C:\Program Files\Java\jdk-21\bin\jsvml.dll
Event: 0.075 Loaded shared library C:\Program Files\Java\jdk-21\bin\net.dll
Event: 0.077 Loaded shared library C:\Program Files\Java\jdk-21\bin\nio.dll
Event: 0.083 Loaded shared library C:\Program Files\Java\jdk-21\bin\zip.dll
Event: 0.273 Loaded shared library C:\Program Files\Java\jdk-21\bin\jimage.dll
Event: 0.275 Loaded shared library C:\Program Files\Apache\apache-maven-3.9.11\lib\jansi-native\Windows\x86_64\jansi.dll
Event: 0.303 Loaded shared library C:\Program Files\Java\jdk-21\bin\verify.dll

Deoptimization events (20 events):
Event: 4.804 Thread 0x00000214d73529e0 DEOPT PACKING pc=0x00000214e9494bd0 sp=0x00000087fe9fd430
Event: 4.805 Thread 0x00000214d73529e0 DEOPT UNPACKING pc=0x00000214e8eb46a2 sp=0x00000087fe9fd3c8 mode 2
Event: 4.999 Thread 0x00000214d73529e0 DEOPT PACKING pc=0x00000214e19effa3 sp=0x00000087fe9fd2b0
Event: 4.999 Thread 0x00000214d73529e0 DEOPT UNPACKING pc=0x00000214e8eb4e42 sp=0x00000087fe9fc790 mode 0
Event: 5.098 Thread 0x00000214d73529e0 Uncommon trap: trap_request=0xffffffbe fr.pc=0x00000214e95db468 relative=0x0000000000000328
Event: 5.098 Thread 0x00000214d73529e0 Uncommon trap: reason=profile_predicate action=maybe_recompile pc=0x00000214e95db468 method=java.util.regex.Pattern$Slice.match(Ljava/util/regex/Matcher;ILjava/lang/CharSequence;)Z @ 18 c2
Event: 5.098 Thread 0x00000214d73529e0 DEOPT PACKING pc=0x00000214e95db468 sp=0x00000087fe9fc930
Event: 5.098 Thread 0x00000214d73529e0 DEOPT UNPACKING pc=0x00000214e8eb46a2 sp=0x00000087fe9fc8c0 mode 2
Event: 5.098 Thread 0x00000214d73529e0 Uncommon trap: trap_request=0xffffffbe fr.pc=0x00000214e95db468 relative=0x0000000000000328
Event: 5.098 Thread 0x00000214d73529e0 Uncommon trap: reason=profile_predicate action=maybe_recompile pc=0x00000214e95db468 method=java.util.regex.Pattern$Slice.match(Ljava/util/regex/Matcher;ILjava/lang/CharSequence;)Z @ 18 c2
Event: 5.098 Thread 0x00000214d73529e0 DEOPT PACKING pc=0x00000214e95db468 sp=0x00000087fe9fc930
Event: 5.098 Thread 0x00000214d73529e0 DEOPT UNPACKING pc=0x00000214e8eb46a2 sp=0x00000087fe9fc8c0 mode 2
Event: 5.098 Thread 0x00000214d73529e0 Uncommon trap: trap_request=0xffffffbe fr.pc=0x00000214e95db468 relative=0x0000000000000328
Event: 5.098 Thread 0x00000214d73529e0 Uncommon trap: reason=profile_predicate action=maybe_recompile pc=0x00000214e95db468 method=java.util.regex.Pattern$Slice.match(Ljava/util/regex/Matcher;ILjava/lang/CharSequence;)Z @ 18 c2
Event: 5.098 Thread 0x00000214d73529e0 DEOPT PACKING pc=0x00000214e95db468 sp=0x00000087fe9fc930
Event: 5.098 Thread 0x00000214d73529e0 DEOPT UNPACKING pc=0x00000214e8eb46a2 sp=0x00000087fe9fc8c0 mode 2
Event: 5.098 Thread 0x00000214d73529e0 Uncommon trap: trap_request=0xffffffbe fr.pc=0x00000214e95db468 relative=0x0000000000000328
Event: 5.098 Thread 0x00000214d73529e0 Uncommon trap: reason=profile_predicate action=maybe_recompile pc=0x00000214e95db468 method=java.util.regex.Pattern$Slice.match(Ljava/util/regex/Matcher;ILjava/lang/CharSequence;)Z @ 18 c2
Event: 5.098 Thread 0x00000214d73529e0 DEOPT PACKING pc=0x00000214e95db468 sp=0x00000087fe9fc930
Event: 5.098 Thread 0x00000214d73529e0 DEOPT UNPACKING pc=0x00000214e8eb46a2 sp=0x00000087fe9fc8c0 mode 2

Classes loaded (20 events):
Event: 2.826 Loading class sun/util/resources/LocaleData$LocaleDataResourceBundleProvider done
Event: 2.826 Loading class sun/util/resources/LocaleData$CommonResourceBundleProvider done
Event: 2.827 Loading class sun/util/resources/Bundles$2
Event: 2.827 Loading class sun/util/resources/Bundles$2 done
Event: 2.874 Loading class java/util/StringTokenizer
Event: 2.874 Loading class java/util/StringTokenizer done
Event: 3.012 Loading class java/util/stream/Streams$RangeIntSpliterator
Event: 3.012 Loading class java/util/stream/Streams$RangeIntSpliterator done
Event: 3.606 Loading class java/util/stream/MatchOps$MatchKind
Event: 3.606 Loading class java/util/stream/MatchOps$MatchKind done
Event: 3.606 Loading class java/util/stream/MatchOps
Event: 3.606 Loading class java/util/stream/MatchOps done
Event: 3.606 Loading class java/util/stream/MatchOps$MatchOp
Event: 3.606 Loading class java/util/stream/MatchOps$MatchOp done
Event: 3.606 Loading class java/util/stream/MatchOps$BooleanTerminalSink
Event: 3.606 Loading class java/util/stream/MatchOps$BooleanTerminalSink done
Event: 3.607 Loading class java/util/stream/MatchOps$1MatchSink
Event: 3.607 Loading class java/util/stream/MatchOps$1MatchSink done
Event: 4.745 Loading class sun/nio/cs/ISO_8859_1$Decoder
Event: 4.745 Loading class sun/nio/cs/ISO_8859_1$Decoder done

Classes unloaded (0 events):
No events

Classes redefined (0 events):
No events

Internal exceptions (20 events):
Event: 2.032 Thread 0x00000214d73529e0 Implicit null exception at 0x00000214e948615d to 0x00000214e948634c
Event: 2.034 Thread 0x00000214d73529e0 Exception <a 'java/lang/NoSuchMethodError'{0x0000000087e62648}: 'java.lang.Object java.lang.invoke.Invokers$Holder.invokeExact_MT(java.lang.Object, int, java.lang.Object)'> (0x0000000087e62648) 
thrown [s\open\src\hotspot\share\interpreter\linkResolver.cpp, line 773]
Event: 2.333 Thread 0x00000214d73529e0 Exception <a 'java/lang/NoSuchMethodError'{0x000000008764b9d8}: 'void java.lang.invoke.Invokers$Holder.invokeExact_MT(java.lang.Object, java.lang.Object, java.lang.Object, java.lang.Object)'> (0x000000008764b9d8) 
thrown [s\open\src\hotspot\share\interpreter\linkResolver.cpp, line 773]
Event: 2.362 Thread 0x00000214d73529e0 Exception <a 'java/lang/NoClassDefFoundError'{0x00000000876d9bb0}: com/google/inject/servlet/ServletModuleTargetVisitor> (0x00000000876d9bb0) 
thrown [s\open\src\hotspot\share\classfile\systemDictionary.cpp, line 301]
Event: 2.456 Thread 0x00000214d73529e0 Exception <a 'java/lang/NoSuchMethodError'{0x000000008749f598}: 'void java.lang.invoke.DirectMethodHandle$Holder.invokeVirtual(java.lang.Object, java.lang.Object)'> (0x000000008749f598) 
thrown [s\open\src\hotspot\share\interpreter\linkResolver.cpp, line 773]
Event: 2.498 Thread 0x00000214d73529e0 Exception <a 'java/lang/NoSuchMethodError'{0x000000008731ed90}: 'java.lang.Object java.lang.invoke.DirectMethodHandle$Holder.invokeStaticInit(java.lang.Object, int, int, int, int)'> (0x000000008731ed90) 
thrown [s\open\src\hotspot\share\interpreter\linkResolver.cpp, line 773]
Event: 2.666 Thread 0x00000214d73529e0 Implicit null exception at 0x00000214e9438824 to 0x00000214e9438e8c
Event: 2.666 Thread 0x00000214d73529e0 Implicit null exception at 0x00000214e94295a0 to 0x00000214e9429bfc
Event: 2.739 Thread 0x00000214d73529e0 Exception <a 'java/lang/NoSuchMethodError'{0x0000000086ebefe0}: 'void java.lang.invoke.DirectMethodHandle$Holder.invokeSpecial(java.lang.Object, java.lang.Object, java.lang.Object, java.lang.Object, java.lang.Object)'> (0x0000000086ebefe0) 
thrown [s\open\src\hotspot\share\interpreter\linkResolver.cpp, line 773]
Event: 2.743 Thread 0x00000214d73529e0 Exception <a 'java/lang/NoSuchMethodError'{0x0000000086ed4ec0}: 'void java.lang.invoke.DirectMethodHandle$Holder.invokeSpecial(java.lang.Object, java.lang.Object, java.lang.Object, java.lang.Object, java.lang.Object, java.lang.Object)'> (0x0000000086ed4ec0) 
thrown [s\open\src\hotspot\share\interpreter\linkResolver.cpp, line 773]
Event: 2.782 Thread 0x00000214d73529e0 Exception <a 'java/lang/NoSuchMethodError'{0x0000000086dca538}: 'java.lang.Object java.lang.invoke.DirectMethodHandle$Holder.invokeVirtual(java.lang.Object, java.lang.Object, java.lang.Object)'> (0x0000000086dca538) 
thrown [s\open\src\hotspot\share\interpreter\linkResolver.cpp, line 773]
Event: 2.892 Thread 0x00000214d73529e0 Exception <a 'java/lang/NoSuchMethodError'{0x0000000086bab618}: 'void java.lang.invoke.DirectMethodHandle$Holder.invokeVirtual(java.lang.Object, java.lang.Object, int)'> (0x0000000086bab618) 
thrown [s\open\src\hotspot\share\interpreter\linkResolver.cpp, line 773]
Event: 2.897 Thread 0x00000214d73529e0 Exception <a 'java/lang/NoSuchMethodError'{0x0000000086baf3b8}: 'void java.lang.invoke.DirectMethodHandle$Holder.invokeSpecial(java.lang.Object, java.lang.Object, java.lang.Object, int)'> (0x0000000086baf3b8) 
thrown [s\open\src\hotspot\share\interpreter\linkResolver.cpp, line 773]
Event: 2.898 Thread 0x00000214d73529e0 Exception <a 'java/lang/NoSuchMethodError'{0x0000000086bb2a78}: 'void java.lang.invoke.DelegatingMethodHandle$Holder.reinvoke_L(java.lang.Object, java.lang.Object, int)'> (0x0000000086bb2a78) 
thrown [s\open\src\hotspot\share\interpreter\linkResolver.cpp, line 773]
Event: 3.717 Thread 0x00000214d73529e0 Implicit null exception at 0x00000214e952eb35 to 0x00000214e952fe88
Event: 3.717 Thread 0x00000214d73529e0 Implicit null exception at 0x00000214e94b5d98 to 0x00000214e94b5f74
Event: 3.717 Thread 0x00000214d73529e0 Implicit null exception at 0x00000214e9506f0d to 0x00000214e9507768
Event: 3.732 Thread 0x00000214d73529e0 Exception <a 'java/lang/NoSuchMethodError'{0x00000000852794a8}: 'int java.lang.invoke.DirectMethodHandle$Holder.invokeSpecialIFC(java.lang.Object, java.lang.Object, java.lang.Object, java.lang.Object)'> (0x00000000852794a8) 
thrown [s\open\src\hotspot\share\interpreter\linkResolver.cpp, line 773]
Event: 4.804 Thread 0x00000214d73529e0 Implicit null exception at 0x00000214e9494b3d to 0x00000214e9494bc1
Event: 5.090 Thread 0x00000214d73529e0 Exception <a 'java/lang/NoSuchMethodError'{0x000000008704ba50}: 'java.lang.Object java.lang.invoke.DirectMethodHandle$Holder.newInvokeSpecial(java.lang.Object, java.lang.Object, java.lang.Object, java.lang.Object, java.lang.Object, java.lang.Object, java.lang.Object)'> (0x000000008704ba50) 
thrown [s\open\src\hotspot\share\interpreter\linkResolver.cpp, line 773]

ZGC Phase Switch (0 events):
No events

VM Operations (20 events):
Event: 2.328 Executing VM operation: HandshakeAllThreads (Deoptimize)
Event: 2.328 Executing VM operation: HandshakeAllThreads (Deoptimize) done
Event: 2.466 Executing VM operation: HandshakeAllThreads (Deoptimize)
Event: 2.466 Executing VM operation: HandshakeAllThreads (Deoptimize) done
Event: 2.517 Executing VM operation: HandshakeAllThreads (Deoptimize)
Event: 2.518 Executing VM operation: HandshakeAllThreads (Deoptimize) done
Event: 2.559 Executing VM operation: HandshakeAllThreads (Deoptimize)
Event: 2.560 Executing VM operation: HandshakeAllThreads (Deoptimize) done
Event: 2.584 Executing VM operation: ICBufferFull
Event: 2.584 Executing VM operation: ICBufferFull done
Event: 2.619 Executing VM operation: HandshakeAllThreads (Deoptimize)
Event: 2.619 Executing VM operation: HandshakeAllThreads (Deoptimize) done
Event: 3.365 Executing VM operation: ICBufferFull
Event: 3.366 Executing VM operation: ICBufferFull done
Event: 3.747 Executing VM operation: G1CollectForAllocation (G1 Evacuation Pause)
Event: 3.764 Executing VM operation: G1CollectForAllocation (G1 Evacuation Pause) done
Event: 4.295 Executing VM operation: ICBufferFull
Event: 4.295 Executing VM operation: ICBufferFull done
Event: 5.118 Executing VM operation: ICBufferFull
Event: 5.118 Executing VM operation: ICBufferFull done

Events (15 events):
Event: 0.030 Thread 0x00000214d73529e0 Thread added: 0x00000214d73529e0
Event: 0.048 Thread 0x00000214f5585130 Thread added: 0x00000214f5585130
Event: 0.048 Thread 0x00000214f5585e50 Thread added: 0x00000214f5585e50
Event: 0.049 Thread 0x00000214f558ca50 Thread added: 0x00000214f558ca50
Event: 0.049 Thread 0x00000214f558d810 Thread added: 0x00000214f558d810
Event: 0.049 Thread 0x00000214f558e270 Thread added: 0x00000214f558e270
Event: 0.049 Thread 0x00000214f558ecd0 Thread added: 0x00000214f558ecd0
Event: 0.049 Thread 0x00000214f55a44f0 Thread added: 0x00000214f55a44f0
Event: 0.049 Thread 0x00000214f5598bb0 Thread added: 0x00000214f5598bb0
Event: 0.068 Thread 0x00000214f589f820 Thread added: 0x00000214f589f820
Event: 0.071 Thread 0x00000214f58a3ca0 Thread added: 0x00000214f58a3ca0
Event: 0.271 Thread 0x00000214f58e5b30 Thread added: 0x00000214f58e5b30
Event: 0.283 Thread 0x00000214f58e5b30 Thread exited: 0x00000214f58e5b30
Event: 0.865 Thread 0x00000214fa76f620 Thread added: 0x00000214fa76f620
Event: 2.579 Thread 0x00000214fad535f0 Thread added: 0x00000214fad535f0


Dynamic libraries:
0x00007ff713f10000 - 0x00007ff713f20000 	C:\Program Files\Java\jdk-21\bin\java.exe
0x00007ffc4e3d0000 - 0x00007ffc4e5c8000 	C:\Windows\SYSTEM32\ntdll.dll
0x00007ffc4dce0000 - 0x00007ffc4dda2000 	C:\Windows\System32\KERNEL32.DLL
0x00007ffc4ba60000 - 0x00007ffc4bd56000 	C:\Windows\System32\KERNELBASE.dll
0x00007ffc4bfe0000 - 0x00007ffc4c0e0000 	C:\Windows\System32\ucrtbase.dll
0x00007ffc43da0000 - 0x00007ffc43db9000 	C:\Program Files\Java\jdk-21\bin\jli.dll
0x00007ffc43d80000 - 0x00007ffc43d9b000 	C:\Program Files\Java\jdk-21\bin\VCRUNTIME140.dll
0x00007ffc4d970000 - 0x00007ffc4da21000 	C:\Windows\System32\ADVAPI32.dll
0x00007ffc4d310000 - 0x00007ffc4d3ae000 	C:\Windows\System32\msvcrt.dll
0x00007ffc4d530000 - 0x00007ffc4d5cf000 	C:\Windows\System32\sechost.dll
0x00007ffc4da30000 - 0x00007ffc4db50000 	C:\Windows\System32\RPCRT4.dll
0x00007ffc4c130000 - 0x00007ffc4c157000 	C:\Windows\System32\bcrypt.dll
0x00007ffc4c4a0000 - 0x00007ffc4c641000 	C:\Windows\System32\USER32.dll
0x00007ffc4bfb0000 - 0x00007ffc4bfd2000 	C:\Windows\System32\win32u.dll
0x00007ffc4d890000 - 0x00007ffc4d8bb000 	C:\Windows\System32\GDI32.dll
0x00007ffc4be00000 - 0x00007ffc4bf19000 	C:\Windows\System32\gdi32full.dll
0x00007ffc3e6b0000 - 0x00007ffc3e94b000 	C:\Windows\WinSxS\amd64_microsoft.windows.common-controls_6595b64144ccf1df_6.0.19041.6456_none_60b8a6cb71f64256\COMCTL32.dll
0x00007ffc4bd60000 - 0x00007ffc4bdfd000 	C:\Windows\System32\msvcp_win.dll
0x00007ffc3f320000 - 0x00007ffc3f32a000 	C:\Windows\SYSTEM32\VERSION.dll
0x00007ffc4d5d0000 - 0x00007ffc4d5ff000 	C:\Windows\System32\IMM32.DLL
0x00007ffc43d70000 - 0x00007ffc43d7c000 	C:\Program Files\Java\jdk-21\bin\vcruntime140_1.dll
0x00007ffc350d0000 - 0x00007ffc3515e000 	C:\Program Files\Java\jdk-21\bin\msvcp140.dll
0x00007ffbfb320000 - 0x00007ffbfc037000 	C:\Program Files\Java\jdk-21\bin\server\jvm.dll
0x00007ffc4d810000 - 0x00007ffc4d87b000 	C:\Windows\System32\WS2_32.dll
0x00007ffc4af60000 - 0x00007ffc4afab000 	C:\Windows\SYSTEM32\POWRPROF.dll
0x00007ffc3ed20000 - 0x00007ffc3ed47000 	C:\Windows\SYSTEM32\WINMM.dll
0x00007ffc4ae20000 - 0x00007ffc4ae32000 	C:\Windows\SYSTEM32\UMPDC.dll
0x00007ffc49890000 - 0x00007ffc498a2000 	C:\Windows\SYSTEM32\kernel.appcore.dll
0x00007ffc3d330000 - 0x00007ffc3d33a000 	C:\Program Files\Java\jdk-21\bin\jimage.dll
0x00007ffc3bf50000 - 0x00007ffc3c151000 	C:\Windows\SYSTEM32\DBGHELP.DLL
0x00007ffc37ca0000 - 0x00007ffc37cd4000 	C:\Windows\SYSTEM32\dbgcore.DLL
0x00007ffc4bf20000 - 0x00007ffc4bfa2000 	C:\Windows\System32\bcryptPrimitives.dll
0x00007ffc38be0000 - 0x00007ffc38bff000 	C:\Program Files\Java\jdk-21\bin\java.dll
0x00007ffc4c650000 - 0x00007ffc4cdc0000 	C:\Windows\System32\SHELL32.dll
0x00007ffc49a90000 - 0x00007ffc4a235000 	C:\Windows\SYSTEM32\windows.storage.dll
0x00007ffc4e030000 - 0x00007ffc4e384000 	C:\Windows\System32\combase.dll
0x00007ffc4b3b0000 - 0x00007ffc4b3db000 	C:\Windows\SYSTEM32\Wldp.dll
0x00007ffc4d3c0000 - 0x00007ffc4d48d000 	C:\Windows\System32\OLEAUT32.dll
0x00007ffc4c3f0000 - 0x00007ffc4c49d000 	C:\Windows\System32\SHCORE.dll
0x00007ffc4d2b0000 - 0x00007ffc4d30b000 	C:\Windows\System32\shlwapi.dll
0x00007ffc4b990000 - 0x00007ffc4b9b4000 	C:\Windows\SYSTEM32\profapi.dll
0x00007ffc34ff0000 - 0x00007ffc350c7000 	C:\Program Files\Java\jdk-21\bin\jsvml.dll
0x00007ffc38bd0000 - 0x00007ffc38be0000 	C:\Program Files\Java\jdk-21\bin\net.dll
0x00007ffc44c90000 - 0x00007ffc44d9a000 	C:\Windows\SYSTEM32\WINHTTP.dll
0x00007ffc4b190000 - 0x00007ffc4b1fa000 	C:\Windows\system32\mswsock.dll
0x00007ffc384d0000 - 0x00007ffc384e6000 	C:\Program Files\Java\jdk-21\bin\nio.dll
0x00007ffc35ad0000 - 0x00007ffc35ae8000 	C:\Program Files\Java\jdk-21\bin\zip.dll
0x00007ffc34f70000 - 0x00007ffc34f94000 	C:\Program Files\Apache\apache-maven-3.9.11\lib\jansi-native\Windows\x86_64\jansi.dll
0x00007ffc38710000 - 0x00007ffc38720000 	C:\Program Files\Java\jdk-21\bin\verify.dll

dbghelp: loaded successfully - version: 4.0.5 - missing functions: none
symbol engine: initialized successfully - sym options: 0x614 - pdb path: .;C:\Program Files\Java\jdk-21\bin;C:\Windows\SYSTEM32;C:\Windows\WinSxS\amd64_microsoft.windows.common-controls_6595b64144ccf1df_6.0.19041.6456_none_60b8a6cb71f64256;C:\Program Files\Java\jdk-21\bin\server;C:\Program Files\Apache\apache-maven-3.9.11\lib\jansi-native\Windows\x86_64

VM Arguments:
jvm_args: --enable-native-access=ALL-UNNAMED -Dclassworlds.conf=C:\Program Files\Apache\apache-maven-3.9.11\bin\m2.conf -Dmaven.home=C:\Program Files\Apache\apache-maven-3.9.11 -Dlibrary.jansi.path=C:\Program Files\Apache\apache-maven-3.9.11\lib\jansi-native -Dmaven.multiModuleProjectDirectory=C:\Users\hp\Desktop\DeepEduGraph\backend\tracking-service 
java_command: org.codehaus.plexus.classworlds.launcher.Launcher spring-boot:run
java_class_path (initial): C:\Program Files\Apache\apache-maven-3.9.11\boot\plexus-classworlds-2.9.0.jar
Launcher Type: SUN_STANDARD

[Global flags]
     intx CICompilerCount                          = 3                                         {product} {ergonomic}
     uint ConcGCThreads                            = 1                                         {product} {ergonomic}
     uint G1ConcRefinementThreads                  = 4                                         {product} {ergonomic}
   size_t G1HeapRegionSize                         = 1048576                                   {product} {ergonomic}
    uintx GCDrainStackTargetSize                   = 64                                        {product} {ergonomic}
   size_t InitialHeapSize                          = 134217728                                 {product} {ergonomic}
   size_t MarkStackSize                            = 4194304                                   {product} {ergonomic}
   size_t MaxHeapSize                              = 2116026368                                {product} {ergonomic}
   size_t MaxNewSize                               = 1268776960                                {product} {ergonomic}
   size_t MinHeapDeltaBytes                        = 1048576                                   {product} {ergonomic}
   size_t MinHeapSize                              = 8388608                                   {product} {ergonomic}
    uintx NonNMethodCodeHeapSize                   = 5832780                                {pd product} {ergonomic}
    uintx NonProfiledCodeHeapSize                  = 122912730                              {pd product} {ergonomic}
    uintx ProfiledCodeHeapSize                     = 122912730                              {pd product} {ergonomic}
    uintx ReservedCodeCacheSize                    = 251658240                              {pd product} {ergonomic}
     bool SegmentedCodeCache                       = true                                      {product} {ergonomic}
   size_t SoftMaxHeapSize                          = 2116026368                             {manageable} {ergonomic}
     bool UseCompressedOops                        = true                           {product lp64_product} {ergonomic}
     bool UseG1GC                                  = true                                      {product} {ergonomic}
     bool UseLargePagesIndividualAllocation        = false                                  {pd product} {ergonomic}

Logging:
Log output configuration:
 #0: stdout all=warning uptime,level,tags foldmultilines=false
 #1: stderr all=off uptime,level,tags foldmultilines=false

Environment Variables:
JAVA_HOME=C:\Program Files\Java\jdk-21
PATH=C:\Program Files\Microsoft MPI\Bin\;C:\Python314\;C:\Program Files\Java\jdk-21\bin;C:\Program Files\Java\jdk1.8.0_191\bin;C:\Program Files (x86)\Common Files\Oracle\Java\javapath;C:\Users\hp\AppData\Local\Programs\Python\Python312\Scripts\;C:\Users\hp\AppData\Local\Programs\Python\Python312\;C:\Program Files (x86)\VMware\VMware Player\bin\;C:\Users\hp\AppData\Local\Programs\Python\Python312;C:\Users\hp\AppData\Local\Programs\Python\Python312\Scripts;C:\Python311\Scripts\;C:\Python311\;C:\Program Files\Common Files\Oracle\Java\javapath;C:\Program Files\Microsoft\jdk-11.0.16.101-hotspot\bin;C:\Windows\system32;C:\Windows;C:\Windows\System32\Wbem;C:\Windows\System32\WindowsPowerShell\v1.0\;C:\Windows\System32\OpenSSH\;C:\xampp\php;C:\Program Files\dotnet\;C:\ProgramData\chocolatey\bin;C:\xampp3\php;C:\composer;C:\Users\hp\AppData\Local\Android\Sdk\platform-tools;C:\Program Files\apache-maven-3.9.5\bin;C:\Program Files\MongoDB\Server\7.0\bin;C:\Program Files\MongoDB\Server\7.0\bin;C:\mongosh-2.2.5-win32-x64\mongosh-2.2.5-win32-x64\bin;C:\Program Files\MySQL\MySQL Server 8.0\bin;C:\Program Files (x86)\sqlite3;C:\Program Files\Apache\maven-mvnd-1.0.3-windows-amd64\bin;C:\Program Files\Apache\apache-maven-3.9.11\bin;%JAVA_HOME%\bin;C:\Program Files\Apache\apache-maven-3.9.11\bin;C:\Program Files\nodejs\;C:\Program Files (x86)\Windows Kits\10\Windows Performance Toolkit\;C:\Program Files\Docker\Docker\resources\bin;C:\Program Files (x86)\Microsoft SQL Server\170\Tools\Binn\;C:\Program Files\Microsoft SQL Server\170\Tools\Binn\;C:\Program Files\Microsoft SQL Server\Client SDK\ODBC\180\Tools\Binn\;C:\Program Files\Microsoft SQL Server\170\DTS\Binn\;C:\Program Files\Microsoft SQL Server\Client SDK\ODBC\170\Tools\Binn\;C:\Program Files\Git\cmd;C:\Program Files\Microsoft SQL Server\130\DTS\Binn\;C:\Program Files\Microsoft SQL Server\140\DTS\Binn\;C:\Program Files\Microsoft SQL Server\150\DTS\Binn\;C:\Program Files\Microsoft SQL Server\160\DTS\Binn\;C:\Program Files\cursor\resources\app\bin;C:\Program Files\Java\jdk-21\bin;C:\Program Files\Java\jdk-21\bin;C:\Program Files (x86)\Common Files\Oracle\Java\javapath;C:\Users\hp\AppData\Local\Programs\Python\Python312\Scripts\;C:\Users\hp\AppData\Local\Programs\Python\Python312\;C:\Program Files (x86)\VMware\VMware Player\bin\;C:\Python311\Scripts\;C:\Python311\;C:\Program Files\Common Files\Oracle\Java\javapath;C:\Program Files\Microsoft\jdk-11.0.16.101-hotspot\bin;C:\Windows\system32;C:\Windows;C:\Windows\System32\Wbem;C:\Windows\System32\WindowsPowerShell\v1.0\;C:\Windows\System32\OpenSSH\;C:\xampp\php;C:\Program Files\dotnet\;C:\Program Files\Git\cmd;C:\ProgramData\chocolatey\bin;C:\xampp3\php;C:\composer;C:\Users\hp\AppData\Local\Android\Sdk\platform-tools;C:\Program Files\apache-maven-3.9.5\bin;C:\Program Files\Java\jdk1.8.0_191\bin;C:\Program Files\MongoDB\Server\7.0\bin;C:\Program Files\MongoDB\Server\7.0\bin;C:\mongosh-2.2.5-win32-x64\mongosh-2.2.5-win32-x64\bin;C:\Program Files\MySQL\MySQL Server 8.0\bin;C:\Program Files (x86)\sqlite3;C:\Program Files\Apache\maven-mvnd-1.0.3-windows-amd64\bin;C:\Users\hp\AppData\Roaming\npm;D:\cursor\resources\app\bin;D:\Windsurf\bin
USERNAME=hp
OS=Windows_NT
PROCESSOR_IDENTIFIER=Intel64 Family 6 Model 61 Stepping 4, GenuineIntel
TMP=C:\Users\hp\AppData\Local\Temp
TEMP=C:\Users\hp\AppData\Local\Temp




Periodic native trim disabled

---------------  S Y S T E M  ---------------

OS:
 Windows 10 , 64 bit Build 19041 (10.0.19041.5915)
OS uptime: 0 days 3:11 hours
Hyper-V role detected

CPU: total 4 (initial active 4) (2 cores per cpu, 2 threads per core) family 6 model 61 stepping 4 microcode 0x2d, cx8, cmov, fxsr, ht, mmx, 3dnowpref, sse, sse2, sse3, ssse3, sse4.1, sse4.2, popcnt, lzcnt, tsc, tscinvbit, avx, avx2, aes, erms, clmul, bmi1, bmi2, rtm, adx, fma, vzeroupper, clflush, hv, rdtscp, f16c
Processor Information for all 4 processors :
  Max Mhz: 2601, Current Mhz: 2600, Mhz Limit: 2574

Memory: 4k page, system-wide physical 8067M (1272M free)
TotalPageFile size 19331M (AvailPageFile size 5845M)
current process WorkingSet (physical memory assigned to process): 172M, peak: 187M
current process commit charge ("private bytes"): 249M, peak: 261M

vm_info: Java HotSpot(TM) 64-Bit Server VM (21.0.2+13-LTS-58) for windows-amd64 JRE (21.0.2+13-LTS-58), built on 2024-01-05T18:32:24Z by "mach5one" with MS VC++ 17.1 (VS2022)

END.
