#
# A fatal error has been detected by the Java Runtime Environment:
#
#  EXCEPTION_ACCESS_VIOLATION (0xc0000005) at pc=0x00007ffabbd28ba6, pid=15100, tid=15068
#
# JRE version: Java(TM) SE Runtime Environment (21.0.2+13) (build 21.0.2+13-LTS-58)
# Java VM: Java HotSpot(TM) 64-Bit Server VM (21.0.2+13-LTS-58, mixed mode, emulated-client, sharing, tiered, compressed oops, compressed class ptrs, g1 gc, windows-amd64)
# Problematic frame:
# V  [jvm.dll+0x298ba6]
#
# No core dump will be written. Minidumps are not enabled by default on client versions of Windows
#
# If you would like to submit a bug report, please visit:
#   https://bugreport.java.com/bugreport/crash.jsp
#

---------------  S U M M A R Y ------------

Command Line: -XX:TieredStopAtLevel=1 com.deepedugraph.course_service.CourseServiceApplication

Host: Intel(R) Core(TM) i7-5600U CPU @ 2.60GHz, 4 cores, 7G,  Windows 10 , 64 bit Build 19041 (10.0.19041.5915)
Time: Sat Jan  3 14:28:49 2026 Maroc (heure d64 bit Build 19041 (10.0.19041.5915) elapsed time: 55.497840 seconds (0d 0h 0m 55s)

---------------  T H R E A D  ---------------

Current thread (0x000002076c01fad0):  JavaThread "C1 CompilerThread0" daemon [_thread_in_vm, id=15068, stack(0x000000341e000000,0x000000341e100000) (1024K)]


Current CompileTask:
C1:  55498 5247       1       java.util.concurrent.ScheduledThreadPoolExecutor$ScheduledFutureTask::compareTo (9 bytes)

Stack: [0x000000341e000000,0x000000341e100000],  sp=0x000000341e0fe620,  free space=1017k
Native frames: (J=compiled Java code, j=interpreted, Vv=VM code, C=native code)
V  [jvm.dll+0x298ba6]
V  [jvm.dll+0x298940]
V  [jvm.dll+0x3bd296]
V  [jvm.dll+0x6a1beb]
V  [jvm.dll+0x1ec989]
V  [jvm.dll+0x154520]
V  [jvm.dll+0x153886]
V  [jvm.dll+0x1555ed]
V  [jvm.dll+0x258859]
V  [jvm.dll+0x256e3a]
V  [jvm.dll+0x3ef6c6]
V  [jvm.dll+0x7ff568]
V  [jvm.dll+0x6c953d]
C  [ucrtbase.dll+0x21bb2]
C  [KERNEL32.DLL+0x17374]
C  [ntdll.dll+0x4cc91]


siginfo: EXCEPTION_ACCESS_VIOLATION (0xc0000005), reading address 0x00007ffabd4b7f30


Registers:
RAX=0x00007ffabd4b7d40, RBX=0x0000020773422550, RCX=0x000002076466f810, RDX=0x000002076466e710
RSP=0x000000341e0fe620, RBP=0x0000000000000360, RSI=0x000002076466e710, RDI=0x000000341e0fe6a0
R8 =0x00000207013def30, R9 =0x0000000000000002, R10=0x00007ffb00e20000, R11=0x000000341e0fe690
R12=0x0000000000000002, R13=0x0000020772df81c0, R14=0x000000341e0fe6a0, R15=0x0000000000000001
RIP=0x00007ffabbd28ba6, EFLAGS=0x0000000000010206


Register to memory mapping:

RAX=0x00007ffabd4b7d40 is an unknown value
RBX=0x0000020773422550 points into unknown readable memory: 0x000002076466f810 | 10 f8 66 64 07 02 00 00
RCX=
[error occurred during error reporting (printing register info), id 0xc0000005, EXCEPTION_ACCESS_VIOLATION (0xc0000005) at pc=0x00007ffabbcbda6b]
RDX=0x000002076466e710 is at entry_point+-432 in (nmethod*)0x000002076466e710
Compiled method (c1)   55527 5247       1       java.util.concurrent.ScheduledThreadPoolExecutor$ScheduledFutureTask::compareTo (9 bytes)
 total in heap  [0x000002076466e710,0x000002076466ea70] = 864
 relocation     [0x000002076466e870,0x000002076466e8b0] = 64
 main code      [0x000002076466e8c0,0x000002076466e9b8] = 248
 stub code      [0x000002076466e9b8,0x000002076466ea00] = 72
 metadata       [0x000002076466ea00,0x000002076466ea10] = 16
 scopes data    [0x000002076466ea10,0x000002076466ea28] = 24
 scopes pcs     [0x000002076466ea28,0x000002076466ea68] = 64
 dependencies   [0x000002076466ea68,0x000002076466ea70] = 8
RSP=0x000000341e0fe620 is pointing into the stack for thread: 0x000002076c01fad0
RBP=0x0000000000000360 is an unknown value
RSI=0x000002076466e710 is at entry_point+-432 in (nmethod*)0x000002076466e710
Compiled method (c1)   55531 5247       1       java.util.concurrent.ScheduledThreadPoolExecutor$ScheduledFutureTask::compareTo (9 bytes)
 total in heap  [0x000002076466e710,0x000002076466ea70] = 864
 relocation     [0x000002076466e870,0x000002076466e8b0] = 64
 main code      [0x000002076466e8c0,0x000002076466e9b8] = 248
 stub code      [0x000002076466e9b8,0x000002076466ea00] = 72
 metadata       [0x000002076466ea00,0x000002076466ea10] = 16
 scopes data    [0x000002076466ea10,0x000002076466ea28] = 24
 scopes pcs     [0x000002076466ea28,0x000002076466ea68] = 64
 dependencies   [0x000002076466ea68,0x000002076466ea70] = 8
RDI=0x000000341e0fe6a0 is pointing into the stack for thread: 0x000002076c01fad0
R8 =0x00000207013def30 is a pointer to class: 
java.util.concurrent.ScheduledThreadPoolExecutor$ScheduledFutureTask {0x00000207013def38}
 - instance size:     9
 - klass size:        130
 - access:            synchronized 
 - flags:             rewritten has_nonstatic_fields has_nonstatic_concrete_methods has_localvariable_table 
 - state:             fully_initialized
 - name:              'java/util/concurrent/ScheduledThreadPoolExecutor$ScheduledFutureTask'
 - super:             'java/util/concurrent/FutureTask'
 - sub:               
 - arrays:            null
 - methods:           Array<T>(0x000002076e9448a8)
 - method ordering:   Array<T>(0x0000020700b30940)
 - default_methods:   Array<T>(0x0000000000000000)
 - local interfaces:  Array<T>(0x000002076e944898)
 - trans. interfaces: Array<T>(0x000002076e9452e8)
 - constants:         constant pool [145] {0x000002076e944390} for 'java/util/concurrent/ScheduledThreadPoolExecutor$ScheduledFutureTask' cache=0x000002076e945480
 - class loader data:  loader data: 0x000002076be98260 of 'bootstrap'
 - source file:       'ScheduledThreadPoolExecutor.java'
 - class annotations:       Array<T>(0x0000000000000000)
 - class type annotations:  Array<T>(0x0000000000000000)
 - field annotations:       Array<T>(0x0000000000000000)
 - field type annotations:  Array<T>(0x0000000000000000)
 - generic signature: '<V:Ljava/lang/Object;>Ljava/util/concurrent/FutureTask<TV;>;Ljava/util/concurrent/RunnableScheduledFuture<TV;>;'
 - inner classes:     Array<T>(0x000002076e9452d0)
 - nest members:     Array<T>(0x00000207006138f8)
 - permitted subclasses:     Array<T>(0x00000207006138f8)
 - java mirror:       a 'java/lang/Class'{0x00000000832d3bc0} = 'java/util/concurrent/ScheduledThreadPoolExecutor$ScheduledFutureTask'
 - vtable length      22  (start addr: 0x00000207013df0f8)
 - itable length      49 (start addr: 0x00000207013df1a8)
 - ---- static fields (0 words):
 - ---- non-static fields (14 words):
 - private volatile 'state' 'I' @12 
 - private 'callable' 'Ljava/util/concurrent/Callable;' @16 
 - private 'outcome' 'Ljava/lang/Object;' @20 
 - private volatile 'runner' 'Ljava/lang/Thread;' @24 
 - private volatile 'waiters' 'Ljava/util/concurrent/FutureTask$WaitNode;' @28 
 - private final 'sequenceNumber' 'J' @32 
 - private volatile 'time' 'J' @40 
 - private final 'period' 'J' @48 
 - 'heapIndex' 'I' @56 
 - 'outerTask' 'Ljava/util/concurrent/RunnableScheduledFuture;' @60 
 - final synthetic 'this$0' 'Ljava/util/concurrent/ScheduledThreadPoolExecutor;' @64 
 - non-static oop maps: 16-28 60-64 
R9 =0x0000000000000002 is an unknown value
R10=0x00007ffb00e20000 VCRUNTIME140.dll
R11=0x000000341e0fe690 is pointing into the stack for thread: 0x000002076c01fad0
R12=0x0000000000000002 is an unknown value
R13=0x0000020772df81c0 points into unknown readable memory: 0x00007ffabc43cc90 | 90 cc 43 bc fa 7f 00 00
R14=0x000000341e0fe6a0 is pointing into the stack for thread: 0x000002076c01fad0
R15=0x0000000000000001 is an unknown value

Top of Stack: (sp=0x000000341e0fe620)
0x000000341e0fe620:   000002076c020248 00007ffabc12e852
0x000000341e0fe630:   000002076466e710 000002076466e710
0x000000341e0fe640:   000002076466e710 00007ffabbd28940
0x000000341e0fe650:   00007ffabc6ccc68 00007ffabc131318
0x000000341e0fe660:   000000341e0fec38 000000000000003b
0x000000341e0fe670:   000000341e0ff2d0 00007ffabbe4d296
0x000000341e0fe680:   00007ffabc6ccc68 0000000000000000
0x000000341e0fe690:   000002076466e710 000000341e0ff2d0
0x000000341e0fe6a0:   00000207013df080 00000207013df088
0x000000341e0fe6b0:   000002076466e710 00007ffabc131beb
0x000000341e0fe6c0:   00007ffabc6ccc68 0000000000000360
0x000000341e0fe6d0:   000002076466e710 0000000000000002
0x000000341e0fe6e0:   000000000000147f 00007ffaffffffff
0x000000341e0fe6f0:   000002075c059740 0000020700000018
0x000000341e0fe700:   000002076c0202a8 000002076c7b4870
0x000000341e0fe710:   000000341e0fec38 0000000000000006
0x000000341e0fe720:   000002076c7b4818 000000341e0febe0
0x000000341e0fe730:   000000341e0febf8 000002075c059740
0x000000341e0fe740:   000002076e945201 0000000000000000
0x000000341e0fe750:   0000000000000000 0000000000000000
0x000000341e0fe760:   0000000600000000 ffffffff00000018
0x000000341e0fe770:   000000000000147f 000000341e0febf8
0x000000341e0fe780:   000000341e0fec38 000002076c0202a8
0x000000341e0fe790:   0000000000000000 0000000000000000
0x000000341e0fe7a0:   000002075c059740 000000341e0febe0
0x000000341e0fe7b0:   000002076c7b4818 000002076c7b4870
0x000000341e0fe7c0:   000000341e0fec18 000000341e0fe8f0
0x000000341e0fe7d0:   000002076466e710 0000000000000000
0x000000341e0fe7e0:   000002076466ea68 0000000000000002
0x000000341e0fe7f0:   0000000200000002 000002076c7b48c0
0x000000341e0fe800:   0000003400000000 000043d1fd6853bd
0x000000341e0fe810:   000002076c0202a8 000000341e0ff2d0 

Instructions: (pc=0x00007ffabbd28ba6)
0x00007ffabbd28aa6:   ff 90 f0 01 00 00 84 c0 0f 84 84 00 00 00 48 8b
0x00007ffabbd28ab6:   4b 10 90 48 8b 07 48 3b c3 75 6b 48 8b c3 f0 48
0x00007ffabbd28ac6:   0f b1 0f 75 61 48 8b 05 9e 25 98 00 48 85 c0 75
0x00007ffabbd28ad6:   1a 48 8b cb e8 41 60 e2 ff 80 3d 7f 4e 92 00 00
0x00007ffabbd28ae6:   74 44 48 8b 05 59 25 98 00 eb 34 48 8b 05 68 25
0x00007ffabbd28af6:   98 00 48 89 43 18 f0 48 0f b1 1d 5b 25 98 00 75
0x00007ffabbd28b06:   ea 80 3d 57 4e 92 00 00 74 1c 48 8b 05 39 25 98
0x00007ffabbd28b16:   00 48 8b 48 28 48 ff 01 48 8b 05 33 25 98 00 48
0x00007ffabbd28b26:   8b 48 28 48 ff 01 48 8b 1f 48 85 db 0f 85 68 ff
0x00007ffabbd28b36:   ff ff 48 85 db 0f 85 44 ff ff ff 48 8b 7c 24 20
0x00007ffabbd28b46:   48 8b 5c 24 30 48 83 c4 28 c3 48 c7 05 15 25 98
0x00007ffabbd28b56:   00 00 00 00 00 c3 cc cc cc cc 48 8b 05 01 25 98
0x00007ffabbd28b66:   00 48 ff c0 48 89 05 f7 24 98 00 48 89 05 f8 24
0x00007ffabbd28b76:   98 00 c3 cc cc cc cc cc cc cc 48 89 5c 24 08 57
0x00007ffabbd28b86:   48 83 ec 20 48 8b 19 48 8b f9 48 8b 1b 48 85 db
0x00007ffabbd28b96:   74 48 0f 1f 84 00 00 00 00 00 48 8b 0b 48 8b 01
0x00007ffabbd28ba6:   ff 90 f0 01 00 00 84 c0 74 30 48 8b 53 10 90 48
0x00007ffabbd28bb6:   8b 07 48 8b 08 48 3b cb 75 15 48 8b 0f 48 8b c3
0x00007ffabbd28bc6:   f0 48 0f b1 11 75 08 48 8b cb e8 6b 04 00 00 48
0x00007ffabbd28bd6:   8b 1f 48 8b 1b 48 85 db 75 c0 48 8b c3 48 8b 5c
0x00007ffabbd28be6:   24 30 48 83 c4 20 5f c3 cc cc 48 83 ec 38 80 3d
0x00007ffabbd28bf6:   6a 4d 92 00 00 0f 84 c4 00 00 00 48 8d 4c 24 40
0x00007ffabbd28c06:   48 89 5c 24 30 e8 e0 e4 06 00 48 8b 5c 24 40 48
0x00007ffabbd28c16:   8d 15 d4 c9 72 00 45 33 c9 48 89 5c 24 20 45 8d
0x00007ffabbd28c26:   41 04 41 8d 49 08 e8 4f 39 45 00 48 89 05 08 24
0x00007ffabbd28c36:   98 00 48 83 7b 08 00 75 77 45 33 c9 48 89 5c 24
0x00007ffabbd28c46:   20 48 8d 15 ba c9 72 00 45 8d 41 04 41 8d 49 08
0x00007ffabbd28c56:   e8 25 39 45 00 48 89 05 e6 23 98 00 48 83 7b 08
0x00007ffabbd28c66:   00 75 4d 45 33 c9 48 89 5c 24 20 48 8d 15 b0 c9
0x00007ffabbd28c76:   72 00 45 8d 41 04 41 8d 49 08 e8 fb 38 45 00 48
0x00007ffabbd28c86:   89 05 c4 23 98 00 48 83 7b 08 00 75 23 45 33 c9
0x00007ffabbd28c96:   48 89 5c 24 20 48 8d 15 9e c9 72 00 45 8d 41 04 


Stack slot to memory mapping:

stack at sp + 0 slots: 0x000002076c020248 points into unknown readable memory: 0x00007ffabc4bb4e0 | e0 b4 4b bc fa 7f 00 00
stack at sp + 1 slots: 0x00007ffabc12e852 jvm.dll
stack at sp + 2 slots: 0x000002076466e710 is at entry_point+-432 in (nmethod*)0x000002076466e710
Compiled method (c1)   55564 5247       1       java.util.concurrent.ScheduledThreadPoolExecutor$ScheduledFutureTask::compareTo (9 bytes)
 total in heap  [0x000002076466e710,0x000002076466ea70] = 864
 relocation     [0x000002076466e870,0x000002076466e8b0] = 64
 main code      [0x000002076466e8c0,0x000002076466e9b8] = 248
 stub code      [0x000002076466e9b8,0x000002076466ea00] = 72
 metadata       [0x000002076466ea00,0x000002076466ea10] = 16
 scopes data    [0x000002076466ea10,0x000002076466ea28] = 24
 scopes pcs     [0x000002076466ea28,0x000002076466ea68] = 64
 dependencies   [0x000002076466ea68,0x000002076466ea70] = 8
stack at sp + 3 slots: 0x000002076466e710 is at entry_point+-432 in (nmethod*)0x000002076466e710
Compiled method (c1)   55564 5247       1       java.util.concurrent.ScheduledThreadPoolExecutor$ScheduledFutureTask::compareTo (9 bytes)
 total in heap  [0x000002076466e710,0x000002076466ea70] = 864
 relocation     [0x000002076466e870,0x000002076466e8b0] = 64
 main code      [0x000002076466e8c0,0x000002076466e9b8] = 248
 stub code      [0x000002076466e9b8,0x000002076466ea00] = 72
 metadata       [0x000002076466ea00,0x000002076466ea10] = 16
 scopes data    [0x000002076466ea10,0x000002076466ea28] = 24
 scopes pcs     [0x000002076466ea28,0x000002076466ea68] = 64
 dependencies   [0x000002076466ea68,0x000002076466ea70] = 8
stack at sp + 4 slots: 0x000002076466e710 is at entry_point+-432 in (nmethod*)0x000002076466e710
Compiled method (c1)   55565 5247       1       java.util.concurrent.ScheduledThreadPoolExecutor$ScheduledFutureTask::compareTo (9 bytes)
 total in heap  [0x000002076466e710,0x000002076466ea70] = 864
 relocation     [0x000002076466e870,0x000002076466e8b0] = 64
 main code      [0x000002076466e8c0,0x000002076466e9b8] = 248
 stub code      [0x000002076466e9b8,0x000002076466ea00] = 72
 metadata       [0x000002076466ea00,0x000002076466ea10] = 16
 scopes data    [0x000002076466ea10,0x000002076466ea28] = 24
 scopes pcs     [0x000002076466ea28,0x000002076466ea68] = 64
 dependencies   [0x000002076466ea68,0x000002076466ea70] = 8
stack at sp + 5 slots: 0x00007ffabbd28940 jvm.dll
stack at sp + 6 slots: 0x00007ffabc6ccc68 jvm.dll
stack at sp + 7 slots: 0x00007ffabc131318 jvm.dll


---------------  P R O C E S S  ---------------

Threads class SMR info:
_java_thread_list=0x0000020772d8ad10, length=27, elements={
0x000002076c00f300, 0x000002076c010220, 0x000002076c0136f0, 0x000002076c015900,
0x000002076c0165e0, 0x000002076c017040, 0x000002076c01fad0, 0x000002076c299670,
0x000002076c2a02d0, 0x0000020771cda270, 0x0000020771cda8e0, 0x0000020771c91320,
0x000002076c91a030, 0x000002077243ed50, 0x000002077310d060, 0x000002077310fe50,
0x000002077310d6f0, 0x000002077310dd80, 0x000002077310e410, 0x00000207731104e0,
0x000002077310eaa0, 0x000002077310f130, 0x000002077310f7c0, 0x000002077329fab0,
0x000002077329c630, 0x00000207732a14f0, 0x00000207732a0e60
}

Java Threads: ( => current thread )
  0x000002076c00f300 JavaThread "Reference Handler"          daemon [_thread_blocked, id=4708, stack(0x000000341da00000,0x000000341db00000) (1024K)]
  0x000002076c010220 JavaThread "Finalizer"                  daemon [_thread_blocked, id=15280, stack(0x000000341db00000,0x000000341dc00000) (1024K)]
  0x000002076c0136f0 JavaThread "Signal Dispatcher"          daemon [_thread_blocked, id=11328, stack(0x000000341dc00000,0x000000341dd00000) (1024K)]
  0x000002076c015900 JavaThread "Attach Listener"            daemon [_thread_blocked, id=12504, stack(0x000000341dd00000,0x000000341de00000) (1024K)]
  0x000002076c0165e0 JavaThread "Service Thread"             daemon [_thread_blocked, id=6276, stack(0x000000341de00000,0x000000341df00000) (1024K)]
  0x000002076c017040 JavaThread "Monitor Deflation Thread"   daemon [_thread_blocked, id=1080, stack(0x000000341df00000,0x000000341e000000) (1024K)]
=>0x000002076c01fad0 JavaThread "C1 CompilerThread0"         daemon [_thread_in_vm, id=15068, stack(0x000000341e000000,0x000000341e100000) (1024K)]
  0x000002076c299670 JavaThread "Notification Thread"        daemon [_thread_blocked, id=7656, stack(0x000000341e200000,0x000000341e300000) (1024K)]
  0x000002076c2a02d0 JavaThread "Common-Cleaner"             daemon [_thread_blocked, id=6296, stack(0x000000341e300000,0x000000341e400000) (1024K)]
  0x0000020771cda270 JavaThread "Catalina-utility-1"                [_thread_blocked, id=12244, stack(0x000000341e800000,0x000000341e900000) (1024K)]
  0x0000020771cda8e0 JavaThread "Catalina-utility-2"                [_thread_blocked, id=1880, stack(0x000000341e900000,0x000000341ea00000) (1024K)]
  0x0000020771c91320 JavaThread "container-0"                       [_thread_blocked, id=12664, stack(0x000000341ea00000,0x000000341eb00000) (1024K)]
  0x000002076c91a030 JavaThread "mysql-cj-abandoned-connection-cleanup" daemon [_thread_blocked, id=15184, stack(0x000000341eb00000,0x000000341ec00000) (1024K)]
  0x000002077243ed50 JavaThread "HikariPool-1:housekeeper"   daemon [_thread_blocked, id=1720, stack(0x000000341ed00000,0x000000341ee00000) (1024K)]
  0x000002077310d060 JavaThread "http-nio-8083-exec-1"       daemon [_thread_blocked, id=13688, stack(0x000000341e400000,0x000000341e500000) (1024K)]
  0x000002077310fe50 JavaThread "http-nio-8083-exec-2"       daemon [_thread_blocked, id=13156, stack(0x000000341ee00000,0x000000341ef00000) (1024K)]
  0x000002077310d6f0 JavaThread "http-nio-8083-exec-3"       daemon [_thread_blocked, id=2936, stack(0x000000341ef00000,0x000000341f000000) (1024K)]
  0x000002077310dd80 JavaThread "http-nio-8083-exec-4"       daemon [_thread_blocked, id=6740, stack(0x000000341f000000,0x000000341f100000) (1024K)]
  0x000002077310e410 JavaThread "http-nio-8083-exec-5"       daemon [_thread_blocked, id=2892, stack(0x000000341f100000,0x000000341f200000) (1024K)]
  0x00000207731104e0 JavaThread "http-nio-8083-exec-6"       daemon [_thread_blocked, id=4828, stack(0x000000341f200000,0x000000341f300000) (1024K)]
  0x000002077310eaa0 JavaThread "http-nio-8083-exec-7"       daemon [_thread_blocked, id=13276, stack(0x000000341f300000,0x000000341f400000) (1024K)]
  0x000002077310f130 JavaThread "http-nio-8083-exec-8"       daemon [_thread_blocked, id=884, stack(0x000000341f400000,0x000000341f500000) (1024K)]
  0x000002077310f7c0 JavaThread "http-nio-8083-exec-9"       daemon [_thread_blocked, id=12744, stack(0x000000341f500000,0x000000341f600000) (1024K)]
  0x000002077329fab0 JavaThread "http-nio-8083-exec-10"      daemon [_thread_blocked, id=4356, stack(0x000000341f600000,0x000000341f700000) (1024K)]
  0x000002077329c630 JavaThread "http-nio-8083-Poller"       daemon [_thread_in_native, id=3996, stack(0x000000341f700000,0x000000341f800000) (1024K)]
  0x00000207732a14f0 JavaThread "http-nio-8083-Acceptor"     daemon [_thread_in_native, id=14656, stack(0x000000341f800000,0x000000341f900000) (1024K)]
  0x00000207732a0e60 JavaThread "DestroyJavaVM"                     [_thread_blocked, id=7184, stack(0x000000341d200000,0x000000341d300000) (1024K)]
Total: 27

Other Threads:
  0x000002076bff2000 VMThread "VM Thread"                           [id=13768, stack(0x000000341d900000,0x000000341da00000) (1024K)]
  0x000002076bfd9b70 WatcherThread "VM Periodic Task Thread"        [id=14624, stack(0x000000341d800000,0x000000341d900000) (1024K)]
  0x000002075c0b2680 WorkerThread "GC Thread#0"                     [id=15312, stack(0x000000341d300000,0x000000341d400000) (1024K)]
  0x000002076c96df70 WorkerThread "GC Thread#1"                     [id=11548, stack(0x000000341e500000,0x000000341e600000) (1024K)]
  0x000002076c96e600 WorkerThread "GC Thread#2"                     [id=11280, stack(0x000000341e600000,0x000000341e700000) (1024K)]
  0x000002076ca68920 WorkerThread "GC Thread#3"                     [id=5144, stack(0x000000341e700000,0x000000341e800000) (1024K)]
  0x000002075c0c3b70 ConcurrentGCThread "G1 Main Marker"            [id=15244, stack(0x000000341d400000,0x000000341d500000) (1024K)]
  0x000002075c0c4d20 WorkerThread "G1 Conc#0"                       [id=14408, stack(0x000000341d500000,0x000000341d600000) (1024K)]
  0x000002075c11e890 ConcurrentGCThread "G1 Refine#0"               [id=13172, stack(0x000000341d600000,0x000000341d700000) (1024K)]
  0x000002076be99d50 ConcurrentGCThread "G1 Service"                [id=14068, stack(0x000000341d700000,0x000000341d800000) (1024K)]
Total: 10

Threads with active compile tasks:
C1 CompilerThread0    55570 5247       1       java.util.concurrent.ScheduledThreadPoolExecutor$ScheduledFutureTask::compareTo (9 bytes)
Total: 1

VM state: not at safepoint (normal execution)

VM Mutex/Monitor currently owned by a thread:  ([mutex/lock_event])
[0x00007ffabc6cb8e8] MethodCompileQueue_lock - owner thread: 0x000002076c01fad0
[0x00007ffabc6ccc68] CodeCache_lock - owner thread: 0x000002076c01fad0
[0x00007ffabc6ccde8] Compile_lock - owner thread: 0x000002076c01fad0

Heap address: 0x0000000081e00000, size: 2018 MB, Compressed Oops mode: 32-bit

CDS archive(s) mapped at: [0x0000020700000000-0x0000020700c90000-0x0000020700c90000), size 13172736, SharedBaseAddress: 0x0000020700000000, ArchiveRelocationMode: 1.
Compressed class space mapped at: 0x0000020701000000-0x0000020741000000, reserved size: 1073741824
Narrow klass base: 0x0000020700000000, Narrow klass shift: 0, Narrow klass range: 0x100000000

GC Precious Log:
 CardTable entry size: 512
 Card Set container configuration: InlinePtr #cards 5 size 8 Array Of Cards #cards 12 size 40 Howl #buckets 4 coarsen threshold 1843 Howl Bitmap #cards 512 size 80 coarsen threshold 460 Card regions per heap region 1 cards per card region 2048
 CPUs: 4 total, 4 available
 Memory: 8067M
 Large Page Support: Disabled
 NUMA Support: Disabled
 Compressed Oops: Enabled (32-bit)
 Heap Region Size: 1M
 Heap Min Capacity: 8M
 Heap Initial Capacity: 128M
 Heap Max Capacity: 2018M
 Pre-touch: Disabled
 Parallel Workers: 4
 Concurrent Workers: 1
 Concurrent Refinement Workers: 4
 Periodic GC: Disabled

Heap:
 garbage-first heap   total 55296K, used 40166K [0x0000000081e00000, 0x0000000100000000)
  region size 1024K, 11 young (11264K), 2 survivors (2048K)
 Metaspace       used 63099K, committed 63936K, reserved 1114112K
  class space    used 9224K, committed 9600K, reserved 1048576K

Heap Regions: E=young(eden), S=young(survivor), O=old, HS=humongous(starts), HC=humongous(continues), CS=collection set, F=free, TAMS=top-at-mark-start, PB=parsable bottom
|   0|0x0000000081e00000, 0x0000000081f00000, 0x0000000081f00000|100%|HS|  |TAMS 0x0000000081e00000| PB 0x0000000081e00000| Complete 
|   1|0x0000000081f00000, 0x0000000082000000, 0x0000000082000000|100%|HS|  |TAMS 0x0000000081f00000| PB 0x0000000081f00000| Complete 
|   2|0x0000000082000000, 0x0000000082100000, 0x0000000082100000|100%| O|  |TAMS 0x0000000082000000| PB 0x0000000082000000| Untracked 
|   3|0x0000000082100000, 0x0000000082200000, 0x0000000082200000|100%| O|  |TAMS 0x0000000082100000| PB 0x0000000082100000| Untracked 
|   4|0x0000000082200000, 0x0000000082300000, 0x0000000082300000|100%| O|  |TAMS 0x0000000082200000| PB 0x0000000082200000| Untracked 
|   5|0x0000000082300000, 0x0000000082400000, 0x0000000082400000|100%| O|  |TAMS 0x0000000082300000| PB 0x0000000082300000| Untracked 
|   6|0x0000000082400000, 0x0000000082500000, 0x0000000082500000|100%| O|  |TAMS 0x0000000082400000| PB 0x0000000082400000| Untracked 
|   7|0x0000000082500000, 0x0000000082600000, 0x0000000082600000|100%| O|  |TAMS 0x0000000082500000| PB 0x0000000082500000| Untracked 
|   8|0x0000000082600000, 0x0000000082700000, 0x0000000082700000|100%| O|  |TAMS 0x0000000082600000| PB 0x0000000082600000| Untracked 
|   9|0x0000000082700000, 0x0000000082800000, 0x0000000082800000|100%| O|  |TAMS 0x0000000082700000| PB 0x0000000082700000| Untracked 
|  10|0x0000000082800000, 0x0000000082900000, 0x0000000082900000|100%| O|  |TAMS 0x0000000082800000| PB 0x0000000082800000| Untracked 
|  11|0x0000000082900000, 0x0000000082a00000, 0x0000000082a00000|100%| O|  |TAMS 0x0000000082900000| PB 0x0000000082900000| Untracked 
|  12|0x0000000082a00000, 0x0000000082b00000, 0x0000000082b00000|100%| O|  |TAMS 0x0000000082a00000| PB 0x0000000082a00000| Untracked 
|  13|0x0000000082b00000, 0x0000000082c00000, 0x0000000082c00000|100%| O|  |TAMS 0x0000000082b00000| PB 0x0000000082b00000| Untracked 
|  14|0x0000000082c00000, 0x0000000082d00000, 0x0000000082d00000|100%| O|  |TAMS 0x0000000082c00000| PB 0x0000000082c00000| Untracked 
|  15|0x0000000082d00000, 0x0000000082e00000, 0x0000000082e00000|100%| O|  |TAMS 0x0000000082d00000| PB 0x0000000082d00000| Untracked 
|  16|0x0000000082e00000, 0x0000000082f00000, 0x0000000082f00000|100%| O|  |TAMS 0x0000000082e00000| PB 0x0000000082e00000| Untracked 
|  17|0x0000000082f00000, 0x0000000083000000, 0x0000000083000000|100%| O|  |TAMS 0x0000000082f00000| PB 0x0000000082f00000| Untracked 
|  18|0x0000000083000000, 0x0000000083100000, 0x0000000083100000|100%| O|  |TAMS 0x0000000083000000| PB 0x0000000083000000| Untracked 
|  19|0x0000000083100000, 0x0000000083200000, 0x0000000083200000|100%| O|Cm|TAMS 0x0000000083100000| PB 0x0000000083100000| Complete 
|  20|0x0000000083200000, 0x0000000083300000, 0x0000000083300000|100%| O|  |TAMS 0x0000000083200000| PB 0x0000000083200000| Untracked 
|  21|0x0000000083300000, 0x0000000083400000, 0x0000000083400000|100%| O|  |TAMS 0x0000000083300000| PB 0x0000000083300000| Untracked 
|  22|0x0000000083400000, 0x0000000083500000, 0x0000000083500000|100%| O|  |TAMS 0x0000000083400000| PB 0x0000000083400000| Untracked 
|  23|0x0000000083500000, 0x0000000083600000, 0x0000000083600000|100%| O|  |TAMS 0x0000000083500000| PB 0x0000000083500000| Untracked 
|  24|0x0000000083600000, 0x0000000083700000, 0x0000000083700000|100%| O|  |TAMS 0x0000000083600000| PB 0x0000000083600000| Untracked 
|  25|0x0000000083700000, 0x0000000083800000, 0x0000000083800000|100%| O|  |TAMS 0x0000000083700000| PB 0x0000000083700000| Untracked 
|  26|0x0000000083800000, 0x0000000083900000, 0x0000000083900000|100%| O|  |TAMS 0x0000000083800000| PB 0x0000000083800000| Untracked 
|  27|0x0000000083900000, 0x0000000083a00000, 0x0000000083a00000|100%| O|  |TAMS 0x0000000083900000| PB 0x0000000083900000| Untracked 
|  28|0x0000000083a00000, 0x0000000083b00000, 0x0000000083b00000|100%| O|  |TAMS 0x0000000083a00000| PB 0x0000000083a00000| Untracked 
|  29|0x0000000083b00000, 0x0000000083b69fc0, 0x0000000083c00000| 41%| O|  |TAMS 0x0000000083b00000| PB 0x0000000083b00000| Untracked 
|  30|0x0000000083c00000, 0x0000000083c00000, 0x0000000083d00000|  0%| F|  |TAMS 0x0000000083c00000| PB 0x0000000083c00000| Untracked 
|  31|0x0000000083d00000, 0x0000000083d00000, 0x0000000083e00000|  0%| F|  |TAMS 0x0000000083d00000| PB 0x0000000083d00000| Untracked 
|  32|0x0000000083e00000, 0x0000000083ecfa80, 0x0000000083f00000| 81%| S|CS|TAMS 0x0000000083e00000| PB 0x0000000083e00000| Complete 
|  33|0x0000000083f00000, 0x0000000083f00000, 0x0000000084000000|  0%| F|  |TAMS 0x0000000083f00000| PB 0x0000000083f00000| Untracked 
|  34|0x0000000084000000, 0x0000000084000000, 0x0000000084100000|  0%| F|  |TAMS 0x0000000084000000| PB 0x0000000084000000| Untracked 
|  35|0x0000000084100000, 0x0000000084100000, 0x0000000084200000|  0%| F|  |TAMS 0x0000000084100000| PB 0x0000000084100000| Untracked 
|  36|0x0000000084200000, 0x0000000084300000, 0x0000000084300000|100%| S|CS|TAMS 0x0000000084200000| PB 0x0000000084200000| Complete 
|  37|0x0000000084300000, 0x0000000084300000, 0x0000000084400000|  0%| F|  |TAMS 0x0000000084300000| PB 0x0000000084300000| Untracked 
|  38|0x0000000084400000, 0x0000000084400000, 0x0000000084500000|  0%| F|  |TAMS 0x0000000084400000| PB 0x0000000084400000| Untracked 
|  39|0x0000000084500000, 0x0000000084500000, 0x0000000084600000|  0%| F|  |TAMS 0x0000000084500000| PB 0x0000000084500000| Untracked 
|  40|0x0000000084600000, 0x0000000084600000, 0x0000000084700000|  0%| F|  |TAMS 0x0000000084600000| PB 0x0000000084600000| Untracked 
|  41|0x0000000084700000, 0x0000000084700000, 0x0000000084800000|  0%| F|  |TAMS 0x0000000084700000| PB 0x0000000084700000| Untracked 
|  42|0x0000000084800000, 0x0000000084800000, 0x0000000084900000|  0%| F|  |TAMS 0x0000000084800000| PB 0x0000000084800000| Untracked 
|  43|0x0000000084900000, 0x0000000084900000, 0x0000000084a00000|  0%| F|  |TAMS 0x0000000084900000| PB 0x0000000084900000| Untracked 
|  44|0x0000000084a00000, 0x0000000084a00000, 0x0000000084b00000|  0%| F|  |TAMS 0x0000000084a00000| PB 0x0000000084a00000| Untracked 
|  65|0x0000000085f00000, 0x0000000085f7b380, 0x0000000086000000| 48%| E|  |TAMS 0x0000000085f00000| PB 0x0000000085f00000| Complete 
|  66|0x0000000086000000, 0x0000000086100000, 0x0000000086100000|100%| E|CS|TAMS 0x0000000086000000| PB 0x0000000086000000| Complete 
|  67|0x0000000086100000, 0x0000000086200000, 0x0000000086200000|100%| E|CS|TAMS 0x0000000086100000| PB 0x0000000086100000| Complete 
|  68|0x0000000086200000, 0x0000000086300000, 0x0000000086300000|100%| E|CS|TAMS 0x0000000086200000| PB 0x0000000086200000| Complete 
|  69|0x0000000086300000, 0x0000000086400000, 0x0000000086400000|100%| E|CS|TAMS 0x0000000086300000| PB 0x0000000086300000| Complete 
|  70|0x0000000086400000, 0x0000000086500000, 0x0000000086500000|100%| E|CS|TAMS 0x0000000086400000| PB 0x0000000086400000| Complete 
|  71|0x0000000086500000, 0x0000000086600000, 0x0000000086600000|100%| E|CS|TAMS 0x0000000086500000| PB 0x0000000086500000| Complete 
|  72|0x0000000086600000, 0x0000000086700000, 0x0000000086700000|100%| E|CS|TAMS 0x0000000086600000| PB 0x0000000086600000| Complete 
|  73|0x0000000086700000, 0x0000000086800000, 0x0000000086800000|100%| E|CS|TAMS 0x0000000086700000| PB 0x0000000086700000| Complete 

Card table byte_map: [0x00000207678c0000,0x0000020767cc0000] _byte_map_base: 0x00000207674b1000

Marking Bits: (CMBitMap*) 0x000002075c0b2c90
 Bits: [0x0000020767cc0000, 0x0000020769c48000)

Polling page: 0x000002075a060000

Metaspace:

Usage:
  Non-class:     52.61 MB used.
      Class:      9.01 MB used.
       Both:     61.62 MB used.

Virtual space:
  Non-class space:       64.00 MB reserved,      53.06 MB ( 83%) committed,  1 nodes.
      Class space:        1.00 GB reserved,       9.38 MB ( <1%) committed,  1 nodes.
             Both:        1.06 GB reserved,      62.44 MB (  6%) committed. 

Chunk freelists:
   Non-Class:  10.67 MB
       Class:  6.64 MB
        Both:  17.31 MB

MaxMetaspaceSize: unlimited
CompressedClassSpaceSize: 1.00 GB
Initial GC threshold: 21.00 MB
Current GC threshold: 98.12 MB
CDS: on
 - commit_granule_bytes: 65536.
 - commit_granule_words: 8192.
 - virtual_space_node_default_size: 8388608.
 - enlarge_chunks_in_place: 1.
 - use_allocation_guard: 0.


Internal statistics:

num_allocs_failed_limit: 6.
num_arena_births: 1092.
num_arena_deaths: 0.
num_vsnodes_births: 2.
num_vsnodes_deaths: 0.
num_space_committed: 999.
num_space_uncommitted: 0.
num_chunks_returned_to_freelist: 6.
num_chunks_taken_from_freelist: 3442.
num_chunk_merges: 6.
num_chunk_splits: 2462.
num_chunks_enlarged: 1906.
num_inconsistent_stats: 0.

CodeCache: size=49152Kb used=9517Kb max_used=10073Kb free=39634Kb
 bounds [0x00000207644c0000, 0x0000020764ea0000, 0x00000207674c0000]
 total_blobs=5847 nmethods=5172 adapters=599
 compilation: enabled
              stopped_count=0, restarted_count=0
 full_count=0

Compilation events (20 events):
Event: 14.880 Thread 0x000002076c01fad0 nmethod 5237 0x0000020764e95d90 code [0x0000020764e95f20, 0x0000020764e95ff0]
Event: 14.892 Thread 0x000002076c288280 5238       1       io.micrometer.core.instrument.config.MeterFilter::map (2 bytes)
Event: 14.892 Thread 0x000002076c288280 nmethod 5238 0x0000020764e96090 code [0x0000020764e96220, 0x0000020764e962e8]
Event: 15.538 Thread 0x000002076c288280 5239       1       java.util.concurrent.locks.ReentrantReadWriteLock$Sync::exclusiveCount (5 bytes)
Event: 15.538 Thread 0x000002076c288280 nmethod 5239 0x0000020764e96390 code [0x0000020764e96520, 0x0000020764e965d0]
Event: 37.520 Thread 0x000002076c01fad0 5240       1       java.util.concurrent.TimeUnit::toNanos (45 bytes)
Event: 37.521 Thread 0x000002076c01fad0 nmethod 5240 0x000002076466fe90 code [0x0000020764670040, 0x00000207646701d8]
Event: 38.107 Thread 0x000002076c01fad0 5241       1       java.util.concurrent.ThreadPoolExecutor::runStateAtLeast (11 bytes)
Event: 38.108 Thread 0x000002076c01fad0 nmethod 5241 0x000002076466fb90 code [0x000002076466fd20, 0x000002076466fdd8]
Event: 42.945 Thread 0x000002076c01fad0 5242       1       java.util.concurrent.ScheduledThreadPoolExecutor$DelayedWorkQueue::setIndex (16 bytes)
Event: 42.945 Thread 0x000002076c01fad0 nmethod 5242 0x000002076466f810 code [0x000002076466f9a0, 0x000002076466fad8]
Event: 44.478 Thread 0x000002076c01fad0 5243       1       jdk.internal.misc.Unsafe::putReferenceOpaque (9 bytes)
Event: 44.479 Thread 0x000002076c01fad0 nmethod 5243 0x000002076466f510 code [0x000002076466f6a0, 0x000002076466f7b8]
Event: 45.529 Thread 0x000002076c01fad0 5244       1       java.util.concurrent.locks.ReentrantLock$NonfairSync::tryAcquire (27 bytes)
Event: 45.529 Thread 0x000002076c01fad0 nmethod 5244 0x000002076466f190 code [0x000002076466f340, 0x000002076466f4c0]
Event: 46.459 Thread 0x000002076c01fad0 5245       1       java.lang.Thread::isInterrupted (5 bytes)
Event: 46.459 Thread 0x000002076c01fad0 nmethod 5245 0x000002076466ee90 code [0x000002076466f020, 0x000002076466f0f0]
Event: 47.490 Thread 0x000002076c01fad0 5246       1       java.util.concurrent.locks.AbstractQueuedSynchronizer$ConditionObject::canReacquire (38 bytes)
Event: 47.491 Thread 0x000002076c01fad0 nmethod 5246 0x000002076466ea90 code [0x000002076466ec20, 0x000002076466ed80]
Event: 55.466 Thread 0x000002076c01fad0 5247       1       java.util.concurrent.ScheduledThreadPoolExecutor$ScheduledFutureTask::compareTo (9 bytes)

GC Heap History (20 events):
Event: 4.080 GC heap before
{Heap before GC invocations=5 (full 0):
 garbage-first heap   total 55296K, used 39199K [0x0000000081e00000, 0x0000000100000000)
  region size 1024K, 32 young (32768K), 9 survivors (9216K)
 Metaspace       used 23999K, committed 24384K, reserved 1114112K
  class space    used 3420K, committed 3584K, reserved 1048576K
}
Event: 4.100 GC heap after
{Heap after GC invocations=6 (full 0):
 garbage-first heap   total 55296K, used 17330K [0x0000000081e00000, 0x0000000100000000)
  region size 1024K, 2 young (2048K), 2 survivors (2048K)
 Metaspace       used 23999K, committed 24384K, reserved 1114112K
  class space    used 3420K, committed 3584K, reserved 1048576K
}
Event: 5.056 GC heap before
{Heap before GC invocations=6 (full 0):
 garbage-first heap   total 55296K, used 44978K [0x0000000081e00000, 0x0000000100000000)
  region size 1024K, 29 young (29696K), 2 survivors (2048K)
 Metaspace       used 28889K, committed 29376K, reserved 1114112K
  class space    used 4127K, committed 4352K, reserved 1048576K
}
Event: 5.073 GC heap after
{Heap after GC invocations=7 (full 0):
 garbage-first heap   total 55296K, used 20037K [0x0000000081e00000, 0x0000000100000000)
  region size 1024K, 4 young (4096K), 4 survivors (4096K)
 Metaspace       used 28889K, committed 29376K, reserved 1114112K
  class space    used 4127K, committed 4352K, reserved 1048576K
}
Event: 6.154 GC heap before
{Heap before GC invocations=7 (full 0):
 garbage-first heap   total 55296K, used 44613K [0x0000000081e00000, 0x0000000100000000)
  region size 1024K, 29 young (29696K), 4 survivors (4096K)
 Metaspace       used 33445K, committed 33984K, reserved 1114112K
  class space    used 4798K, committed 5056K, reserved 1048576K
}
Event: 6.163 GC heap after
{Heap after GC invocations=8 (full 0):
 garbage-first heap   total 55296K, used 22190K [0x0000000081e00000, 0x0000000100000000)
  region size 1024K, 2 young (2048K), 2 survivors (2048K)
 Metaspace       used 33445K, committed 33984K, reserved 1114112K
  class space    used 4798K, committed 5056K, reserved 1048576K
}
Event: 6.548 GC heap before
{Heap before GC invocations=8 (full 0):
 garbage-first heap   total 55296K, used 28334K [0x0000000081e00000, 0x0000000100000000)
  region size 1024K, 10 young (10240K), 2 survivors (2048K)
 Metaspace       used 35438K, committed 35968K, reserved 1114112K
  class space    used 5109K, committed 5376K, reserved 1048576K
}
Event: 6.553 GC heap after
{Heap after GC invocations=9 (full 0):
 garbage-first heap   total 55296K, used 22642K [0x0000000081e00000, 0x0000000100000000)
  region size 1024K, 3 young (3072K), 3 survivors (3072K)
 Metaspace       used 35438K, committed 35968K, reserved 1114112K
  class space    used 5109K, committed 5376K, reserved 1048576K
}
Event: 8.173 GC heap before
{Heap before GC invocations=10 (full 0):
 garbage-first heap   total 55296K, used 46194K [0x0000000081e00000, 0x0000000100000000)
  region size 1024K, 27 young (27648K), 3 survivors (3072K)
 Metaspace       used 41851K, committed 42432K, reserved 1114112K
  class space    used 5992K, committed 6272K, reserved 1048576K
}
Event: 8.181 GC heap after
{Heap after GC invocations=11 (full 0):
 garbage-first heap   total 55296K, used 24792K [0x0000000081e00000, 0x0000000100000000)
  region size 1024K, 3 young (3072K), 3 survivors (3072K)
 Metaspace       used 41851K, committed 42432K, reserved 1114112K
  class space    used 5992K, committed 6272K, reserved 1048576K
}
Event: 9.177 GC heap before
{Heap before GC invocations=11 (full 0):
 garbage-first heap   total 55296K, used 46296K [0x0000000081e00000, 0x0000000100000000)
  region size 1024K, 25 young (25600K), 3 survivors (3072K)
 Metaspace       used 46669K, committed 47232K, reserved 1114112K
  class space    used 6642K, committed 6912K, reserved 1048576K
}
Event: 9.183 GC heap after
{Heap after GC invocations=12 (full 0):
 garbage-first heap   total 55296K, used 25942K [0x0000000081e00000, 0x0000000100000000)
  region size 1024K, 4 young (4096K), 4 survivors (4096K)
 Metaspace       used 46669K, committed 47232K, reserved 1114112K
  class space    used 6642K, committed 6912K, reserved 1048576K
}
Event: 10.316 GC heap before
{Heap before GC invocations=12 (full 0):
 garbage-first heap   total 55296K, used 45398K [0x0000000081e00000, 0x0000000100000000)
  region size 1024K, 24 young (24576K), 4 survivors (4096K)
 Metaspace       used 52698K, committed 53312K, reserved 1114112K
  class space    used 7631K, committed 7936K, reserved 1048576K
}
Event: 10.323 GC heap after
{Heap after GC invocations=13 (full 0):
 garbage-first heap   total 55296K, used 26720K [0x0000000081e00000, 0x0000000100000000)
  region size 1024K, 3 young (3072K), 3 survivors (3072K)
 Metaspace       used 52698K, committed 53312K, reserved 1114112K
  class space    used 7631K, committed 7936K, reserved 1048576K
}
Event: 11.579 GC heap before
{Heap before GC invocations=13 (full 0):
 garbage-first heap   total 55296K, used 47200K [0x0000000081e00000, 0x0000000100000000)
  region size 1024K, 23 young (23552K), 3 survivors (3072K)
 Metaspace       used 57104K, committed 57728K, reserved 1114112K
  class space    used 8248K, committed 8512K, reserved 1048576K
}
Event: 11.585 GC heap after
{Heap after GC invocations=14 (full 0):
 garbage-first heap   total 55296K, used 28337K [0x0000000081e00000, 0x0000000100000000)
  region size 1024K, 3 young (3072K), 3 survivors (3072K)
 Metaspace       used 57104K, committed 57728K, reserved 1114112K
  class space    used 8248K, committed 8512K, reserved 1048576K
}
Event: 13.122 GC heap before
{Heap before GC invocations=14 (full 0):
 garbage-first heap   total 55296K, used 46769K [0x0000000081e00000, 0x0000000100000000)
  region size 1024K, 21 young (21504K), 3 survivors (3072K)
 Metaspace       used 59355K, committed 60032K, reserved 1114112K
  class space    used 8602K, committed 8896K, reserved 1048576K
}
Event: 13.131 GC heap after
{Heap after GC invocations=15 (full 0):
 garbage-first heap   total 55296K, used 30165K [0x0000000081e00000, 0x0000000100000000)
  region size 1024K, 3 young (3072K), 3 survivors (3072K)
 Metaspace       used 59355K, committed 60032K, reserved 1114112K
  class space    used 8602K, committed 8896K, reserved 1048576K
}
Event: 14.225 GC heap before
{Heap before GC invocations=16 (full 0):
 garbage-first heap   total 55296K, used 47573K [0x0000000081e00000, 0x0000000100000000)
  region size 1024K, 20 young (20480K), 3 survivors (3072K)
 Metaspace       used 60874K, committed 61568K, reserved 1114112K
  class space    used 8919K, committed 9216K, reserved 1048576K
}
Event: 14.236 GC heap after
{Heap after GC invocations=17 (full 0):
 garbage-first heap   total 55296K, used 31974K [0x0000000081e00000, 0x0000000100000000)
  region size 1024K, 2 young (2048K), 2 survivors (2048K)
 Metaspace       used 60874K, committed 61568K, reserved 1114112K
  class space    used 8919K, committed 9216K, reserved 1048576K
}

Dll operation events (9 events):
Event: 0.012 Loaded shared library C:\Program Files\Java\jdk-21\bin\java.dll
Event: 0.220 Loaded shared library C:\Program Files\Java\jdk-21\bin\net.dll
Event: 0.230 Loaded shared library C:\Program Files\Java\jdk-21\bin\nio.dll
Event: 0.247 Loaded shared library C:\Program Files\Java\jdk-21\bin\zip.dll
Event: 0.504 Loaded shared library C:\Program Files\Java\jdk-21\bin\jimage.dll
Event: 2.986 Loaded shared library C:\Program Files\Java\jdk-21\bin\sunmscapi.dll
Event: 5.075 Loaded shared library C:\Program Files\Java\jdk-21\bin\management.dll
Event: 5.079 Loaded shared library C:\Program Files\Java\jdk-21\bin\management_ext.dll
Event: 7.598 Loaded shared library C:\Program Files\Java\jdk-21\bin\extnet.dll

Deoptimization events (0 events):
No events

Classes loaded (20 events):
Event: 14.859 Loading class javax/management/StandardMBean$MBeanInfoSafeAction
Event: 14.859 Loading class javax/management/StandardMBean$MBeanInfoSafeAction done
Event: 14.860 Loading class jdk/jfr/Recording
Event: 14.860 Loading class jdk/jfr/Recording done
Event: 14.860 Loading class jdk/jfr/FlightRecorder
Event: 14.860 Loading class jdk/jfr/FlightRecorder done
Event: 14.860 Loading class jdk/management/jfr/FlightRecorderMXBeanImpl$MXBeanListener
Event: 14.860 Loading class jdk/jfr/FlightRecorderListener
Event: 14.860 Loading class jdk/jfr/FlightRecorderListener done
Event: 14.860 Loading class jdk/management/jfr/FlightRecorderMXBeanImpl$MXBeanListener done
Event: 14.862 Loading class javax/management/ObjectName$PatternProperty
Event: 14.862 Loading class javax/management/ObjectName$PatternProperty done
Event: 14.863 Loading class com/sun/jmx/interceptor/DefaultMBeanServerInterceptor$ListenerWrapper
Event: 14.863 Loading class com/sun/jmx/interceptor/DefaultMBeanServerInterceptor$ListenerWrapper done
Event: 14.863 Loading class javax/management/NotificationBroadcasterSupport$ListenerInfo
Event: 14.864 Loading class javax/management/NotificationBroadcasterSupport$ListenerInfo done
Event: 14.903 Loading class java/util/IdentityHashMap$KeySpliterator
Event: 14.903 Loading class java/util/IdentityHashMap$IdentityHashMapSpliterator
Event: 14.903 Loading class java/util/IdentityHashMap$IdentityHashMapSpliterator done
Event: 14.903 Loading class java/util/IdentityHashMap$KeySpliterator done

Classes unloaded (0 events):
No events

Classes redefined (0 events):
No events

Internal exceptions (20 events):
Event: 12.708 Thread 0x0000020759e619a0 Exception <a 'java/lang/NoSuchMethodError'{0x0000000084609e20}: 'java.lang.Object java.lang.invoke.DirectMethodHandle$Holder.invokeStatic(java.lang.Object, int, java.lang.Object, java.lang.Object)'> (0x0000000084609e20) 
thrown [s\open\src\hotspot\share\interpreter\linkResolver.cpp, line 773]
Event: 12.710 Thread 0x0000020759e619a0 Exception <a 'java/lang/NoSuchMethodError'{0x000000008460e1c8}: 'java.lang.Object java.lang.invoke.DirectMethodHandle$Holder.invokeSpecial(java.lang.Object, java.lang.Object, int, java.lang.Object, java.lang.Object)'> (0x000000008460e1c8) 
thrown [s\open\src\hotspot\share\interpreter\linkResolver.cpp, line 773]
Event: 12.710 Thread 0x0000020759e619a0 Exception <a 'java/lang/NoSuchMethodError'{0x0000000084611ea8}: 'java.lang.Object java.lang.invoke.DelegatingMethodHandle$Holder.delegate(java.lang.Object, int, java.lang.Object, java.lang.Object)'> (0x0000000084611ea8) 
thrown [s\open\src\hotspot\share\interpreter\linkResolver.cpp, line 773]
Event: 12.712 Thread 0x0000020759e619a0 Exception <a 'java/lang/NoSuchMethodError'{0x00000000846217b0}: 'int java.lang.invoke.Invokers$Holder.linkToTargetMethod(java.lang.Object, java.lang.Object, java.lang.Object)'> (0x00000000846217b0) 
thrown [s\open\src\hotspot\share\interpreter\linkResolver.cpp, line 773]
Event: 12.843 Thread 0x0000020759e619a0 Exception <a 'java/lang/NoSuchMethodError'{0x0000000084585d78}: 'void java.lang.invoke.Invokers$Holder.invokeExact_MT(java.lang.Object, java.lang.Object, java.lang.Object, java.lang.Object)'> (0x0000000084585d78) 
thrown [s\open\src\hotspot\share\interpreter\linkResolver.cpp, line 773]
Event: 13.013 Thread 0x0000020759e619a0 Exception <a 'java/lang/IncompatibleClassChangeError'{0x00000000843827e8}: Found class java.lang.Object, but interface was expected> (0x00000000843827e8) 
thrown [s\open\src\hotspot\share\interpreter\linkResolver.cpp, line 840]
Event: 13.287 Thread 0x0000020759e619a0 Exception <a 'java/lang/NoSuchMethodError'{0x00000000865b9358}: 'int java.lang.invoke.DirectMethodHandle$Holder.invokeStaticInit(java.lang.Object, java.lang.Object, java.lang.Object, java.lang.Object)'> (0x00000000865b9358) 
thrown [s\open\src\hotspot\share\interpreter\linkResolver.cpp, line 773]
Event: 13.404 Thread 0x0000020759e619a0 Exception <a 'java/lang/IncompatibleClassChangeError'{0x00000000863e3868}: Found class java.lang.Object, but interface was expected> (0x00000000863e3868) 
thrown [s\open\src\hotspot\share\interpreter\linkResolver.cpp, line 840]
Event: 13.449 Thread 0x0000020759e619a0 Exception <a 'java/lang/NoSuchMethodError'{0x0000000086274dc0}: 'java.lang.Object java.lang.invoke.DirectMethodHandle$Holder.newInvokeSpecial(java.lang.Object, java.lang.Object, java.lang.Object, java.lang.Object, java.lang.Object, java.lang.Object, java.lang.Object, java.lang.Object, java.lang.Object)'> (0x0000000086274dc0) 
thrown [s\open\src\hotspot\share\interpreter\linkResolver.cpp, line 773]
Event: 13.597 Thread 0x0000020759e619a0 Exception <a 'java/lang/NoSuchMethodError'{0x00000000860229e8}: 'java.lang.Object java.lang.invoke.DirectMethodHandle$Holder.invokeVirtual(java.lang.Object, java.lang.Object, java.lang.Object, java.lang.Object, java.lang.Object, java.lang.Object, java.lang.Object, java.lang.Object, java.lang.Object)'> (0x00000000860229e8) 
thrown [s\open\src\hotspot\share\interpreter\linkResolver.cpp, line 773]
Event: 13.616 Thread 0x0000020759e619a0 Exception <a 'java/lang/NoSuchMethodError'{0x000000008606c2e8}: 'int java.lang.invoke.DirectMethodHandle$Holder.invokeStatic(java.lang.Object, java.lang.Object, java.lang.Object, java.lang.Object, java.lang.Object)'> (0x000000008606c2e8) 
thrown [s\open\src\hotspot\share\interpreter\linkResolver.cpp, line 773]
Event: 13.853 Thread 0x0000020759e619a0 Exception <a 'java/lang/IncompatibleClassChangeError'{0x00000000848c4ee8}: Found class java.lang.Object, but interface was expected> (0x00000000848c4ee8) 
thrown [s\open\src\hotspot\share\interpreter\linkResolver.cpp, line 840]
Event: 13.869 Thread 0x0000020759e619a0 Exception <a 'java/lang/NoSuchMethodError'{0x0000000084704288}: 'double java.lang.invoke.DirectMethodHandle$Holder.invokeStatic(java.lang.Object, java.lang.Object)'> (0x0000000084704288) 
thrown [s\open\src\hotspot\share\interpreter\linkResolver.cpp, line 773]
Event: 13.928 Thread 0x0000020759e619a0 Exception <a 'java/lang/NoSuchMethodError'{0x00000000847cf4a0}: 'java.lang.Object java.lang.invoke.Invokers$Holder.invoke_MT(java.lang.Object, java.lang.Object, java.lang.Object, java.lang.Object, java.lang.Object, java.lang.Object, java.lang.Object, java.lang.Object, java.lang.Object, java.lang.Object, java.lang.Object)'> (0x00000000847cf4a0) 
thrown [s\open\src\hotspot\share\interpreter\linkResolver.cpp, line 773]
Event: 14.263 Thread 0x0000020759e619a0 Exception <a 'java/lang/NoSuchMethodError'{0x00000000867dbc98}: 'void java.lang.invoke.DirectMethodHandle$Holder.invokeStatic(java.lang.Object, java.lang.Object, double)'> (0x00000000867dbc98) 
thrown [s\open\src\hotspot\share\interpreter\linkResolver.cpp, line 773]
Event: 14.296 Thread 0x0000020759e619a0 Exception <a 'java/lang/NoSuchMethodError'{0x0000000086631420}: 'double java.lang.invoke.DirectMethodHandle$Holder.invokeStatic(java.lang.Object, java.lang.Object, java.lang.Object)'> (0x0000000086631420) 
thrown [s\open\src\hotspot\share\interpreter\linkResolver.cpp, line 773]
Event: 14.305 Thread 0x000002076c299670 Exception <a 'java/lang/NoSuchMethodError'{0x000000008671c300}: 'long java.lang.invoke.DirectMethodHandle$Holder.invokeStatic(java.lang.Object, java.lang.Object, java.lang.Object)'> (0x000000008671c300) 
thrown [s\open\src\hotspot\share\interpreter\linkResolver.cpp, line 773]
Event: 14.346 Thread 0x0000020759e619a0 Exception <a 'java/lang/IncompatibleClassChangeError'{0x000000008651df28}: Found class java.lang.Object, but interface was expected> (0x000000008651df28) 
thrown [s\open\src\hotspot\share\interpreter\linkResolver.cpp, line 840]
Event: 14.356 Thread 0x0000020759e619a0 Exception <a 'java/lang/NoSuchMethodError'{0x000000008654e8a8}: 'java.lang.Object java.lang.invoke.DirectMethodHandle$Holder.newInvokeSpecial(java.lang.Object, java.lang.Object, int, java.lang.Object, java.lang.Object)'> (0x000000008654e8a8) 
thrown [s\open\src\hotspot\share\interpreter\linkResolver.cpp, line 773]
Event: 14.528 Thread 0x0000020759e619a0 Exception <a 'java/lang/IncompatibleClassChangeError'{0x00000000864fc578}: Found class java.lang.Object, but interface was expected> (0x00000000864fc578) 
thrown [s\open\src\hotspot\share\interpreter\linkResolver.cpp, line 840]

ZGC Phase Switch (0 events):
No events

VM Operations (20 events):
Event: 13.064 Executing VM operation: Cleanup
Event: 13.064 Executing VM operation: Cleanup done
Event: 13.122 Executing VM operation: G1CollectForAllocation (G1 Evacuation Pause)
Event: 13.131 Executing VM operation: G1CollectForAllocation (G1 Evacuation Pause) done
Event: 13.214 Executing VM operation: G1PauseRemark
Event: 13.221 Executing VM operation: G1PauseRemark done
Event: 13.224 Executing VM operation: HandshakeAllThreads (Deoptimize)
Event: 13.224 Executing VM operation: HandshakeAllThreads (Deoptimize) done
Event: 13.252 Executing VM operation: G1PauseCleanup
Event: 13.253 Executing VM operation: G1PauseCleanup done
Event: 13.671 Executing VM operation: HandshakeAllThreads (Deoptimize)
Event: 13.671 Executing VM operation: HandshakeAllThreads (Deoptimize) done
Event: 14.225 Executing VM operation: G1CollectForAllocation (G1 Evacuation Pause)
Event: 14.237 Executing VM operation: G1CollectForAllocation (G1 Evacuation Pause) done
Event: 14.302 Executing VM operation: HandshakeAllThreads (Deoptimize)
Event: 14.303 Executing VM operation: HandshakeAllThreads (Deoptimize) done
Event: 14.644 Executing VM operation: HandshakeAllThreads (Deoptimize)
Event: 14.644 Executing VM operation: HandshakeAllThreads (Deoptimize) done
Event: 15.658 Executing VM operation: Cleanup
Event: 15.658 Executing VM operation: Cleanup done

Events (20 events):
Event: 13.219 Thread 0x000002076bff2000 flushing nmethod 0x0000020764861790
Event: 13.219 Thread 0x000002076bff2000 flushing nmethod 0x0000020764855010
Event: 13.219 Thread 0x000002076bff2000 flushing nmethod 0x0000020764697190
Event: 13.219 Thread 0x000002076bff2000 flushing nmethod 0x00000207645c9e90
Event: 13.591 Thread 0x0000020771eee2c0 Thread exited: 0x0000020771eee2c0
Event: 14.381 Thread 0x000002077310d060 Thread added: 0x000002077310d060
Event: 14.381 Thread 0x000002077310fe50 Thread added: 0x000002077310fe50
Event: 14.381 Thread 0x000002077310d6f0 Thread added: 0x000002077310d6f0
Event: 14.381 Thread 0x000002077310dd80 Thread added: 0x000002077310dd80
Event: 14.381 Thread 0x000002077310e410 Thread added: 0x000002077310e410
Event: 14.382 Thread 0x00000207731104e0 Thread added: 0x00000207731104e0
Event: 14.382 Thread 0x000002077310eaa0 Thread added: 0x000002077310eaa0
Event: 14.382 Thread 0x000002077310f130 Thread added: 0x000002077310f130
Event: 14.382 Thread 0x000002077310f7c0 Thread added: 0x000002077310f7c0
Event: 14.382 Thread 0x000002077329fab0 Thread added: 0x000002077329fab0
Event: 14.421 Thread 0x000002077329c630 Thread added: 0x000002077329c630
Event: 14.425 Thread 0x00000207732a14f0 Thread added: 0x00000207732a14f0
Event: 14.905 Thread 0x0000020759e619a0 Thread exited: 0x0000020759e619a0
Event: 14.905 Thread 0x00000207732a0e60 Thread added: 0x00000207732a0e60
Event: 20.545 Thread 0x000002076c288280 Thread exited: 0x000002076c288280


Dynamic libraries:
0x00007ff714400000 - 0x00007ff714410000 	C:\Program Files\Java\jdk-21\bin\java.exe
0x00007ffb0b130000 - 0x00007ffb0b328000 	C:\Windows\SYSTEM32\ntdll.dll
0x00007ffb09200000 - 0x00007ffb092c2000 	C:\Windows\System32\KERNEL32.DLL
0x00007ffb08970000 - 0x00007ffb08c66000 	C:\Windows\System32\KERNELBASE.dll
0x00007ffb08d40000 - 0x00007ffb08e40000 	C:\Windows\System32\ucrtbase.dll
0x00007ffb00e40000 - 0x00007ffb00e59000 	C:\Program Files\Java\jdk-21\bin\jli.dll
0x00007ffb00e20000 - 0x00007ffb00e3b000 	C:\Program Files\Java\jdk-21\bin\VCRUNTIME140.dll
0x00007ffb09fb0000 - 0x00007ffb0a061000 	C:\Windows\System32\ADVAPI32.dll
0x00007ffb09860000 - 0x00007ffb098fe000 	C:\Windows\System32\msvcrt.dll
0x00007ffb0a710000 - 0x00007ffb0a7af000 	C:\Windows\System32\sechost.dll
0x00007ffb09d90000 - 0x00007ffb09eb0000 	C:\Windows\System32\RPCRT4.dll
0x00007ffb09040000 - 0x00007ffb09067000 	C:\Windows\System32\bcrypt.dll
0x00007ffb096b0000 - 0x00007ffb09851000 	C:\Windows\System32\USER32.dll
0x00007ffb09070000 - 0x00007ffb09092000 	C:\Windows\System32\win32u.dll
0x00007ffb0af80000 - 0x00007ffb0afab000 	C:\Windows\System32\GDI32.dll
0x00007ffb087c0000 - 0x00007ffb088d9000 	C:\Windows\System32\gdi32full.dll
0x00007ffb07aa0000 - 0x00007ffb07d3b000 	C:\Windows\WinSxS\amd64_microsoft.windows.common-controls_6595b64144ccf1df_6.0.19041.6456_none_60b8a6cb71f64256\COMCTL32.dll
0x00007ffb08e40000 - 0x00007ffb08edd000 	C:\Windows\System32\msvcp_win.dll
0x00007ffaf7780000 - 0x00007ffaf778a000 	C:\Windows\SYSTEM32\VERSION.dll
0x00007ffb0a5c0000 - 0x00007ffb0a5ef000 	C:\Windows\System32\IMM32.DLL
0x00007ffaf1960000 - 0x00007ffaf196c000 	C:\Program Files\Java\jdk-21\bin\vcruntime140_1.dll
0x00007ffae8d30000 - 0x00007ffae8dbe000 	C:\Program Files\Java\jdk-21\bin\msvcp140.dll
0x00007ffabba90000 - 0x00007ffabc7a7000 	C:\Program Files\Java\jdk-21\bin\server\jvm.dll
0x00007ffb0afc0000 - 0x00007ffb0b02b000 	C:\Windows\System32\WS2_32.dll
0x00007ffb08310000 - 0x00007ffb0835b000 	C:\Windows\SYSTEM32\POWRPROF.dll
0x00007ffaf8ea0000 - 0x00007ffaf8ec7000 	C:\Windows\SYSTEM32\WINMM.dll
0x00007ffb07e30000 - 0x00007ffb07e42000 	C:\Windows\SYSTEM32\UMPDC.dll
0x00007ffb05f50000 - 0x00007ffb05f62000 	C:\Windows\SYSTEM32\kernel.appcore.dll
0x00007ffaef090000 - 0x00007ffaef09a000 	C:\Program Files\Java\jdk-21\bin\jimage.dll
0x00007ffb08100000 - 0x00007ffb08301000 	C:\Windows\SYSTEM32\DBGHELP.DLL
0x00007ffb08010000 - 0x00007ffb08044000 	C:\Windows\SYSTEM32\dbgcore.DLL
0x00007ffb088e0000 - 0x00007ffb08962000 	C:\Windows\System32\bcryptPrimitives.dll
0x00007ffaef070000 - 0x00007ffaef08f000 	C:\Program Files\Java\jdk-21\bin\java.dll
0x00007ffb0a7b0000 - 0x00007ffb0af20000 	C:\Windows\System32\SHELL32.dll
0x00007ffb06150000 - 0x00007ffb068f5000 	C:\Windows\SYSTEM32\windows.storage.dll
0x00007ffb09a30000 - 0x00007ffb09d84000 	C:\Windows\System32\combase.dll
0x00007ffb07a00000 - 0x00007ffb07a2b000 	C:\Windows\SYSTEM32\Wldp.dll
0x00007ffb095c0000 - 0x00007ffb0968d000 	C:\Windows\System32\OLEAUT32.dll
0x00007ffb09480000 - 0x00007ffb0952d000 	C:\Windows\System32\SHCORE.dll
0x00007ffb0b090000 - 0x00007ffb0b0eb000 	C:\Windows\System32\shlwapi.dll
0x00007ffb086f0000 - 0x00007ffb08714000 	C:\Windows\SYSTEM32\profapi.dll
0x00007ffaef060000 - 0x00007ffaef070000 	C:\Program Files\Java\jdk-21\bin\net.dll
0x00007ffaffa40000 - 0x00007ffaffb4a000 	C:\Windows\SYSTEM32\WINHTTP.dll
0x00007ffb077c0000 - 0x00007ffb0782a000 	C:\Windows\system32\mswsock.dll
0x00007ffae8e70000 - 0x00007ffae8e86000 	C:\Program Files\Java\jdk-21\bin\nio.dll
0x00007ffae8e50000 - 0x00007ffae8e68000 	C:\Program Files\Java\jdk-21\bin\zip.dll
0x00007ffae9740000 - 0x00007ffae974e000 	C:\Program Files\Java\jdk-21\bin\sunmscapi.dll
0x00007ffb08ee0000 - 0x00007ffb0903d000 	C:\Windows\System32\CRYPT32.dll
0x00007ffb07a70000 - 0x00007ffb07a97000 	C:\Windows\SYSTEM32\ncrypt.dll
0x00007ffb07a30000 - 0x00007ffb07a6b000 	C:\Windows\SYSTEM32\NTASN1.dll
0x00007ffb08530000 - 0x00007ffb08548000 	C:\Windows\SYSTEM32\CRYPTSP.dll
0x00007ffb07160000 - 0x00007ffb07198000 	C:\Windows\system32\rsaenh.dll
0x00007ffb086b0000 - 0x00007ffb086de000 	C:\Windows\SYSTEM32\USERENV.dll
0x00007ffb07830000 - 0x00007ffb0783c000 	C:\Windows\SYSTEM32\CRYPTBASE.dll
0x00007ffb074c0000 - 0x00007ffb074fb000 	C:\Windows\SYSTEM32\IPHLPAPI.DLL
0x00007ffb09ec0000 - 0x00007ffb09ec8000 	C:\Windows\System32\NSI.dll
0x00007ffaeeb20000 - 0x00007ffaeeb2a000 	C:\Program Files\Java\jdk-21\bin\management.dll
0x00007ffaeae60000 - 0x00007ffaeae6b000 	C:\Program Files\Java\jdk-21\bin\management_ext.dll
0x00007ffb0afb0000 - 0x00007ffb0afb8000 	C:\Windows\System32\PSAPI.DLL
0x00007ffb07500000 - 0x00007ffb075ca000 	C:\Windows\SYSTEM32\DNSAPI.dll
0x00007ffafa110000 - 0x00007ffafa11a000 	C:\Windows\System32\rasadhlp.dll
0x00007ffaff710000 - 0x00007ffaff790000 	C:\Windows\System32\fwpuclnt.dll
0x00007ffae8ad0000 - 0x00007ffae8ad9000 	C:\Program Files\Java\jdk-21\bin\extnet.dll
0x00007ffae9720000 - 0x00007ffae9727000 	C:\Windows\system32\wshunix.dll

dbghelp: loaded successfully - version: 4.0.5 - missing functions: none
symbol engine: initialized successfully - sym options: 0x614 - pdb path: .;C:\Program Files\Java\jdk-21\bin;C:\Windows\SYSTEM32;C:\Windows\WinSxS\amd64_microsoft.windows.common-controls_6595b64144ccf1df_6.0.19041.6456_none_60b8a6cb71f64256;C:\Program Files\Java\jdk-21\bin\server

VM Arguments:
jvm_args: -XX:TieredStopAtLevel=1 
java_command: com.deepedugraph.course_service.CourseServiceApplication
java_class_path (initial): C:\Users\hp\Desktop\DeepEduGraph\backend\course-service\target\classes;C:\Users\hp\.m2\repository\org\springframework\boot\spring-boot\3.5.9\spring-boot-3.5.9.jar;C:\Users\hp\.m2\repository\org\springframework\boot\spring-boot-autoconfigure\3.5.9\spring-boot-autoconfigure-3.5.9.jar;C:\Users\hp\.m2\repository\ch\qos\logback\logback-classic\1.5.22\logback-classic-1.5.22.jar;C:\Users\hp\.m2\repository\ch\qos\logback\logback-core\1.5.22\logback-core-1.5.22.jar;C:\Users\hp\.m2\repository\org\apache\logging\log4j\log4j-to-slf4j\2.24.3\log4j-to-slf4j-2.24.3.jar;C:\Users\hp\.m2\repository\org\apache\logging\log4j\log4j-api\2.24.3\log4j-api-2.24.3.jar;C:\Users\hp\.m2\repository\org\slf4j\jul-to-slf4j\2.0.17\jul-to-slf4j-2.0.17.jar;C:\Users\hp\.m2\repository\jakarta\annotation\jakarta.annotation-api\2.1.1\jakarta.annotation-api-2.1.1.jar;C:\Users\hp\.m2\repository\org\yaml\snakeyaml\2.4\snakeyaml-2.4.jar;C:\Users\hp\.m2\repository\org\springframework\boot\spring-boot-actuator-autoconfigure\3.5.9\spring-boot-actuator-autoconfigure-3.5.9.jar;C:\Users\hp\.m2\repository\org\springframework\boot\spring-boot-actuator\3.5.9\spring-boot-actuator-3.5.9.jar;C:\Users\hp\.m2\repository\com\fasterxml\jackson\core\jackson-databind\2.19.4\jackson-databind-2.19.4.jar;C:\Users\hp\.m2\repository\com\fasterxml\jackson\core\jackson-annotations\2.19.4\jackson-annotations-2.19.4.jar;C:\Users\hp\.m2\repository\com\fasterxml\jackson\core\jackson-core\2.19.4\jackson-core-2.19.4.jar;C:\Users\hp\.m2\repository\com\fasterxml\jackson\datatype\jackson-datatype-jsr310\2.19.4\jackson-datatype-jsr310-2.19.4.jar;C:\Users\hp\.m2\repository\io\micrometer\micrometer-observation\1.15.7\micrometer-observation-1.15.7.jar;C:\Users\hp\.m2\repository\io\micrometer\micrometer-commons\1.15.7\micrometer-commons-1.15.7.jar;C:\Users\hp\.m2\repository\io\micrometer\micrometer-jakarta9\1.15.7\micrometer-jakarta9-1.15.7.jar;C:\Users\hp\.m2\repository\io\micrometer\micrometer-core\1.15.7\micrometer-core-1.15.7.jar;C:\Users\hp\.m2\repository\org\hdrhistogram\HdrHistogram\2.2.2\HdrHistogram-2.2.2.jar;C:\Users\hp\.m2\repository\org\latencyutils\LatencyUtils\2.0.3\LatencyUtils-2.0.3.jar;C:\Users\hp\.m2\repository\com\zaxxer\HikariCP\6.3.3\HikariCP-6.3.3.jar;C:\Users\hp\.m2\repository\org\springframework\spring-jdbc\6.2.15\spring-jdbc-6.2.15.jar;C:\Users\hp\.m2\repository\org\hibernate\orm\hibernate-core\6.6.39.Final\hibernate-core-6.6.39.Final.jar;C:\Users\hp\.m2\repository\jakarta\persistence\jakarta.persistence-api\3.1.0\jakarta.persistence-api-3.1.0.jar;C:\Users\hp\.m2\repository\jakarta\transaction\jakarta.transaction-api\2.0.1\jakarta.transaction-api-2.0.1.jar;C:\Users\hp\.m2\repository\org\jboss\logging\jboss-logging\3.6.1.Final\jboss-logging-3.6.1.Final.jar;C:\Users\hp\.m2\repository\org\hibernate\common\hibernate-commons-annotations\7.0.3.Final\hibernate-commons-annotations-7.0.3.Final.jar;C:\Users\hp\.m2\repository\io\smallrye\jandex\3.2.0\jandex-3.2.0.jar;C:\Users\hp\.m2\repository\com\fasterxml\classmate\1.7.1\classmate-1.7.1.jar;C:\Users\hp\.m2\repository\net\bytebuddy\byte-buddy\1.17.8\byte-buddy-1.17.8.jar;C:\Users\hp\.m2\repository\org\glassfish\jaxb\jaxb-runtime\4.0.6\jaxb-runtime-4.0.6.jar;C:\Users\hp\.m2\repository\org\glassfish\jaxb\jaxb-core\4.0.6\jaxb-core-4.0.6.jar;C:\Users\hp\.m2\repository\org\eclipse\angus\angus-activation\2.0.3\angus-activation-2.0.3.jar;C:\Users\hp\.m2\repository\org\glassfish\jaxb\txw2\4.0.6\txw2-4.0.6.jar;C:\Users\hp\.m2\repository\com\sun\istack\istack-commons-runtime\4.1.2\istack-commons-runtime-4.1.2.jar;C:\Users\hp\.m2\repository\jakarta\inject\jakarta.inject-api\2.0.1\jakarta.inject-api-2.0.1.jar;C:\Users\hp\.m2\repository\org\antlr\antlr4-runtime\4.13.0\antlr4-runtime-4.13.0.jar;C:\Users\hp\.m2\repository\org\springframework\data\spring-data-jpa\3.5.7\spring-data-jpa-3.5.7.jar;C:\Users\hp\.m2\repository\org\springframework\data\spring-data-commons\3.5.7\spring-data-commons-3.5.7.jar;C:\Users\hp\.m2\repository\org\springframework\spring-orm\6.2.15\spring-orm-6.2.15.jar;C:\Users\hp\.m2\repository\org\springframework\spring-context\6.2.15\spring-context-6.2.15.jar;C:\Users\hp\.m2\repository\org\springframework\spring-aop\6.2.15\spring-aop-6.2.15.jar;C:\Users\hp\.m2\repository\org\springframework\spring-tx\6.2.15\spring-tx-6.2.15.jar;C:\Users\hp\.m2\repository\org\springframework\spring-beans\6.2.15\spring-beans-6.2.15.jar;C:\Users\hp\.m2\repository\org\slf4j\slf4j-api\2.0.17\slf4j-api-2.0.17.jar;C:\Users\hp\.m2\repository\org\springframework\spring-aspects\6.2.15\spring-aspects-6.2.15.jar;C:\Users\hp\.m2\repository\org\aspectj\aspectjweaver\1.9.25.1\aspectjweaver-1.9.25.1.jar;C:\Users\hp\.m2\repository\org\apache\tomcat\embed\tomcat-embed-el\10.1.50\tomcat-embed-el-10.1.50.jar;C:\Users\hp\.m2\repository\org\hibernate\validator\hibernate-validator\8.0.3.Final\hibernate-validator-8.0.3.Final.jar;C:\Users\hp\.m2\repository\jakarta\validation\jakarta.validation-api\3.0.2\jakarta.validation-api-3.0.2.jar;C:\Users\hp\.m2\repository\com\fasterxml\jackson\datatype\jackson-datatype-jdk8\2.19.4\jackson-datatype-jdk8-2.19.4.jar;C:\Users\hp\.m2\repository\com\fasterxml\jackson\module\jackson-module-parameter-names\2.19.4\jackson-module-parameter-names-2.19.4.jar;C:\Users\hp\.m2\repository\org\apache\tomcat\embed\tomcat-embed-core\10.1.50\tomcat-embed-core-10.1.50.jar;C:\Users\hp\.m2\repository\org\apache\tomcat\embed\tomcat-embed-websocket\10.1.50\tomcat-embed-websocket-10.1.50.jar;C:\Users\hp\.m2\repository\org\springframework\spring-web\6.2.15\spring-web-6.2.15.jar;C:\Users\hp\.m2\repository\org\springframework\spring-webmvc\6.2.15\spring-webmvc-6.2.15.jar;C:\Users\hp\.m2\repository\org\springframework\spring-expression\6.2.15\spring-expression-6.2.15.jar;C:\Users\hp\.m2\repository\com\mysql\mysql-connector-j\9.5.0\mysql-connector-j-9.5.0.jar;C:\Users\hp\.m2\repository\jakarta\xml\bind\jakarta.xml.bind-api\4.0.4\jakarta.xml.bind-api-4.0.4.jar;C:\Users\hp\.m2\repository\jakarta\activation\jakarta.activation-api\2.1.4\jakarta.activation-api-2.1.4.jar;C:\Users\hp\.m2\repository\org\springframework\spring-core\6.2.15\spring-core-6.2.15.jar;C:\Users\hp\.m2\repository\org\springframework\spring-jcl\6.2.15\spring-jcl-6.2.15.jar
Launcher Type: SUN_STANDARD

[Global flags]
     intx CICompilerCount                          = 3                                         {product} {ergonomic}
     uint ConcGCThreads                            = 1                                         {product} {ergonomic}
     uint G1ConcRefinementThreads                  = 4                                         {product} {ergonomic}
   size_t G1HeapRegionSize                         = 1048576                                   {product} {ergonomic}
    uintx GCDrainStackTargetSize                   = 64                                        {product} {ergonomic}
   size_t InitialHeapSize                          = 134217728                                 {product} {ergonomic}
   size_t MarkStackSize                            = 4194304                                   {product} {ergonomic}
   size_t MaxHeapSize                              = 2116026368                                {product} {ergonomic}
   size_t MaxNewSize                               = 1268776960                                {product} {ergonomic}
   size_t MinHeapDeltaBytes                        = 1048576                                   {product} {ergonomic}
   size_t MinHeapSize                              = 8388608                                   {product} {ergonomic}
    uintx NonNMethodCodeHeapSize                   = 4096                                   {pd product} {ergonomic}
    uintx NonProfiledCodeHeapSize                  = 0                                      {pd product} {ergonomic}
     bool ProfileInterpreter                       = false                                  {pd product} {command line}
    uintx ProfiledCodeHeapSize                     = 0                                      {pd product} {ergonomic}
   size_t SoftMaxHeapSize                          = 2116026368                             {manageable} {ergonomic}
     intx TieredStopAtLevel                        = 1                                         {product} {command line}
     bool UseCompressedOops                        = true                           {product lp64_product} {ergonomic}
     bool UseG1GC                                  = true                                      {product} {ergonomic}
     bool UseLargePagesIndividualAllocation        = false                                  {pd product} {ergonomic}

Logging:
Log output configuration:
 #0: stdout all=warning uptime,level,tags foldmultilines=false
 #1: stderr all=off uptime,level,tags foldmultilines=false

Environment Variables:
JAVA_HOME=C:\Program Files\Java\jdk-21
PATH=C:\Python314\Scripts\;C:\Python311\Scripts\;C:\Python311\;C:\Program Files\Microsoft MPI\Bin\;C:\Python314\;C:\Program Files\Java\jdk-21\bin;C:\Program Files\Java\jdk1.8.0_191\bin;C:\Program Files (x86)\Common Files\Oracle\Java\javapath;C:\Users\hp\AppData\Local\Programs\Python\Python312\Scripts\;C:\Users\hp\AppData\Local\Programs\Python\Python312\;C:\Program Files (x86)\VMware\VMware Player\bin\;C:\Users\hp\AppData\Local\Programs\Python\Python312;C:\Users\hp\AppData\Local\Programs\Python\Python312\Scripts;C:\Program Files\Common Files\Oracle\Java\javapath;C:\Program Files\Microsoft\jdk-11.0.16.101-hotspot\bin;C:\Windows\system32;C:\Windows;C:\Windows\System32\Wbem;C:\Windows\System32\WindowsPowerShell\v1.0\;C:\Windows\System32\OpenSSH\;C:\xampp\php;C:\Program Files\dotnet\;C:\ProgramData\chocolatey\bin;C:\xampp3\php;C:\composer;C:\Users\hp\AppData\Local\Android\Sdk\platform-tools;C:\Program Files\apache-maven-3.9.5\bin;C:\Program Files\MongoDB\Server\7.0\bin;C:\Program Files\MongoDB\Server\7.0\bin;C:\mongosh-2.2.5-win32-x64\mongosh-2.2.5-win32-x64\bin;C:\Program Files\MySQL\MySQL Server 8.0\bin;C:\Program Files (x86)\sqlite3;C:\Program Files\Apache\maven-mvnd-1.0.3-windows-amd64\bin;C:\Program Files\Apache\apache-maven-3.9.11\bin;%JAVA_HOME%\bin;C:\Program Files\Apache\apache-maven-3.9.11\bin;C:\Program Files (x86)\Windows Kits\10\Windows Performance Toolkit\;C:\Program Files\Docker\Docker\resources\bin;C:\Program Files (x86)\Microsoft SQL Server\170\Tools\Binn\;C:\Program Files\Microsoft SQL Server\170\Tools\Binn\;C:\Program Files\Microsoft SQL Server\Client SDK\ODBC\180\Tools\Binn\;C:\Program Files\Microsoft SQL Server\170\DTS\Binn\;C:\Program Files\Microsoft SQL Server\Client SDK\ODBC\170\Tools\Binn\;C:\Program Files\Git\cmd;C:\Program Files\Microsoft SQL Server\130\DTS\Binn\;C:\Program Files\Microsoft SQL Server\140\DTS\Binn\;C:\Program Files\Microsoft SQL Server\150\DTS\Binn\;C:\Program Files\Microsoft SQL Server\160\DTS\Binn\;C:\Program Files\cursor\resources\app\bin;C:\Program Files\nodejs\;C:\Program Files\Java\jdk-21\bin;C:\Program Files\Java\jdk-21\bin;C:\Program Files (x86)\Common Files\Oracle\Java\javapath;C:\Users\hp\AppData\Local\Programs\Python\Python312\Scripts\;C:\Users\hp\AppData\Local\Programs\Python\Python312\;C:\Program Files (x86)\VMware\VMware Player\bin\;C:\Python311\Scripts\;C:\Python311\;C:\Program Files\Common Files\Oracle\Java\javapath;C:\Program Files\Microsoft\jdk-11.0.16.101-hotspot\bin;C:\Windows\system32;C:\Windows;C:\Windows\System32\Wbem;C:\Windows\System32\WindowsPowerShell\v1.0\;C:\Windows\System32\OpenSSH\;C:\xampp\php;C:\Program Files\dotnet\;C:\Program Files\Git\cmd;C:\ProgramData\chocolatey\bin;C:\xampp3\php;C:\composer;C:\Users\hp\AppData\Local\Android\Sdk\platform-tools;C:\Program Files\apache-maven-3.9.5\bin;C:\Program Files\Java\jdk1.8.0_191\bin;C:\Program Files\MongoDB\Server\7.0\bin;C:\Program Files\MongoDB\Server\7.0\bin;C:\mongosh-2.2.5-win32-x64\mongosh-2.2.5-win32-x64\bin;C:\Program Files\MySQL\MySQL Server 8.0\bin;C:\Program Files (x86)\sqlite3;C:\Program Files\Apache\maven-mvnd-1.0.3-windows-amd64\bin;D:\cursor\resources\app\bin;D:\Windsurf\bin;C:\Users\hp\AppData\Roaming\npm
USERNAME=hp
OS=Windows_NT
PROCESSOR_IDENTIFIER=Intel64 Family 6 Model 61 Stepping 4, GenuineIntel
TMP=C:\Users\hp\AppData\Local\Temp
TEMP=C:\Users\hp\AppData\Local\Temp




Periodic native trim disabled

---------------  S Y S T E M  ---------------

OS:
 Windows 10 , 64 bit Build 19041 (10.0.19041.5915)
OS uptime: 0 days 1:52 hours
Hyper-V role detected

CPU: total 4 (initial active 4) (2 cores per cpu, 2 threads per core) family 6 model 61 stepping 4 microcode 0x2d, cx8, cmov, fxsr, ht, mmx, 3dnowpref, sse, sse2, sse3, ssse3, sse4.1, sse4.2, popcnt, lzcnt, tsc, tscinvbit, avx, avx2, aes, erms, clmul, bmi1, bmi2, rtm, adx, fma, vzeroupper, clflush, hv, rdtscp, f16c
Processor Information for all 4 processors :
  Max Mhz: 2601, Current Mhz: 2601, Mhz Limit: 2601

Memory: 4k page, system-wide physical 8067M (451M free)
TotalPageFile size 20355M (AvailPageFile size 6143M)
current process WorkingSet (physical memory assigned to process): 202M, peak: 202M
current process commit charge ("private bytes"): 234M, peak: 240M

vm_info: Java HotSpot(TM) 64-Bit Server VM (21.0.2+13-LTS-58) for windows-amd64 JRE (21.0.2+13-LTS-58), built on 2024-01-05T18:32:24Z by "mach5one" with MS VC++ 17.1 (VS2022)

END.
