#
# A fatal error has been detected by the Java Runtime Environment:
#
#  EXCEPTION_ACCESS_VIOLATION (0xc0000005) at pc=0x00007ffabbc8595f, pid=10592, tid=6964
#
# JRE version: Java(TM) SE Runtime Environment (21.0.2+13) (build 21.0.2+13-LTS-58)
# Java VM: Java HotSpot(TM) 64-Bit Server VM (21.0.2+13-LTS-58, mixed mode, sharing, tiered, compressed oops, compressed class ptrs, g1 gc, windows-amd64)
# Problematic frame:
# V  [jvm.dll+0x1f595f]
#
# No core dump will be written. Minidumps are not enabled by default on client versions of Windows
#
# If you would like to submit a bug report, please visit:
#   https://bugreport.java.com/bugreport/crash.jsp
#

---------------  S U M M A R Y ------------

Command Line: --enable-native-access=ALL-UNNAMED -Dclassworlds.conf=C:\Users\hp\.m2\wrapper\dists\apache-maven-3.9.12\59fe215c0ad6947fea90184bf7add084544567b927287592651fda3782e0e798\bin\m2.conf -Dmaven.home=C:\Users\hp\.m2\wrapper\dists\apache-maven-3.9.12\59fe215c0ad6947fea90184bf7add084544567b927287592651fda3782e0e798 -Dlibrary.jansi.path=C:\Users\hp\.m2\wrapper\dists\apache-maven-3.9.12\59fe215c0ad6947fea90184bf7add084544567b927287592651fda3782e0e798\lib\jansi-native -Dmaven.multiModuleProjectDirectory=C:\Users\hp\Desktop\DeepEduGraph\backend\graph-service org.codehaus.plexus.classworlds.launcher.Launcher spring-boot:run

Host: Intel(R) Core(TM) i7-5600U CPU @ 2.60GHz, 4 cores, 7G,  Windows 10 , 64 bit Build 19041 (10.0.19041.5915)
Time: Sat Jan  3 15:11:25 2026 Maroc (heure d64 bit Build 19041 (10.0.19041.5915) elapsed time: 7.000535 seconds (0d 0h 0m 7s)

---------------  T H R E A D  ---------------

Current thread (0x000001517ca4e850):  JavaThread "C2 CompilerThread0" daemon [_thread_in_vm, id=6964, stack(0x0000000aaf400000,0x0000000aaf500000) (1024K)]


Current CompileTask:
C2:   7000 4111       4       java.util.concurrent.ConcurrentHashMap::putAll (63 bytes)

Stack: [0x0000000aaf400000,0x0000000aaf500000],  sp=0x0000000aaf4fc7e0,  free space=1009k
Native frames: (J=compiled Java code, j=interpreted, Vv=VM code, C=native code)
V  [jvm.dll+0x1f595f]
V  [jvm.dll+0x1f5259]
V  [jvm.dll+0x1480fa]
V  [jvm.dll+0x14832d]
V  [jvm.dll+0x147a45]
V  [jvm.dll+0x2f179c]
V  [jvm.dll+0x2f3513]
V  [jvm.dll+0x6e52e4]
V  [jvm.dll+0x6dd596]
V  [jvm.dll+0x6dca2e]
V  [jvm.dll+0x6dac4c]
V  [jvm.dll+0x1cc90c]
V  [jvm.dll+0x1cd48a]
V  [jvm.dll+0x1cd48a]
V  [jvm.dll+0x2f358f]
V  [jvm.dll+0x6e52e4]
V  [jvm.dll+0x6dd596]
V  [jvm.dll+0x6dca2e]
V  [jvm.dll+0x6dac4c]
V  [jvm.dll+0x1cc90c]
V  [jvm.dll+0x248d3d]
V  [jvm.dll+0x1c9634]
V  [jvm.dll+0x258859]
V  [jvm.dll+0x256e3a]
V  [jvm.dll+0x3ef6c6]
V  [jvm.dll+0x7ff568]
V  [jvm.dll+0x6c953d]
C  [ucrtbase.dll+0x21bb2]
C  [KERNEL32.DLL+0x17374]
C  [ntdll.dll+0x4cc91]


siginfo: EXCEPTION_ACCESS_VIOLATION (0xc0000005), reading address 0x00007ffaac4b7de0


Registers:
RAX=0x00007ffaac4b7d40, RBX=0x000001515ece8aa8, RCX=0x00000151088c4810, RDX=0x000001515ec80d38
RSP=0x0000000aaf4fc7e0, RBP=0x0000000000000001, RSI=0x000001515ec80d38, RDI=0x000001517ca4e850
R8 =0x0000000000000001, R9 =0x0000000000000002, R10=0x000001517ca3d1f0, R11=0x00000151181884c0
R12=0x0000000aaf4fc9f2, R13=0x000001515ecbaa60, R14=0x00000151088c4810, R15=0x0000000000000001
RIP=0x00007ffabbc8595f, EFLAGS=0x0000000000010202


Register to memory mapping:

RAX=0x00007ffaac4b7d40 is an unknown value
RBX=0x000001515ece8aa8 points into unknown readable memory: 0x0000000aaf4fe230 | 30 e2 4f af 0a 00 00 00
RCX=
[error occurred during error reporting (printing register info), id 0xc0000005, EXCEPTION_ACCESS_VIOLATION (0xc0000005) at pc=0x00007ffabbcbda6b]
RDX=0x000001515ec80d38 points into unknown readable memory: 0x00007ffabc43cc90 | 90 cc 43 bc fa 7f 00 00
RSP=0x0000000aaf4fc7e0 is pointing into the stack for thread: 0x000001517ca4e850
RBP=0x0000000000000001 is an unknown value
RSI=0x000001515ec80d38 points into unknown readable memory: 0x00007ffabc43cc90 | 90 cc 43 bc fa 7f 00 00
RDI=0x000001517ca4e850 is a thread
R8 =0x0000000000000001 is an unknown value
R9 =0x0000000000000002 is an unknown value
R10=0x000001517ca3d1f0 points into unknown readable memory: 0x0000001e00000001 | 01 00 00 00 1e 00 00 00
R11={method} {0x00000151181884c8} 'next' '()Ljava/util/Map$Entry;' in 'java/util/concurrent/ConcurrentHashMap$EntryIterator'
R12=0x0000000aaf4fc9f2 is pointing into the stack for thread: 0x000001517ca4e850
R13=0x000001515ecbaa60 points into unknown readable memory: 0x000001515ece7a68 | 68 7a ce 5e 51 01 00 00
R14=
[error occurred during error reporting (printing register info, attempt 2), id 0xc0000005, EXCEPTION_ACCESS_VIOLATION (0xc0000005) at pc=0x00007ffabbcbda6b]
R15=0x0000000000000001 is an unknown value

Top of Stack: (sp=0x0000000aaf4fc7e0)
0x0000000aaf4fc7e0:   0000000000000001 0000000000000000
0x0000000aaf4fc7f0:   000001517ca4e850 00007ffabbcf3fd6
0x0000000aaf4fc800:   0000000aaf4fc9f2 00007ffabbc85259
0x0000000aaf4fc810:   000001515ece8aa8 000001515ec80d38
0x0000000aaf4fc820:   000001515ec80740 000001517ca4e850
0x0000000aaf4fc830:   000001515ece8aa8 00007ffabbbd80fa
0x0000000aaf4fc840:   000001515ece8aa8 0000000000000001
0x0000000aaf4fc850:   0000000aaf4fc9f2 000001515ec80d38
0x0000000aaf4fc860:   0000000aaf4fc9f2 000001515ecbaa60
0x0000000aaf4fc870:   0000000000000001 0000000000000001
0x0000000aaf4fc880:   0000000aaf4fca40 00007ffabbbd832d
0x0000000aaf4fc890:   000001515ec80740 000001515ec80d38
0x0000000aaf4fc8a0:   000001515ece8aa8 000001515ec80740
0x0000000aaf4fc8b0:   0000000aaf4fc9f2 0000000aaf4fca40
0x0000000aaf4fc8c0:   0000000aaf4fe230 0000000aaf4fca40
0x0000000aaf4fc8d0:   0000000aaf4fc9f2 00007ffabbbd7a45
0x0000000aaf4fc8e0:   0000000000000000 000001515ece8aa8
0x0000000aaf4fc8f0:   000001515ec80d38 000001515ec80740
0x0000000aaf4fc900:   000001515ecbaa60 0000000aaf4fca40
0x0000000aaf4fc910:   0000000aaf4fc9f2 000001515ed035a0
0x0000000aaf4fc920:   000001515d5a5ff0 000001515d5adfd8
0x0000000aaf4fc930:   000001515d5ada20 000001515ed03638
0x0000000aaf4fc940:   0000000000000000 000001517ca36910
0x0000000aaf4fc950:   000001515ec80740 00007ffabbbd767a
0x0000000aaf4fc960:   000001515ecbaa60 0000000aaf4fe230
0x0000000aaf4fc970:   000001515ecbaa60 0000000aaf4fe230
0x0000000aaf4fc980:   000001515ec80740 0000000000000001
0x0000000aaf4fc990:   0000000000000000 00007ffabbd8179c
0x0000000aaf4fc9a0:   000000000000141b 0000000aaf4fcaa0
0x0000000aaf4fc9b0:   000001515ec80d38 0000000000000000
0x0000000aaf4fc9c0:   0000000aaf4fc9f2 0000000000000008
0x0000000aaf4fc9d0:   0000000aaf4feff0 00007ffabbc7a524 

Instructions: (pc=0x00007ffabbc8595f)
0x00007ffabbc8585f:   85 ff 74 56 48 8b 07 48 8b cf ff 90 a0 00 00 00
0x00007ffabbc8586f:   83 f8 04 75 45 48 8b 07 48 8b cf ff 90 48 01 00
0x00007ffabbc8587f:   00 48 8b 17 48 8b cf 48 8b d8 ff 92 40 01 00 00
0x00007ffabbc8588f:   48 8b 17 48 8b cf 2b d8 ff 92 b0 00 00 00 2b d8
0x00007ffabbc8589f:   33 c0 85 db 0f 4f c3 89 46 64 48 8b 5c 24 30 48
0x00007ffabbc858af:   8b 7c 24 38 48 83 c4 20 5e c3 33 c0 89 46 64 48
0x00007ffabbc858bf:   8b 5c 24 30 48 8b 7c 24 38 48 83 c4 20 5e c3 65
0x00007ffabbc858cf:   48 8b 04 25 58 00 00 00 8b 0d cb 6d a7 00 4c 89
0x00007ffabbc858df:   74 24 40 48 8b 3c c8 b8 70 00 00 00 80 3c 38 00
0x00007ffabbc858ef:   75 05 e8 6a 10 70 00 80 3d 94 ec a2 00 00 b8 20
0x00007ffabbc858ff:   00 00 00 48 8b 3c 38 c7 87 4c 04 00 00 06 00 00
0x00007ffabbc8590f:   00 75 06 e8 69 61 4c 00 90 48 8b 87 50 04 00 00
0x00007ffabbc8591f:   a8 01 74 0d 45 33 c0 b2 01 48 8b cf e8 c0 5d 53
0x00007ffabbc8592f:   00 8b 87 48 04 00 00 a8 0c 74 08 48 8b cf e8 ce
0x00007ffabbc8593f:   7d 1f 00 c7 87 4c 04 00 00 06 00 00 00 48 8b 46
0x00007ffabbc8594f:   10 4c 8b 70 48 4d 85 f6 74 45 49 8b 06 49 8b ce
0x00007ffabbc8595f:   ff 90 a0 00 00 00 83 f8 04 75 34 49 8b 06 49 8b
0x00007ffabbc8596f:   ce ff 90 48 01 00 00 49 8b 16 49 8b ce 48 8b d8
0x00007ffabbc8597f:   ff 92 40 01 00 00 49 8b 16 49 8b ce 2b d8 ff 92
0x00007ffabbc8598f:   b0 00 00 00 2b d8 33 c0 85 db 0f 4f c3 eb 02 33
0x00007ffabbc8599f:   c0 89 46 64 48 8b 9f 98 01 00 00 4c 8b 74 24 40
0x00007ffabbc859af:   48 8b 43 10 48 83 38 00 74 08 48 8b cb e8 7f 94
0x00007ffabbc859bf:   1a 00 48 8b 4b 08 48 8b 43 10 48 89 41 10 48 8b
0x00007ffabbc859cf:   4b 08 48 8b 43 18 48 89 41 18 48 8b 4b 08 48 8b
0x00007ffabbc859df:   43 20 48 89 41 20 48 8d 8f 98 03 00 00 e8 df 16
0x00007ffabbc859ef:   12 00 48 8b 5c 24 30 90 c7 87 4c 04 00 00 04 00
0x00007ffabbc859ff:   00 00 8b 46 64 48 8b 7c 24 38 48 83 c4 20 5e c3
0x00007ffabbc85a0f:   8b 41 64 48 83 c4 20 5e c3 cc cc cc cc cc cc cc
0x00007ffabbc85a1f:   cc 48 89 5c 24 08 48 89 74 24 10 57 48 83 ec 20
0x00007ffabbc85a2f:   65 48 8b 04 25 58 00 00 00 48 8b f9 8b 15 67 6c
0x00007ffabbc85a3f:   a7 00 48 8b 1c d0 b8 70 00 00 00 80 3c 18 00 75
0x00007ffabbc85a4f:   05 e8 0b 0f 70 00 80 3d 35 eb a2 00 00 b8 20 00 


Stack slot to memory mapping:

stack at sp + 0 slots: 0x0000000000000001 is an unknown value
stack at sp + 1 slots: 0x0 is null
stack at sp + 2 slots: 0x000001517ca4e850 is a thread
stack at sp + 3 slots: 0x00007ffabbcf3fd6 jvm.dll
stack at sp + 4 slots: 0x0000000aaf4fc9f2 is pointing into the stack for thread: 0x000001517ca4e850
stack at sp + 5 slots: 0x00007ffabbc85259 jvm.dll
stack at sp + 6 slots: 0x000001515ece8aa8 points into unknown readable memory: 0x0000000aaf4fe230 | 30 e2 4f af 0a 00 00 00
stack at sp + 7 slots: 0x000001515ec80d38 points into unknown readable memory: 0x00007ffabc43cc90 | 90 cc 43 bc fa 7f 00 00


---------------  P R O C E S S  ---------------

Threads class SMR info:
_java_thread_list=0x000001515dbee7a0, length=13, elements={
0x0000015175b43bf0, 0x000001517ca44030, 0x000001517ca44c90, 0x000001517ca458f0,
0x000001517ca48360, 0x000001517ca48dc0, 0x000001517ca49aa0, 0x000001517ca4e850,
0x000001517ca6a830, 0x00000151175cd3c0, 0x00000151175d3880, 0x000001515db4d2f0,
0x000001515dc05290
}

Java Threads: ( => current thread )
  0x0000015175b43bf0 JavaThread "main"                              [_thread_in_Java, id=13840, stack(0x0000000aae600000,0x0000000aae700000) (1024K)]
  0x000001517ca44030 JavaThread "Reference Handler"          daemon [_thread_blocked, id=6788, stack(0x0000000aaee00000,0x0000000aaef00000) (1024K)]
  0x000001517ca44c90 JavaThread "Finalizer"                  daemon [_thread_blocked, id=5212, stack(0x0000000aaef00000,0x0000000aaf000000) (1024K)]
  0x000001517ca458f0 JavaThread "Signal Dispatcher"          daemon [_thread_blocked, id=15076, stack(0x0000000aaf000000,0x0000000aaf100000) (1024K)]
  0x000001517ca48360 JavaThread "Attach Listener"            daemon [_thread_blocked, id=5660, stack(0x0000000aaf100000,0x0000000aaf200000) (1024K)]
  0x000001517ca48dc0 JavaThread "Service Thread"             daemon [_thread_blocked, id=1888, stack(0x0000000aaf200000,0x0000000aaf300000) (1024K)]
  0x000001517ca49aa0 JavaThread "Monitor Deflation Thread"   daemon [_thread_blocked, id=14392, stack(0x0000000aaf300000,0x0000000aaf400000) (1024K)]
=>0x000001517ca4e850 JavaThread "C2 CompilerThread0"         daemon [_thread_in_vm, id=6964, stack(0x0000000aaf400000,0x0000000aaf500000) (1024K)]
  0x000001517ca6a830 JavaThread "C1 CompilerThread0"         daemon [_thread_blocked, id=15312, stack(0x0000000aaf500000,0x0000000aaf600000) (1024K)]
  0x00000151175cd3c0 JavaThread "Notification Thread"        daemon [_thread_blocked, id=13156, stack(0x0000000aaf600000,0x0000000aaf700000) (1024K)]
  0x00000151175d3880 JavaThread "Common-Cleaner"             daemon [_thread_blocked, id=14156, stack(0x0000000aaf700000,0x0000000aaf800000) (1024K)]
  0x000001515db4d2f0 JavaThread "C2 CompilerThread1"         daemon [_thread_in_native, id=7888, stack(0x0000000aafb00000,0x0000000aafc00000) (1024K)]
  0x000001515dc05290 JavaThread "Thread-1"                   daemon [_thread_blocked, id=14680, stack(0x0000000aafc00000,0x0000000aafd00000) (1024K)]
Total: 13

Other Threads:
  0x000001517ca237f0 VMThread "VM Thread"                           [id=13284, stack(0x0000000aaed00000,0x0000000aaee00000) (1024K)]
  0x000001517ca0c510 WatcherThread "VM Periodic Task Thread"        [id=14180, stack(0x0000000aaec00000,0x0000000aaed00000) (1024K)]
  0x0000015177d76630 WorkerThread "GC Thread#0"                     [id=11592, stack(0x0000000aae700000,0x0000000aae800000) (1024K)]
  0x000001515d80c0a0 WorkerThread "GC Thread#1"                     [id=12512, stack(0x0000000aaf800000,0x0000000aaf900000) (1024K)]
  0x000001515d42f8b0 WorkerThread "GC Thread#2"                     [id=14608, stack(0x0000000aaf900000,0x0000000aafa00000) (1024K)]
  0x000001515d65ad80 WorkerThread "GC Thread#3"                     [id=14628, stack(0x0000000aafa00000,0x0000000aafb00000) (1024K)]
  0x0000015177d87400 ConcurrentGCThread "G1 Main Marker"            [id=13868, stack(0x0000000aae800000,0x0000000aae900000) (1024K)]
  0x0000015177d886a0 WorkerThread "G1 Conc#0"                       [id=13548, stack(0x0000000aae900000,0x0000000aaea00000) (1024K)]
  0x000001517c8d20c0 ConcurrentGCThread "G1 Refine#0"               [id=13292, stack(0x0000000aaea00000,0x0000000aaeb00000) (1024K)]
  0x0000015177dec0a0 ConcurrentGCThread "G1 Service"                [id=14324, stack(0x0000000aaeb00000,0x0000000aaec00000) (1024K)]
Total: 10

Threads with active compile tasks:
C2 CompilerThread0     7102 4111       4       java.util.concurrent.ConcurrentHashMap::putAll (63 bytes)
C2 CompilerThread1     7102 4162       4       org.apache.maven.model.interpolation.StringVisitorModelInterpolator$ModelVisitor::visit (117 bytes)
Total: 2

VM state: not at safepoint (normal execution)

VM Mutex/Monitor currently owned by a thread: None

Heap address: 0x0000000081e00000, size: 2018 MB, Compressed Oops mode: 32-bit

CDS archive(s) mapped at: [0x0000015118000000-0x0000015118c90000-0x0000015118c90000), size 13172736, SharedBaseAddress: 0x0000015118000000, ArchiveRelocationMode: 1.
Compressed class space mapped at: 0x0000015119000000-0x0000015159000000, reserved size: 1073741824
Narrow klass base: 0x0000015118000000, Narrow klass shift: 0, Narrow klass range: 0x100000000

GC Precious Log:
 CardTable entry size: 512
 Card Set container configuration: InlinePtr #cards 5 size 8 Array Of Cards #cards 12 size 40 Howl #buckets 4 coarsen threshold 1843 Howl Bitmap #cards 512 size 80 coarsen threshold 460 Card regions per heap region 1 cards per card region 2048
 CPUs: 4 total, 4 available
 Memory: 8067M
 Large Page Support: Disabled
 NUMA Support: Disabled
 Compressed Oops: Enabled (32-bit)
 Heap Region Size: 1M
 Heap Min Capacity: 8M
 Heap Initial Capacity: 128M
 Heap Max Capacity: 2018M
 Pre-touch: Disabled
 Parallel Workers: 4
 Concurrent Workers: 1
 Concurrent Refinement Workers: 4
 Periodic GC: Disabled

Heap:
 garbage-first heap   total 131072K, used 45840K [0x0000000081e00000, 0x0000000100000000)
  region size 1024K, 43 young (44032K), 9 survivors (9216K)
 Metaspace       used 16115K, committed 16384K, reserved 1114112K
  class space    used 1865K, committed 1984K, reserved 1048576K

Heap Regions: E=young(eden), S=young(survivor), O=old, HS=humongous(starts), HC=humongous(continues), CS=collection set, F=free, TAMS=top-at-mark-start, PB=parsable bottom
|   0|0x0000000081e00000, 0x0000000081f00000, 0x0000000081f00000|100%| O|  |TAMS 0x0000000081e00000| PB 0x0000000081e00000| Untracked 
|   1|0x0000000081f00000, 0x0000000082000000, 0x0000000082000000|100%| O|  |TAMS 0x0000000081f00000| PB 0x0000000081f00000| Untracked 
|   2|0x0000000082000000, 0x0000000082100000, 0x0000000082100000|100%| O|  |TAMS 0x0000000082000000| PB 0x0000000082000000| Untracked 
|   3|0x0000000082100000, 0x0000000082154a60, 0x0000000082200000| 33%| O|  |TAMS 0x0000000082100000| PB 0x0000000082100000| Untracked 
|   4|0x0000000082200000, 0x0000000082200000, 0x0000000082300000|  0%| F|  |TAMS 0x0000000082200000| PB 0x0000000082200000| Untracked 
|   5|0x0000000082300000, 0x0000000082300000, 0x0000000082400000|  0%| F|  |TAMS 0x0000000082300000| PB 0x0000000082300000| Untracked 
|   6|0x0000000082400000, 0x0000000082400000, 0x0000000082500000|  0%| F|  |TAMS 0x0000000082400000| PB 0x0000000082400000| Untracked 
|   7|0x0000000082500000, 0x0000000082500000, 0x0000000082600000|  0%| F|  |TAMS 0x0000000082500000| PB 0x0000000082500000| Untracked 
|   8|0x0000000082600000, 0x0000000082600000, 0x0000000082700000|  0%| F|  |TAMS 0x0000000082600000| PB 0x0000000082600000| Untracked 
|   9|0x0000000082700000, 0x0000000082700000, 0x0000000082800000|  0%| F|  |TAMS 0x0000000082700000| PB 0x0000000082700000| Untracked 
|  10|0x0000000082800000, 0x0000000082800000, 0x0000000082900000|  0%| F|  |TAMS 0x0000000082800000| PB 0x0000000082800000| Untracked 
|  11|0x0000000082900000, 0x0000000082900000, 0x0000000082a00000|  0%| F|  |TAMS 0x0000000082900000| PB 0x0000000082900000| Untracked 
|  12|0x0000000082a00000, 0x0000000082a00000, 0x0000000082b00000|  0%| F|  |TAMS 0x0000000082a00000| PB 0x0000000082a00000| Untracked 
|  13|0x0000000082b00000, 0x0000000082b00000, 0x0000000082c00000|  0%| F|  |TAMS 0x0000000082b00000| PB 0x0000000082b00000| Untracked 
|  14|0x0000000082c00000, 0x0000000082c00000, 0x0000000082d00000|  0%| F|  |TAMS 0x0000000082c00000| PB 0x0000000082c00000| Untracked 
|  15|0x0000000082d00000, 0x0000000082d00000, 0x0000000082e00000|  0%| F|  |TAMS 0x0000000082d00000| PB 0x0000000082d00000| Untracked 
|  16|0x0000000082e00000, 0x0000000082e00000, 0x0000000082f00000|  0%| F|  |TAMS 0x0000000082e00000| PB 0x0000000082e00000| Untracked 
|  17|0x0000000082f00000, 0x0000000082f00000, 0x0000000083000000|  0%| F|  |TAMS 0x0000000082f00000| PB 0x0000000082f00000| Untracked 
|  18|0x0000000083000000, 0x0000000083000000, 0x0000000083100000|  0%| F|  |TAMS 0x0000000083000000| PB 0x0000000083000000| Untracked 
|  19|0x0000000083100000, 0x0000000083100000, 0x0000000083200000|  0%| F|  |TAMS 0x0000000083100000| PB 0x0000000083100000| Untracked 
|  20|0x0000000083200000, 0x0000000083200000, 0x0000000083300000|  0%| F|  |TAMS 0x0000000083200000| PB 0x0000000083200000| Untracked 
|  21|0x0000000083300000, 0x0000000083300000, 0x0000000083400000|  0%| F|  |TAMS 0x0000000083300000| PB 0x0000000083300000| Untracked 
|  22|0x0000000083400000, 0x0000000083400000, 0x0000000083500000|  0%| F|  |TAMS 0x0000000083400000| PB 0x0000000083400000| Untracked 
|  23|0x0000000083500000, 0x0000000083500000, 0x0000000083600000|  0%| F|  |TAMS 0x0000000083500000| PB 0x0000000083500000| Untracked 
|  24|0x0000000083600000, 0x0000000083600000, 0x0000000083700000|  0%| F|  |TAMS 0x0000000083600000| PB 0x0000000083600000| Untracked 
|  25|0x0000000083700000, 0x0000000083700000, 0x0000000083800000|  0%| F|  |TAMS 0x0000000083700000| PB 0x0000000083700000| Untracked 
|  26|0x0000000083800000, 0x0000000083800000, 0x0000000083900000|  0%| F|  |TAMS 0x0000000083800000| PB 0x0000000083800000| Untracked 
|  27|0x0000000083900000, 0x0000000083900000, 0x0000000083a00000|  0%| F|  |TAMS 0x0000000083900000| PB 0x0000000083900000| Untracked 
|  28|0x0000000083a00000, 0x0000000083a00000, 0x0000000083b00000|  0%| F|  |TAMS 0x0000000083a00000| PB 0x0000000083a00000| Untracked 
|  29|0x0000000083b00000, 0x0000000083b00000, 0x0000000083c00000|  0%| F|  |TAMS 0x0000000083b00000| PB 0x0000000083b00000| Untracked 
|  30|0x0000000083c00000, 0x0000000083c00000, 0x0000000083d00000|  0%| F|  |TAMS 0x0000000083c00000| PB 0x0000000083c00000| Untracked 
|  31|0x0000000083d00000, 0x0000000083d00000, 0x0000000083e00000|  0%| F|  |TAMS 0x0000000083d00000| PB 0x0000000083d00000| Untracked 
|  32|0x0000000083e00000, 0x0000000083e00000, 0x0000000083f00000|  0%| F|  |TAMS 0x0000000083e00000| PB 0x0000000083e00000| Untracked 
|  33|0x0000000083f00000, 0x0000000083f00000, 0x0000000084000000|  0%| F|  |TAMS 0x0000000083f00000| PB 0x0000000083f00000| Untracked 
|  34|0x0000000084000000, 0x0000000084000000, 0x0000000084100000|  0%| F|  |TAMS 0x0000000084000000| PB 0x0000000084000000| Untracked 
|  35|0x0000000084100000, 0x0000000084100000, 0x0000000084200000|  0%| F|  |TAMS 0x0000000084100000| PB 0x0000000084100000| Untracked 
|  36|0x0000000084200000, 0x0000000084200000, 0x0000000084300000|  0%| F|  |TAMS 0x0000000084200000| PB 0x0000000084200000| Untracked 
|  37|0x0000000084300000, 0x0000000084300000, 0x0000000084400000|  0%| F|  |TAMS 0x0000000084300000| PB 0x0000000084300000| Untracked 
|  38|0x0000000084400000, 0x0000000084400000, 0x0000000084500000|  0%| F|  |TAMS 0x0000000084400000| PB 0x0000000084400000| Untracked 
|  39|0x0000000084500000, 0x0000000084500000, 0x0000000084600000|  0%| F|  |TAMS 0x0000000084500000| PB 0x0000000084500000| Untracked 
|  40|0x0000000084600000, 0x0000000084600000, 0x0000000084700000|  0%| F|  |TAMS 0x0000000084600000| PB 0x0000000084600000| Untracked 
|  41|0x0000000084700000, 0x0000000084700000, 0x0000000084800000|  0%| F|  |TAMS 0x0000000084700000| PB 0x0000000084700000| Untracked 
|  42|0x0000000084800000, 0x0000000084800000, 0x0000000084900000|  0%| F|  |TAMS 0x0000000084800000| PB 0x0000000084800000| Untracked 
|  43|0x0000000084900000, 0x000000008496f700, 0x0000000084a00000| 43%| S|CS|TAMS 0x0000000084900000| PB 0x0000000084900000| Complete 
|  44|0x0000000084a00000, 0x0000000084b00000, 0x0000000084b00000|100%| S|CS|TAMS 0x0000000084a00000| PB 0x0000000084a00000| Complete 
|  45|0x0000000084b00000, 0x0000000084c00000, 0x0000000084c00000|100%| S|CS|TAMS 0x0000000084b00000| PB 0x0000000084b00000| Complete 
|  46|0x0000000084c00000, 0x0000000084d00000, 0x0000000084d00000|100%| S|CS|TAMS 0x0000000084c00000| PB 0x0000000084c00000| Complete 
|  47|0x0000000084d00000, 0x0000000084e00000, 0x0000000084e00000|100%| S|CS|TAMS 0x0000000084d00000| PB 0x0000000084d00000| Complete 
|  48|0x0000000084e00000, 0x0000000084f00000, 0x0000000084f00000|100%| S|CS|TAMS 0x0000000084e00000| PB 0x0000000084e00000| Complete 
|  49|0x0000000084f00000, 0x0000000085000000, 0x0000000085000000|100%| S|CS|TAMS 0x0000000084f00000| PB 0x0000000084f00000| Complete 
|  50|0x0000000085000000, 0x0000000085100000, 0x0000000085100000|100%| S|CS|TAMS 0x0000000085000000| PB 0x0000000085000000| Complete 
|  51|0x0000000085100000, 0x0000000085200000, 0x0000000085200000|100%| S|CS|TAMS 0x0000000085100000| PB 0x0000000085100000| Complete 
|  52|0x0000000085200000, 0x0000000085200000, 0x0000000085300000|  0%| F|  |TAMS 0x0000000085200000| PB 0x0000000085200000| Untracked 
|  53|0x0000000085300000, 0x0000000085300000, 0x0000000085400000|  0%| F|  |TAMS 0x0000000085300000| PB 0x0000000085300000| Untracked 
|  54|0x0000000085400000, 0x0000000085400000, 0x0000000085500000|  0%| F|  |TAMS 0x0000000085400000| PB 0x0000000085400000| Untracked 
|  55|0x0000000085500000, 0x0000000085500000, 0x0000000085600000|  0%| F|  |TAMS 0x0000000085500000| PB 0x0000000085500000| Untracked 
|  56|0x0000000085600000, 0x0000000085600000, 0x0000000085700000|  0%| F|  |TAMS 0x0000000085600000| PB 0x0000000085600000| Untracked 
|  57|0x0000000085700000, 0x0000000085700000, 0x0000000085800000|  0%| F|  |TAMS 0x0000000085700000| PB 0x0000000085700000| Untracked 
|  58|0x0000000085800000, 0x0000000085800000, 0x0000000085900000|  0%| F|  |TAMS 0x0000000085800000| PB 0x0000000085800000| Untracked 
|  59|0x0000000085900000, 0x0000000085900000, 0x0000000085a00000|  0%| F|  |TAMS 0x0000000085900000| PB 0x0000000085900000| Untracked 
|  60|0x0000000085a00000, 0x0000000085a00000, 0x0000000085b00000|  0%| F|  |TAMS 0x0000000085a00000| PB 0x0000000085a00000| Untracked 
|  61|0x0000000085b00000, 0x0000000085b00000, 0x0000000085c00000|  0%| F|  |TAMS 0x0000000085b00000| PB 0x0000000085b00000| Untracked 
|  62|0x0000000085c00000, 0x0000000085c00000, 0x0000000085d00000|  0%| F|  |TAMS 0x0000000085c00000| PB 0x0000000085c00000| Untracked 
|  63|0x0000000085d00000, 0x0000000085d00000, 0x0000000085e00000|  0%| F|  |TAMS 0x0000000085d00000| PB 0x0000000085d00000| Untracked 
|  64|0x0000000085e00000, 0x0000000085e00000, 0x0000000085f00000|  0%| F|  |TAMS 0x0000000085e00000| PB 0x0000000085e00000| Untracked 
|  65|0x0000000085f00000, 0x0000000085f00000, 0x0000000086000000|  0%| F|  |TAMS 0x0000000085f00000| PB 0x0000000085f00000| Untracked 
|  66|0x0000000086000000, 0x0000000086000000, 0x0000000086100000|  0%| F|  |TAMS 0x0000000086000000| PB 0x0000000086000000| Untracked 
|  67|0x0000000086100000, 0x0000000086100000, 0x0000000086200000|  0%| F|  |TAMS 0x0000000086100000| PB 0x0000000086100000| Untracked 
|  68|0x0000000086200000, 0x0000000086200000, 0x0000000086300000|  0%| F|  |TAMS 0x0000000086200000| PB 0x0000000086200000| Untracked 
|  69|0x0000000086300000, 0x0000000086300000, 0x0000000086400000|  0%| F|  |TAMS 0x0000000086300000| PB 0x0000000086300000| Untracked 
|  70|0x0000000086400000, 0x0000000086400000, 0x0000000086500000|  0%| F|  |TAMS 0x0000000086400000| PB 0x0000000086400000| Untracked 
|  71|0x0000000086500000, 0x0000000086500000, 0x0000000086600000|  0%| F|  |TAMS 0x0000000086500000| PB 0x0000000086500000| Untracked 
|  72|0x0000000086600000, 0x0000000086600000, 0x0000000086700000|  0%| F|  |TAMS 0x0000000086600000| PB 0x0000000086600000| Untracked 
|  73|0x0000000086700000, 0x0000000086700000, 0x0000000086800000|  0%| F|  |TAMS 0x0000000086700000| PB 0x0000000086700000| Untracked 
|  74|0x0000000086800000, 0x0000000086800000, 0x0000000086900000|  0%| F|  |TAMS 0x0000000086800000| PB 0x0000000086800000| Untracked 
|  75|0x0000000086900000, 0x0000000086900000, 0x0000000086a00000|  0%| F|  |TAMS 0x0000000086900000| PB 0x0000000086900000| Untracked 
|  76|0x0000000086a00000, 0x0000000086a00000, 0x0000000086b00000|  0%| F|  |TAMS 0x0000000086a00000| PB 0x0000000086a00000| Untracked 
|  77|0x0000000086b00000, 0x0000000086b00000, 0x0000000086c00000|  0%| F|  |TAMS 0x0000000086b00000| PB 0x0000000086b00000| Untracked 
|  78|0x0000000086c00000, 0x0000000086c00000, 0x0000000086d00000|  0%| F|  |TAMS 0x0000000086c00000| PB 0x0000000086c00000| Untracked 
|  79|0x0000000086d00000, 0x0000000086d00000, 0x0000000086e00000|  0%| F|  |TAMS 0x0000000086d00000| PB 0x0000000086d00000| Untracked 
|  80|0x0000000086e00000, 0x0000000086e00000, 0x0000000086f00000|  0%| F|  |TAMS 0x0000000086e00000| PB 0x0000000086e00000| Untracked 
|  81|0x0000000086f00000, 0x0000000086f00000, 0x0000000087000000|  0%| F|  |TAMS 0x0000000086f00000| PB 0x0000000086f00000| Untracked 
|  82|0x0000000087000000, 0x0000000087000000, 0x0000000087100000|  0%| F|  |TAMS 0x0000000087000000| PB 0x0000000087000000| Untracked 
|  83|0x0000000087100000, 0x0000000087100000, 0x0000000087200000|  0%| F|  |TAMS 0x0000000087100000| PB 0x0000000087100000| Untracked 
|  84|0x0000000087200000, 0x0000000087200000, 0x0000000087300000|  0%| F|  |TAMS 0x0000000087200000| PB 0x0000000087200000| Untracked 
|  85|0x0000000087300000, 0x0000000087300000, 0x0000000087400000|  0%| F|  |TAMS 0x0000000087300000| PB 0x0000000087300000| Untracked 
|  86|0x0000000087400000, 0x0000000087400000, 0x0000000087500000|  0%| F|  |TAMS 0x0000000087400000| PB 0x0000000087400000| Untracked 
|  87|0x0000000087500000, 0x0000000087500000, 0x0000000087600000|  0%| F|  |TAMS 0x0000000087500000| PB 0x0000000087500000| Untracked 
|  88|0x0000000087600000, 0x0000000087600000, 0x0000000087700000|  0%| F|  |TAMS 0x0000000087600000| PB 0x0000000087600000| Untracked 
|  89|0x0000000087700000, 0x0000000087700000, 0x0000000087800000|  0%| F|  |TAMS 0x0000000087700000| PB 0x0000000087700000| Untracked 
|  90|0x0000000087800000, 0x0000000087800000, 0x0000000087900000|  0%| F|  |TAMS 0x0000000087800000| PB 0x0000000087800000| Untracked 
|  91|0x0000000087900000, 0x0000000087900000, 0x0000000087a00000|  0%| F|  |TAMS 0x0000000087900000| PB 0x0000000087900000| Untracked 
|  92|0x0000000087a00000, 0x0000000087a00000, 0x0000000087b00000|  0%| F|  |TAMS 0x0000000087a00000| PB 0x0000000087a00000| Untracked 
|  93|0x0000000087b00000, 0x0000000087b80800, 0x0000000087c00000| 50%| E|  |TAMS 0x0000000087b00000| PB 0x0000000087b00000| Complete 
|  94|0x0000000087c00000, 0x0000000087d00000, 0x0000000087d00000|100%| E|CS|TAMS 0x0000000087c00000| PB 0x0000000087c00000| Complete 
|  95|0x0000000087d00000, 0x0000000087e00000, 0x0000000087e00000|100%| E|CS|TAMS 0x0000000087d00000| PB 0x0000000087d00000| Complete 
|  96|0x0000000087e00000, 0x0000000087f00000, 0x0000000087f00000|100%| E|CS|TAMS 0x0000000087e00000| PB 0x0000000087e00000| Complete 
|  97|0x0000000087f00000, 0x0000000088000000, 0x0000000088000000|100%| E|CS|TAMS 0x0000000087f00000| PB 0x0000000087f00000| Complete 
|  98|0x0000000088000000, 0x0000000088100000, 0x0000000088100000|100%| E|CS|TAMS 0x0000000088000000| PB 0x0000000088000000| Complete 
|  99|0x0000000088100000, 0x0000000088200000, 0x0000000088200000|100%| E|CS|TAMS 0x0000000088100000| PB 0x0000000088100000| Complete 
| 100|0x0000000088200000, 0x0000000088300000, 0x0000000088300000|100%| E|CS|TAMS 0x0000000088200000| PB 0x0000000088200000| Complete 
| 101|0x0000000088300000, 0x0000000088400000, 0x0000000088400000|100%| E|CS|TAMS 0x0000000088300000| PB 0x0000000088300000| Complete 
| 102|0x0000000088400000, 0x0000000088500000, 0x0000000088500000|100%| E|CS|TAMS 0x0000000088400000| PB 0x0000000088400000| Complete 
| 103|0x0000000088500000, 0x0000000088600000, 0x0000000088600000|100%| E|CS|TAMS 0x0000000088500000| PB 0x0000000088500000| Complete 
| 104|0x0000000088600000, 0x0000000088700000, 0x0000000088700000|100%| E|CS|TAMS 0x0000000088600000| PB 0x0000000088600000| Complete 
| 105|0x0000000088700000, 0x0000000088800000, 0x0000000088800000|100%| E|CS|TAMS 0x0000000088700000| PB 0x0000000088700000| Complete 
| 106|0x0000000088800000, 0x0000000088900000, 0x0000000088900000|100%| E|CS|TAMS 0x0000000088800000| PB 0x0000000088800000| Complete 
| 107|0x0000000088900000, 0x0000000088a00000, 0x0000000088a00000|100%| E|CS|TAMS 0x0000000088900000| PB 0x0000000088900000| Complete 
| 108|0x0000000088a00000, 0x0000000088b00000, 0x0000000088b00000|100%| E|CS|TAMS 0x0000000088a00000| PB 0x0000000088a00000| Complete 
| 109|0x0000000088b00000, 0x0000000088c00000, 0x0000000088c00000|100%| E|CS|TAMS 0x0000000088b00000| PB 0x0000000088b00000| Complete 
| 110|0x0000000088c00000, 0x0000000088d00000, 0x0000000088d00000|100%| E|CS|TAMS 0x0000000088c00000| PB 0x0000000088c00000| Complete 
| 111|0x0000000088d00000, 0x0000000088e00000, 0x0000000088e00000|100%| E|CS|TAMS 0x0000000088d00000| PB 0x0000000088d00000| Complete 
| 112|0x0000000088e00000, 0x0000000088f00000, 0x0000000088f00000|100%| E|CS|TAMS 0x0000000088e00000| PB 0x0000000088e00000| Complete 
| 113|0x0000000088f00000, 0x0000000089000000, 0x0000000089000000|100%| E|CS|TAMS 0x0000000088f00000| PB 0x0000000088f00000| Complete 
| 114|0x0000000089000000, 0x0000000089100000, 0x0000000089100000|100%| E|CS|TAMS 0x0000000089000000| PB 0x0000000089000000| Complete 
| 115|0x0000000089100000, 0x0000000089200000, 0x0000000089200000|100%| E|CS|TAMS 0x0000000089100000| PB 0x0000000089100000| Complete 
| 116|0x0000000089200000, 0x0000000089300000, 0x0000000089300000|100%| E|CS|TAMS 0x0000000089200000| PB 0x0000000089200000| Complete 
| 117|0x0000000089300000, 0x0000000089400000, 0x0000000089400000|100%| E|CS|TAMS 0x0000000089300000| PB 0x0000000089300000| Complete 
| 118|0x0000000089400000, 0x0000000089500000, 0x0000000089500000|100%| E|CS|TAMS 0x0000000089400000| PB 0x0000000089400000| Complete 
| 119|0x0000000089500000, 0x0000000089600000, 0x0000000089600000|100%| E|CS|TAMS 0x0000000089500000| PB 0x0000000089500000| Complete 
| 120|0x0000000089600000, 0x0000000089700000, 0x0000000089700000|100%| E|CS|TAMS 0x0000000089600000| PB 0x0000000089600000| Complete 
| 121|0x0000000089700000, 0x0000000089800000, 0x0000000089800000|100%| E|CS|TAMS 0x0000000089700000| PB 0x0000000089700000| Complete 
| 122|0x0000000089800000, 0x0000000089900000, 0x0000000089900000|100%| E|CS|TAMS 0x0000000089800000| PB 0x0000000089800000| Complete 
| 123|0x0000000089900000, 0x0000000089a00000, 0x0000000089a00000|100%| E|CS|TAMS 0x0000000089900000| PB 0x0000000089900000| Complete 
| 124|0x0000000089a00000, 0x0000000089b00000, 0x0000000089b00000|100%| E|CS|TAMS 0x0000000089a00000| PB 0x0000000089a00000| Complete 
| 125|0x0000000089b00000, 0x0000000089c00000, 0x0000000089c00000|100%| E|CS|TAMS 0x0000000089b00000| PB 0x0000000089b00000| Complete 
| 126|0x0000000089c00000, 0x0000000089d00000, 0x0000000089d00000|100%| E|CS|TAMS 0x0000000089c00000| PB 0x0000000089c00000| Complete 
| 127|0x0000000089d00000, 0x0000000089e00000, 0x0000000089e00000|100%| E|CS|TAMS 0x0000000089d00000| PB 0x0000000089d00000| Complete 

Card table byte_map: [0x00000151781f0000,0x00000151785f0000] _byte_map_base: 0x0000015177de1000

Marking Bits: (CMBitMap*) 0x0000015177d76d30
 Bits: [0x00000151785f0000, 0x000001517a578000)

Polling page: 0x0000015175e70000

Metaspace:

Usage:
  Non-class:     13.92 MB used.
      Class:      1.82 MB used.
       Both:     15.75 MB used.

Virtual space:
  Non-class space:       64.00 MB reserved,      14.06 MB ( 22%) committed,  1 nodes.
      Class space:        1.00 GB reserved,       1.94 MB ( <1%) committed,  1 nodes.
             Both:        1.06 GB reserved,      16.00 MB (  1%) committed. 

Chunk freelists:
   Non-Class:  1.57 MB
       Class:  13.91 MB
        Both:  15.48 MB

MaxMetaspaceSize: unlimited
CompressedClassSpaceSize: 1.00 GB
Initial GC threshold: 21.00 MB
Current GC threshold: 21.00 MB
CDS: on
 - commit_granule_bytes: 65536.
 - commit_granule_words: 8192.
 - virtual_space_node_default_size: 8388608.
 - enlarge_chunks_in_place: 1.
 - use_allocation_guard: 0.


Internal statistics:

num_allocs_failed_limit: 0.
num_arena_births: 152.
num_arena_deaths: 0.
num_vsnodes_births: 2.
num_vsnodes_deaths: 0.
num_space_committed: 256.
num_space_uncommitted: 0.
num_chunks_returned_to_freelist: 0.
num_chunks_taken_from_freelist: 703.
num_chunk_merges: 0.
num_chunk_splits: 481.
num_chunks_enlarged: 390.
num_inconsistent_stats: 0.

CodeHeap 'non-profiled nmethods': size=120000Kb used=1982Kb max_used=1982Kb free=118017Kb
 bounds [0x000001510fe70000, 0x00000151100e0000, 0x00000151173a0000]
CodeHeap 'profiled nmethods': size=120000Kb used=8606Kb max_used=8606Kb free=111393Kb
 bounds [0x00000151083a0000, 0x0000015108c10000, 0x000001510f8d0000]
CodeHeap 'non-nmethods': size=5760Kb used=1396Kb max_used=1452Kb free=4363Kb
 bounds [0x000001510f8d0000, 0x000001510fb40000, 0x000001510fe70000]
 total_blobs=4668 nmethods=4179 adapters=393
 compilation: enabled
              stopped_count=0, restarted_count=0
 full_count=0

Compilation events (20 events):
Event: 6.949 Thread 0x000001517ca6a830 4107   !   3       sun.nio.ch.IOUtil::read (133 bytes)
Event: 6.950 Thread 0x000001517ca6a830 nmethod 4107 0x0000015108bd0410 code [0x0000015108bd0680, 0x0000015108bd0fd0]
Event: 6.950 Thread 0x000001517ca6a830 4108       3       sun.nio.ch.Util::getTemporaryDirectBuffer (55 bytes)
Event: 6.951 Thread 0x000001517ca6a830 nmethod 4108 0x0000015108bd1390 code [0x0000015108bd1620, 0x0000015108bd21c0]
Event: 6.951 Thread 0x000001517ca6a830 4109       3       sun.nio.ch.Util$BufferCache::get (164 bytes)
Event: 6.951 Thread 0x000001517ca6a830 nmethod 4109 0x0000015108bd2510 code [0x0000015108bd2740, 0x0000015108bd3140]
Event: 6.951 Thread 0x000001517ca6a830 4110       3       java.lang.Runtime::getRuntime (4 bytes)
Event: 6.952 Thread 0x000001517ca6a830 nmethod 4110 0x0000015108bd3490 code [0x0000015108bd3620, 0x0000015108bd3718]
Event: 6.952 Thread 0x000001517ca6a830 4113       3       java.util.LinkedHashMap::sequencedKeySet (31 bytes)
Event: 6.952 Thread 0x000001517ca6a830 nmethod 4113 0x0000015108bd3790 code [0x0000015108bd3960, 0x0000015108bd3e68]
Event: 6.952 Thread 0x000001517ca6a830 4112       1       org.eclipse.aether.resolution.ArtifactDescriptorResult::getRepositories (5 bytes)
Event: 6.952 Thread 0x000001517ca6a830 nmethod 4112 0x0000015110046410 code [0x00000151100465a0, 0x0000015110046668]
Event: 6.952 Thread 0x000001517ca4e850 nmethod 4103 0x0000015110046710 code [0x0000015110046900, 0x0000015110047158]
Event: 6.952 Thread 0x000001517ca4e850 4111       4       java.util.concurrent.ConcurrentHashMap::putAll (63 bytes)
Event: 6.954 Thread 0x000001517ca6a830 4114       3       java.nio.Buffer$2::acquireSession (14 bytes)
Event: 6.955 Thread 0x000001517ca6a830 nmethod 4114 0x0000015108bd4010 code [0x0000015108bd41e0, 0x0000015108bd4600]
Event: 6.955 Thread 0x000001517ca6a830 4115   !   3       java.nio.Buffer$2::releaseSession (28 bytes)
Event: 6.955 Thread 0x000001517ca6a830 nmethod 4115 0x0000015108bd4790 code [0x0000015108bd4980, 0x0000015108bd4e88]
Event: 6.959 Thread 0x000001517ca6a830 4116       1       org.eclipse.aether.internal.impl.collect.DataPool$GraphKey::hashCode (5 bytes)
Event: 6.959 Thread 0x000001517ca6a830 nmethod 4116 0x0000015110047410 code [0x00000151100475a0, 0x0000015110047668]

GC Heap History (6 events):
Event: 1.055 GC heap before
{Heap before GC invocations=0 (full 0):
 garbage-first heap   total 131072K, used 13312K [0x0000000081e00000, 0x0000000100000000)
  region size 1024K, 13 young (13312K), 0 survivors (0K)
 Metaspace       used 3524K, committed 3712K, reserved 1114112K
  class space    used 360K, committed 448K, reserved 1048576K
}
Event: 1.062 GC heap after
{Heap after GC invocations=1 (full 0):
 garbage-first heap   total 131072K, used 3280K [0x0000000081e00000, 0x0000000100000000)
  region size 1024K, 2 young (2048K), 2 survivors (2048K)
 Metaspace       used 3524K, committed 3712K, reserved 1114112K
  class space    used 360K, committed 448K, reserved 1048576K
}
Event: 1.843 GC heap before
{Heap before GC invocations=1 (full 0):
 garbage-first heap   total 131072K, used 19664K [0x0000000081e00000, 0x0000000100000000)
  region size 1024K, 18 young (18432K), 2 survivors (2048K)
 Metaspace       used 6064K, committed 6272K, reserved 1114112K
  class space    used 708K, committed 832K, reserved 1048576K
}
Event: 1.849 GC heap after
{Heap after GC invocations=2 (full 0):
 garbage-first heap   total 131072K, used 4210K [0x0000000081e00000, 0x0000000100000000)
  region size 1024K, 1 young (1024K), 1 survivors (1024K)
 Metaspace       used 6064K, committed 6272K, reserved 1114112K
  class space    used 708K, committed 832K, reserved 1048576K
}
Event: 5.896 GC heap before
{Heap before GC invocations=2 (full 0):
 garbage-first heap   total 131072K, used 79986K [0x0000000081e00000, 0x0000000100000000)
  region size 1024K, 76 young (77824K), 1 survivors (1024K)
 Metaspace       used 15585K, committed 15872K, reserved 1114112K
  class space    used 1841K, committed 1984K, reserved 1048576K
}
Event: 5.915 GC heap after
{Heap after GC invocations=3 (full 0):
 garbage-first heap   total 131072K, used 12048K [0x0000000081e00000, 0x0000000100000000)
  region size 1024K, 9 young (9216K), 9 survivors (9216K)
 Metaspace       used 15585K, committed 15872K, reserved 1114112K
  class space    used 1841K, committed 1984K, reserved 1048576K
}

Dll operation events (8 events):
Event: 0.029 Loaded shared library C:\Program Files\Java\jdk-21\bin\java.dll
Event: 0.081 Loaded shared library C:\Program Files\Java\jdk-21\bin\jsvml.dll
Event: 0.129 Loaded shared library C:\Program Files\Java\jdk-21\bin\net.dll
Event: 0.132 Loaded shared library C:\Program Files\Java\jdk-21\bin\nio.dll
Event: 0.138 Loaded shared library C:\Program Files\Java\jdk-21\bin\zip.dll
Event: 0.536 Loaded shared library C:\Users\hp\.m2\wrapper\dists\apache-maven-3.9.12\59fe215c0ad6947fea90184bf7add084544567b927287592651fda3782e0e798\lib\jansi-native\Windows\x86_64\jansi.dll
Event: 0.540 Loaded shared library C:\Program Files\Java\jdk-21\bin\jimage.dll
Event: 0.584 Loaded shared library C:\Program Files\Java\jdk-21\bin\verify.dll

Deoptimization events (20 events):
Event: 6.526 Thread 0x0000015175b43bf0 DEOPT PACKING pc=0x000001511002ce5c sp=0x0000000aae6fc4f0
Event: 6.526 Thread 0x0000015175b43bf0 DEOPT UNPACKING pc=0x000001510f9246a2 sp=0x0000000aae6fc480 mode 2
Event: 6.526 Thread 0x0000015175b43bf0 Uncommon trap: trap_request=0xffffffbe fr.pc=0x000001511002ce5c relative=0x000000000000031c
Event: 6.526 Thread 0x0000015175b43bf0 Uncommon trap: reason=profile_predicate action=maybe_recompile pc=0x000001511002ce5c method=java.util.regex.Pattern$Slice.match(Ljava/util/regex/Matcher;ILjava/lang/CharSequence;)Z @ 18 c2
Event: 6.526 Thread 0x0000015175b43bf0 DEOPT PACKING pc=0x000001511002ce5c sp=0x0000000aae6fc4f0
Event: 6.527 Thread 0x0000015175b43bf0 DEOPT UNPACKING pc=0x000001510f9246a2 sp=0x0000000aae6fc480 mode 2
Event: 6.527 Thread 0x0000015175b43bf0 Uncommon trap: trap_request=0xffffffbe fr.pc=0x000001511002ce5c relative=0x000000000000031c
Event: 6.527 Thread 0x0000015175b43bf0 Uncommon trap: reason=profile_predicate action=maybe_recompile pc=0x000001511002ce5c method=java.util.regex.Pattern$Slice.match(Ljava/util/regex/Matcher;ILjava/lang/CharSequence;)Z @ 18 c2
Event: 6.527 Thread 0x0000015175b43bf0 DEOPT PACKING pc=0x000001511002ce5c sp=0x0000000aae6fc4f0
Event: 6.527 Thread 0x0000015175b43bf0 DEOPT UNPACKING pc=0x000001510f9246a2 sp=0x0000000aae6fc480 mode 2
Event: 6.685 Thread 0x0000015175b43bf0 DEOPT PACKING pc=0x0000015108b4cd9d sp=0x0000000aae6fc830
Event: 6.685 Thread 0x0000015175b43bf0 DEOPT UNPACKING pc=0x000001510f924e42 sp=0x0000000aae6fbcd0 mode 0
Event: 6.759 Thread 0x0000015175b43bf0 Uncommon trap: trap_request=0xffffff45 fr.pc=0x0000015110014084 relative=0x00000000000003a4
Event: 6.759 Thread 0x0000015175b43bf0 Uncommon trap: reason=unstable_if action=reinterpret pc=0x0000015110014084 method=org.apache.maven.model.ConfigurationContainer.getLocation(Ljava/lang/Object;)Lorg/apache/maven/model/InputLocation; @ 18 c2
Event: 6.759 Thread 0x0000015175b43bf0 DEOPT PACKING pc=0x0000015110014084 sp=0x0000000aae6fc3c0
Event: 6.759 Thread 0x0000015175b43bf0 DEOPT UNPACKING pc=0x000001510f9246a2 sp=0x0000000aae6fc350 mode 2
Event: 6.848 Thread 0x0000015175b43bf0 Uncommon trap: trap_request=0xffffff45 fr.pc=0x000001511000c1bc relative=0x0000000000002a9c
Event: 6.848 Thread 0x0000015175b43bf0 Uncommon trap: reason=unstable_if action=reinterpret pc=0x000001511000c1bc method=org.codehaus.plexus.util.xml.pull.MXParser.parseAttribute()C @ 786 c2
Event: 6.848 Thread 0x0000015175b43bf0 DEOPT PACKING pc=0x000001511000c1bc sp=0x0000000aae6fbf00
Event: 6.848 Thread 0x0000015175b43bf0 DEOPT UNPACKING pc=0x000001510f9246a2 sp=0x0000000aae6fbe88 mode 2

Classes loaded (20 events):
Event: 4.605 Loading class sun/util/resources/Bundles$2
Event: 4.605 Loading class sun/util/resources/Bundles$2 done
Event: 4.649 Loading class java/util/StringTokenizer
Event: 4.649 Loading class java/util/StringTokenizer done
Event: 4.662 Loading class sun/invoke/util/ValueConversions$1
Event: 4.662 Loading class sun/invoke/util/ValueConversions$1 done
Event: 4.663 Loading class java/lang/invoke/BoundMethodHandle$Species_LI
Event: 4.663 Loading class java/lang/invoke/BoundMethodHandle$Species_LI done
Event: 4.811 Loading class java/util/stream/Streams$RangeIntSpliterator
Event: 4.811 Loading class java/util/stream/Streams$RangeIntSpliterator done
Event: 5.646 Loading class java/util/stream/MatchOps$MatchKind
Event: 5.646 Loading class java/util/stream/MatchOps$MatchKind done
Event: 5.646 Loading class java/util/stream/MatchOps
Event: 5.646 Loading class java/util/stream/MatchOps done
Event: 5.647 Loading class java/util/stream/MatchOps$MatchOp
Event: 5.647 Loading class java/util/stream/MatchOps$MatchOp done
Event: 5.647 Loading class java/util/stream/MatchOps$BooleanTerminalSink
Event: 5.647 Loading class java/util/stream/MatchOps$BooleanTerminalSink done
Event: 5.648 Loading class java/util/stream/MatchOps$1MatchSink
Event: 5.648 Loading class java/util/stream/MatchOps$1MatchSink done

Classes unloaded (0 events):
No events

Classes redefined (0 events):
No events

Internal exceptions (20 events):
Event: 3.349 Thread 0x0000015175b43bf0 Implicit null exception at 0x000001510ff10e5a to 0x000001510ff11034
Event: 3.352 Thread 0x0000015175b43bf0 Exception <a 'java/lang/NoSuchMethodError'{0x0000000087e0aa88}: 'java.lang.Object java.lang.invoke.Invokers$Holder.invokeExact_MT(java.lang.Object, int, java.lang.Object)'> (0x0000000087e0aa88) 
thrown [s\open\src\hotspot\share\interpreter\linkResolver.cpp, line 773]
Event: 3.876 Thread 0x0000015175b43bf0 Exception <a 'java/lang/NoSuchMethodError'{0x000000008764d8a0}: 'void java.lang.invoke.Invokers$Holder.invokeExact_MT(java.lang.Object, java.lang.Object, java.lang.Object, java.lang.Object)'> (0x000000008764d8a0) 
thrown [s\open\src\hotspot\share\interpreter\linkResolver.cpp, line 773]
Event: 3.927 Thread 0x0000015175b43bf0 Exception <a 'java/lang/NoClassDefFoundError'{0x00000000876e1a20}: com/google/inject/servlet/ServletModuleTargetVisitor> (0x00000000876e1a20) 
thrown [s\open\src\hotspot\share\classfile\systemDictionary.cpp, line 301]
Event: 4.217 Thread 0x0000015175b43bf0 Exception <a 'java/lang/NoSuchMethodError'{0x0000000087347920}: 'java.lang.Object java.lang.invoke.DirectMethodHandle$Holder.invokeStaticInit(java.lang.Object, int, int, int, int)'> (0x0000000087347920) 
thrown [s\open\src\hotspot\share\interpreter\linkResolver.cpp, line 773]
Event: 4.417 Thread 0x0000015175b43bf0 Implicit null exception at 0x000001510fea1224 to 0x000001510fea188c
Event: 4.418 Thread 0x0000015175b43bf0 Implicit null exception at 0x000001510fe98f20 to 0x000001510fe9957c
Event: 4.500 Thread 0x0000015175b43bf0 Exception <a 'java/lang/NoSuchMethodError'{0x0000000086e04328}: 'void java.lang.invoke.DirectMethodHandle$Holder.invokeSpecial(java.lang.Object, java.lang.Object, java.lang.Object, java.lang.Object, java.lang.Object)'> (0x0000000086e04328) 
thrown [s\open\src\hotspot\share\interpreter\linkResolver.cpp, line 773]
Event: 4.513 Thread 0x0000015175b43bf0 Exception <a 'java/lang/NoSuchMethodError'{0x0000000086e1e6a0}: 'void java.lang.invoke.DirectMethodHandle$Holder.invokeSpecial(java.lang.Object, java.lang.Object, java.lang.Object, java.lang.Object, java.lang.Object, java.lang.Object)'> (0x0000000086e1e6a0) 
thrown [s\open\src\hotspot\share\interpreter\linkResolver.cpp, line 773]
Event: 4.572 Thread 0x0000015175b43bf0 Exception <a 'java/lang/NoSuchMethodError'{0x0000000086d156b8}: 'java.lang.Object java.lang.invoke.DirectMethodHandle$Holder.invokeVirtual(java.lang.Object, java.lang.Object, java.lang.Object)'> (0x0000000086d156b8) 
thrown [s\open\src\hotspot\share\interpreter\linkResolver.cpp, line 773]
Event: 4.662 Thread 0x0000015175b43bf0 Exception <a 'java/lang/NoSuchMethodError'{0x0000000086cfce58}: 'void java.lang.invoke.DirectMethodHandle$Holder.invokeVirtual(java.lang.Object, java.lang.Object, int)'> (0x0000000086cfce58) 
thrown [s\open\src\hotspot\share\interpreter\linkResolver.cpp, line 773]
Event: 4.662 Thread 0x0000015175b43bf0 Exception <a 'java/lang/NoSuchMethodError'{0x0000000086b01450}: 'int java.lang.invoke.DirectMethodHandle$Holder.invokeSpecial(java.lang.Object, java.lang.Object, java.lang.Object, int)'> (0x0000000086b01450) 
thrown [s\open\src\hotspot\share\interpreter\linkResolver.cpp, line 773]
Event: 4.665 Thread 0x0000015175b43bf0 Exception <a 'java/lang/NoSuchMethodError'{0x0000000086b13af8}: 'java.lang.Object java.lang.invoke.DirectMethodHandle$Holder.invokeStatic(java.lang.Object, java.lang.Object, java.lang.Object, java.lang.Object, int)'> (0x0000000086b13af8) 
thrown [s\open\src\hotspot\share\interpreter\linkResolver.cpp, line 773]
Event: 4.666 Thread 0x0000015175b43bf0 Exception <a 'java/lang/NoSuchMethodError'{0x0000000086b1b8d8}: 'void java.lang.invoke.DirectMethodHandle$Holder.invokeSpecial(java.lang.Object, java.lang.Object, java.lang.Object, int)'> (0x0000000086b1b8d8) 
thrown [s\open\src\hotspot\share\interpreter\linkResolver.cpp, line 773]
Event: 4.667 Thread 0x0000015175b43bf0 Exception <a 'java/lang/NoSuchMethodError'{0x0000000086b1ef98}: 'void java.lang.invoke.DelegatingMethodHandle$Holder.reinvoke_L(java.lang.Object, java.lang.Object, int)'> (0x0000000086b1ef98) 
thrown [s\open\src\hotspot\share\interpreter\linkResolver.cpp, line 773]
Event: 5.882 Thread 0x0000015175b43bf0 Implicit null exception at 0x000001510ffa5014 to 0x000001510ffa69fc
Event: 5.882 Thread 0x0000015175b43bf0 Implicit null exception at 0x000001510ff2c298 to 0x000001510ff2c484
Event: 5.883 Thread 0x0000015175b43bf0 Implicit null exception at 0x000001510ff7ec09 to 0x000001510ff7f4a4
Event: 5.885 Thread 0x0000015175b43bf0 Exception <a 'java/lang/NoSuchMethodError'{0x00000000852a3bc0}: 'void java.lang.invoke.DirectMethodHandle$Holder.invokeStatic(java.lang.Object, java.lang.Object, java.lang.Object, java.lang.Object)'> (0x00000000852a3bc0) 
thrown [s\open\src\hotspot\share\interpreter\linkResolver.cpp, line 773]
Event: 5.922 Thread 0x0000015175b43bf0 Exception <a 'java/lang/NoSuchMethodError'{0x0000000089d17298}: 'int java.lang.invoke.DirectMethodHandle$Holder.invokeSpecialIFC(java.lang.Object, java.lang.Object, java.lang.Object, java.lang.Object)'> (0x0000000089d17298) 
thrown [s\open\src\hotspot\share\interpreter\linkResolver.cpp, line 773]

ZGC Phase Switch (0 events):
No events

VM Operations (20 events):
Event: 3.860 Executing VM operation: HandshakeAllThreads (Deoptimize)
Event: 3.860 Executing VM operation: HandshakeAllThreads (Deoptimize) done
Event: 4.125 Executing VM operation: HandshakeAllThreads (Deoptimize)
Event: 4.125 Executing VM operation: HandshakeAllThreads (Deoptimize) done
Event: 4.176 Executing VM operation: HandshakeAllThreads (Deoptimize)
Event: 4.176 Executing VM operation: HandshakeAllThreads (Deoptimize) done
Event: 4.240 Executing VM operation: HandshakeAllThreads (Deoptimize)
Event: 4.240 Executing VM operation: HandshakeAllThreads (Deoptimize) done
Event: 4.334 Executing VM operation: HandshakeAllThreads (Deoptimize)
Event: 4.334 Executing VM operation: HandshakeAllThreads (Deoptimize) done
Event: 4.336 Executing VM operation: HandshakeAllThreads (Deoptimize)
Event: 4.336 Executing VM operation: HandshakeAllThreads (Deoptimize) done
Event: 4.593 Executing VM operation: ICBufferFull
Event: 4.593 Executing VM operation: ICBufferFull done
Event: 5.156 Executing VM operation: ICBufferFull
Event: 5.156 Executing VM operation: ICBufferFull done
Event: 5.896 Executing VM operation: G1CollectForAllocation (G1 Evacuation Pause)
Event: 5.916 Executing VM operation: G1CollectForAllocation (G1 Evacuation Pause) done
Event: 6.437 Executing VM operation: ICBufferFull
Event: 6.437 Executing VM operation: ICBufferFull done

Events (17 events):
Event: 0.054 Thread 0x0000015175b43bf0 Thread added: 0x0000015175b43bf0
Event: 0.078 Thread 0x000001517ca44030 Thread added: 0x000001517ca44030
Event: 0.078 Thread 0x000001517ca44c90 Thread added: 0x000001517ca44c90
Event: 0.079 Thread 0x000001517ca458f0 Thread added: 0x000001517ca458f0
Event: 0.079 Thread 0x000001517ca48360 Thread added: 0x000001517ca48360
Event: 0.079 Thread 0x000001517ca48dc0 Thread added: 0x000001517ca48dc0
Event: 0.079 Thread 0x000001517ca49aa0 Thread added: 0x000001517ca49aa0
Event: 0.079 Thread 0x000001517ca4e850 Thread added: 0x000001517ca4e850
Event: 0.079 Thread 0x000001517ca6a830 Thread added: 0x000001517ca6a830
Event: 0.118 Thread 0x00000151175cd3c0 Thread added: 0x00000151175cd3c0
Event: 0.122 Thread 0x00000151175d3880 Thread added: 0x00000151175d3880
Event: 0.505 Thread 0x00000151176436e0 Thread added: 0x00000151176436e0
Event: 0.604 Thread 0x00000151176436e0 Thread exited: 0x00000151176436e0
Event: 1.455 Thread 0x000001515d819690 Thread added: 0x000001515d819690
Event: 2.721 Thread 0x000001515d819690 Thread exited: 0x000001515d819690
Event: 4.116 Thread 0x000001515db4d2f0 Thread added: 0x000001515db4d2f0
Event: 4.279 Thread 0x000001515dc05290 Thread added: 0x000001515dc05290


Dynamic libraries:
0x00007ff714400000 - 0x00007ff714410000 	C:\Program Files\Java\jdk-21\bin\java.exe
0x00007ffb0b130000 - 0x00007ffb0b328000 	C:\Windows\SYSTEM32\ntdll.dll
0x00007ffb09200000 - 0x00007ffb092c2000 	C:\Windows\System32\KERNEL32.DLL
0x00007ffb08970000 - 0x00007ffb08c66000 	C:\Windows\System32\KERNELBASE.dll
0x00007ffb08d40000 - 0x00007ffb08e40000 	C:\Windows\System32\ucrtbase.dll
0x00007ffb00e40000 - 0x00007ffb00e59000 	C:\Program Files\Java\jdk-21\bin\jli.dll
0x00007ffb09fb0000 - 0x00007ffb0a061000 	C:\Windows\System32\ADVAPI32.dll
0x00007ffb09860000 - 0x00007ffb098fe000 	C:\Windows\System32\msvcrt.dll
0x00007ffb0a710000 - 0x00007ffb0a7af000 	C:\Windows\System32\sechost.dll
0x00007ffb09d90000 - 0x00007ffb09eb0000 	C:\Windows\System32\RPCRT4.dll
0x00007ffb09040000 - 0x00007ffb09067000 	C:\Windows\System32\bcrypt.dll
0x00007ffb096b0000 - 0x00007ffb09851000 	C:\Windows\System32\USER32.dll
0x00007ffb09070000 - 0x00007ffb09092000 	C:\Windows\System32\win32u.dll
0x00007ffb0af80000 - 0x00007ffb0afab000 	C:\Windows\System32\GDI32.dll
0x00007ffb087c0000 - 0x00007ffb088d9000 	C:\Windows\System32\gdi32full.dll
0x00007ffb08e40000 - 0x00007ffb08edd000 	C:\Windows\System32\msvcp_win.dll
0x00007ffb07aa0000 - 0x00007ffb07d3b000 	C:\Windows\WinSxS\amd64_microsoft.windows.common-controls_6595b64144ccf1df_6.0.19041.6456_none_60b8a6cb71f64256\COMCTL32.dll
0x00007ffb00e20000 - 0x00007ffb00e3b000 	C:\Program Files\Java\jdk-21\bin\VCRUNTIME140.dll
0x00007ffaf7780000 - 0x00007ffaf778a000 	C:\Windows\SYSTEM32\VERSION.dll
0x00007ffb0a5c0000 - 0x00007ffb0a5ef000 	C:\Windows\System32\IMM32.DLL
0x00007ffaf1960000 - 0x00007ffaf196c000 	C:\Program Files\Java\jdk-21\bin\vcruntime140_1.dll
0x00007ffae8d30000 - 0x00007ffae8dbe000 	C:\Program Files\Java\jdk-21\bin\msvcp140.dll
0x00007ffabba90000 - 0x00007ffabc7a7000 	C:\Program Files\Java\jdk-21\bin\server\jvm.dll
0x00007ffb0afc0000 - 0x00007ffb0b02b000 	C:\Windows\System32\WS2_32.dll
0x00007ffaf8ea0000 - 0x00007ffaf8ec7000 	C:\Windows\SYSTEM32\WINMM.dll
0x00007ffb08310000 - 0x00007ffb0835b000 	C:\Windows\SYSTEM32\POWRPROF.dll
0x00007ffb07e30000 - 0x00007ffb07e42000 	C:\Windows\SYSTEM32\UMPDC.dll
0x00007ffb05f50000 - 0x00007ffb05f62000 	C:\Windows\SYSTEM32\kernel.appcore.dll
0x00007ffaef090000 - 0x00007ffaef09a000 	C:\Program Files\Java\jdk-21\bin\jimage.dll
0x00007ffb08100000 - 0x00007ffb08301000 	C:\Windows\SYSTEM32\DBGHELP.DLL
0x00007ffb08010000 - 0x00007ffb08044000 	C:\Windows\SYSTEM32\dbgcore.DLL
0x00007ffb088e0000 - 0x00007ffb08962000 	C:\Windows\System32\bcryptPrimitives.dll
0x00007ffaef070000 - 0x00007ffaef08f000 	C:\Program Files\Java\jdk-21\bin\java.dll
0x00007ffb0a7b0000 - 0x00007ffb0af20000 	C:\Windows\System32\SHELL32.dll
0x00007ffb06150000 - 0x00007ffb068f5000 	C:\Windows\SYSTEM32\windows.storage.dll
0x00007ffb09a30000 - 0x00007ffb09d84000 	C:\Windows\System32\combase.dll
0x00007ffb07a00000 - 0x00007ffb07a2b000 	C:\Windows\SYSTEM32\Wldp.dll
0x00007ffb095c0000 - 0x00007ffb0968d000 	C:\Windows\System32\OLEAUT32.dll
0x00007ffb09480000 - 0x00007ffb0952d000 	C:\Windows\System32\SHCORE.dll
0x00007ffb0b090000 - 0x00007ffb0b0eb000 	C:\Windows\System32\shlwapi.dll
0x00007ffb086f0000 - 0x00007ffb08714000 	C:\Windows\SYSTEM32\profapi.dll
0x00007ffae8b10000 - 0x00007ffae8be7000 	C:\Program Files\Java\jdk-21\bin\jsvml.dll
0x00007ffaef060000 - 0x00007ffaef070000 	C:\Program Files\Java\jdk-21\bin\net.dll
0x00007ffaffa40000 - 0x00007ffaffb4a000 	C:\Windows\SYSTEM32\WINHTTP.dll
0x00007ffb077c0000 - 0x00007ffb0782a000 	C:\Windows\system32\mswsock.dll
0x00007ffae8e70000 - 0x00007ffae8e86000 	C:\Program Files\Java\jdk-21\bin\nio.dll
0x00007ffae8e50000 - 0x00007ffae8e68000 	C:\Program Files\Java\jdk-21\bin\zip.dll
0x00007ffae8ae0000 - 0x00007ffae8b04000 	C:\Users\hp\.m2\wrapper\dists\apache-maven-3.9.12\59fe215c0ad6947fea90184bf7add084544567b927287592651fda3782e0e798\lib\jansi-native\Windows\x86_64\jansi.dll
0x00007ffaef050000 - 0x00007ffaef060000 	C:\Program Files\Java\jdk-21\bin\verify.dll

dbghelp: loaded successfully - version: 4.0.5 - missing functions: none
symbol engine: initialized successfully - sym options: 0x614 - pdb path: .;C:\Program Files\Java\jdk-21\bin;C:\Windows\SYSTEM32;C:\Windows\WinSxS\amd64_microsoft.windows.common-controls_6595b64144ccf1df_6.0.19041.6456_none_60b8a6cb71f64256;C:\Program Files\Java\jdk-21\bin\server;C:\Users\hp\.m2\wrapper\dists\apache-maven-3.9.12\59fe215c0ad6947fea90184bf7add084544567b927287592651fda3782e0e798\lib\jansi-native\Windows\x86_64

VM Arguments:
jvm_args: --enable-native-access=ALL-UNNAMED -Dclassworlds.conf=C:\Users\hp\.m2\wrapper\dists\apache-maven-3.9.12\59fe215c0ad6947fea90184bf7add084544567b927287592651fda3782e0e798\bin\m2.conf -Dmaven.home=C:\Users\hp\.m2\wrapper\dists\apache-maven-3.9.12\59fe215c0ad6947fea90184bf7add084544567b927287592651fda3782e0e798 -Dlibrary.jansi.path=C:\Users\hp\.m2\wrapper\dists\apache-maven-3.9.12\59fe215c0ad6947fea90184bf7add084544567b927287592651fda3782e0e798\lib\jansi-native -Dmaven.multiModuleProjectDirectory=C:\Users\hp\Desktop\DeepEduGraph\backend\graph-service 
java_command: org.codehaus.plexus.classworlds.launcher.Launcher spring-boot:run
java_class_path (initial): C:\Users\hp\.m2\wrapper\dists\apache-maven-3.9.12\59fe215c0ad6947fea90184bf7add084544567b927287592651fda3782e0e798\boot\plexus-classworlds-2.9.0.jar
Launcher Type: SUN_STANDARD

[Global flags]
     intx CICompilerCount                          = 3                                         {product} {ergonomic}
     uint ConcGCThreads                            = 1                                         {product} {ergonomic}
     uint G1ConcRefinementThreads                  = 4                                         {product} {ergonomic}
   size_t G1HeapRegionSize                         = 1048576                                   {product} {ergonomic}
    uintx GCDrainStackTargetSize                   = 64                                        {product} {ergonomic}
   size_t InitialHeapSize                          = 134217728                                 {product} {ergonomic}
   size_t MarkStackSize                            = 4194304                                   {product} {ergonomic}
   size_t MaxHeapSize                              = 2116026368                                {product} {ergonomic}
   size_t MaxNewSize                               = 1268776960                                {product} {ergonomic}
   size_t MinHeapDeltaBytes                        = 1048576                                   {product} {ergonomic}
   size_t MinHeapSize                              = 8388608                                   {product} {ergonomic}
    uintx NonNMethodCodeHeapSize                   = 5832780                                {pd product} {ergonomic}
    uintx NonProfiledCodeHeapSize                  = 122912730                              {pd product} {ergonomic}
    uintx ProfiledCodeHeapSize                     = 122912730                              {pd product} {ergonomic}
    uintx ReservedCodeCacheSize                    = 251658240                              {pd product} {ergonomic}
     bool SegmentedCodeCache                       = true                                      {product} {ergonomic}
   size_t SoftMaxHeapSize                          = 2116026368                             {manageable} {ergonomic}
     bool UseCompressedOops                        = true                           {product lp64_product} {ergonomic}
     bool UseG1GC                                  = true                                      {product} {ergonomic}
     bool UseLargePagesIndividualAllocation        = false                                  {pd product} {ergonomic}

Logging:
Log output configuration:
 #0: stdout all=warning uptime,level,tags foldmultilines=false
 #1: stderr all=off uptime,level,tags foldmultilines=false

Environment Variables:
JAVA_HOME=C:\Program Files\Java\jdk-21
PATH=C:\Python314\Scripts\;C:\Python311\Scripts\;C:\Python311\;C:\Program Files\Microsoft MPI\Bin\;C:\Python314\;C:\Program Files\Java\jdk-21\bin;C:\Program Files\Java\jdk1.8.0_191\bin;C:\Program Files (x86)\Common Files\Oracle\Java\javapath;C:\Users\hp\AppData\Local\Programs\Python\Python312\Scripts\;C:\Users\hp\AppData\Local\Programs\Python\Python312\;C:\Program Files (x86)\VMware\VMware Player\bin\;C:\Users\hp\AppData\Local\Programs\Python\Python312;C:\Users\hp\AppData\Local\Programs\Python\Python312\Scripts;C:\Program Files\Common Files\Oracle\Java\javapath;C:\Program Files\Microsoft\jdk-11.0.16.101-hotspot\bin;C:\Windows\system32;C:\Windows;C:\Windows\System32\Wbem;C:\Windows\System32\WindowsPowerShell\v1.0\;C:\Windows\System32\OpenSSH\;C:\xampp\php;C:\Program Files\dotnet\;C:\ProgramData\chocolatey\bin;C:\xampp3\php;C:\composer;C:\Users\hp\AppData\Local\Android\Sdk\platform-tools;C:\Program Files\apache-maven-3.9.5\bin;C:\Program Files\MongoDB\Server\7.0\bin;C:\Program Files\MongoDB\Server\7.0\bin;C:\mongosh-2.2.5-win32-x64\mongosh-2.2.5-win32-x64\bin;C:\Program Files\MySQL\MySQL Server 8.0\bin;C:\Program Files (x86)\sqlite3;C:\Program Files\Apache\maven-mvnd-1.0.3-windows-amd64\bin;C:\Program Files\Apache\apache-maven-3.9.11\bin;%JAVA_HOME%\bin;C:\Program Files\Apache\apache-maven-3.9.11\bin;C:\Program Files (x86)\Windows Kits\10\Windows Performance Toolkit\;C:\Program Files\Docker\Docker\resources\bin;C:\Program Files (x86)\Microsoft SQL Server\170\Tools\Binn\;C:\Program Files\Microsoft SQL Server\170\Tools\Binn\;C:\Program Files\Microsoft SQL Server\Client SDK\ODBC\180\Tools\Binn\;C:\Program Files\Microsoft SQL Server\170\DTS\Binn\;C:\Program Files\Microsoft SQL Server\Client SDK\ODBC\170\Tools\Binn\;C:\Program Files\Git\cmd;C:\Program Files\Microsoft SQL Server\130\DTS\Binn\;C:\Program Files\Microsoft SQL Server\140\DTS\Binn\;C:\Program Files\Microsoft SQL Server\150\DTS\Binn\;C:\Program Files\Microsoft SQL Server\160\DTS\Binn\;C:\Program Files\cursor\resources\app\bin;C:\Program Files\nodejs\;C:\Program Files\Java\jdk-21\bin;C:\Program Files\Java\jdk-21\bin;C:\Program Files (x86)\Common Files\Oracle\Java\javapath;C:\Users\hp\AppData\Local\Programs\Python\Python312\Scripts\;C:\Users\hp\AppData\Local\Programs\Python\Python312\;C:\Program Files (x86)\VMware\VMware Player\bin\;C:\Python311\Scripts\;C:\Python311\;C:\Program Files\Common Files\Oracle\Java\javapath;C:\Program Files\Microsoft\jdk-11.0.16.101-hotspot\bin;C:\Windows\system32;C:\Windows;C:\Windows\System32\Wbem;C:\Windows\System32\WindowsPowerShell\v1.0\;C:\Windows\System32\OpenSSH\;C:\xampp\php;C:\Program Files\dotnet\;C:\Program Files\Git\cmd;C:\ProgramData\chocolatey\bin;C:\xampp3\php;C:\composer;C:\Users\hp\AppData\Local\Android\Sdk\platform-tools;C:\Program Files\apache-maven-3.9.5\bin;C:\Program Files\Java\jdk1.8.0_191\bin;C:\Program Files\MongoDB\Server\7.0\bin;C:\Program Files\MongoDB\Server\7.0\bin;C:\mongosh-2.2.5-win32-x64\mongosh-2.2.5-win32-x64\bin;C:\Program Files\MySQL\MySQL Server 8.0\bin;C:\Program Files (x86)\sqlite3;C:\Program Files\Apache\maven-mvnd-1.0.3-windows-amd64\bin;D:\cursor\resources\app\bin;D:\Windsurf\bin;C:\Users\hp\AppData\Roaming\npm
USERNAME=hp
OS=Windows_NT
PROCESSOR_IDENTIFIER=Intel64 Family 6 Model 61 Stepping 4, GenuineIntel
TMP=C:\Users\hp\AppData\Local\Temp
TEMP=C:\Users\hp\AppData\Local\Temp




Periodic native trim disabled

---------------  S Y S T E M  ---------------

OS:
 Windows 10 , 64 bit Build 19041 (10.0.19041.5915)
OS uptime: 0 days 2:35 hours
Hyper-V role detected

CPU: total 4 (initial active 4) (2 cores per cpu, 2 threads per core) family 6 model 61 stepping 4 microcode 0x2d, cx8, cmov, fxsr, ht, mmx, 3dnowpref, sse, sse2, sse3, ssse3, sse4.1, sse4.2, popcnt, lzcnt, tsc, tscinvbit, avx, avx2, aes, erms, clmul, bmi1, bmi2, rtm, adx, fma, vzeroupper, clflush, hv, rdtscp, f16c
Processor Information for all 4 processors :
  Max Mhz: 2601, Current Mhz: 2601, Mhz Limit: 2601

Memory: 4k page, system-wide physical 8067M (907M free)
TotalPageFile size 20355M (AvailPageFile size 5160M)
current process WorkingSet (physical memory assigned to process): 182M, peak: 185M
current process commit charge ("private bytes"): 255M, peak: 259M

vm_info: Java HotSpot(TM) 64-Bit Server VM (21.0.2+13-LTS-58) for windows-amd64 JRE (21.0.2+13-LTS-58), built on 2024-01-05T18:32:24Z by "mach5one" with MS VC++ 17.1 (VS2022)

END.
